2023-01-19 11:35:36.817 +05:30  INF  Application is shutting down...
2023-01-19 11:37:47.485 +05:30  INF  Now listening on: https://localhost:42275
2023-01-19 11:37:47.535 +05:30  INF  Now listening on: http://localhost:46435
2023-01-19 11:37:47.537 +05:30  INF  Application started. Press Ctrl+C to shut down.
2023-01-19 11:37:47.537 +05:30  INF  Hosting environment: Development
2023-01-19 11:37:47.538 +05:30  INF  Content root path: /Users/presidio/Projects/HotelBooking/HotelBooking
2023-01-19 11:40:38.627 +05:30  INF  Application is shutting down...
2023-01-19 12:16:31.992 +05:30  INF  Now listening on: https://localhost:42275
2023-01-19 12:16:32.042 +05:30  INF  Now listening on: http://localhost:46435
2023-01-19 12:16:32.044 +05:30  INF  Application started. Press Ctrl+C to shut down.
2023-01-19 12:16:32.045 +05:30  INF  Hosting environment: Development
2023-01-19 12:16:32.045 +05:30  INF  Content root path: /Users/presidio/Projects/HotelBooking/HotelBooking
2023-01-19 12:16:33.018 +05:30  INF  Request starting HTTP/1.1 GET https://localhost:42275/swagger/index.html - -
2023-01-19 12:16:33.398 +05:30  INF  Request finished HTTP/1.1 GET https://localhost:42275/swagger/index.html - - - 200 - text/html;charset=utf-8 382.8234ms
2023-01-19 12:16:33.475 +05:30  INF  Request starting HTTP/1.1 GET https://localhost:42275/swagger/swagger-ui-standalone-preset.js - -
2023-01-19 12:16:33.476 +05:30  INF  Request starting HTTP/1.1 GET https://localhost:42275/swagger/swagger-ui-bundle.js - -
2023-01-19 12:16:33.505 +05:30  INF  Sending file. Request path: '/swagger-ui-standalone-preset.js'. Physical path: 'N/A'
2023-01-19 12:16:33.506 +05:30  INF  Request finished HTTP/1.1 GET https://localhost:42275/swagger/swagger-ui-standalone-preset.js - - - 200 339486 text/javascript 31.0910ms
2023-01-19 12:16:33.531 +05:30  INF  Sending file. Request path: '/swagger-ui-bundle.js'. Physical path: 'N/A'
2023-01-19 12:16:33.534 +05:30  INF  Request finished HTTP/1.1 GET https://localhost:42275/swagger/swagger-ui-bundle.js - - - 200 1096145 text/javascript 57.8517ms
2023-01-19 12:16:33.836 +05:30  INF  Request starting HTTP/1.1 GET https://localhost:42275/swagger/v1/swagger.json - -
2023-01-19 12:16:34.032 +05:30  INF  Request finished HTTP/1.1 GET https://localhost:42275/swagger/v1/swagger.json - - - 200 - application/json;charset=utf-8 196.2992ms
2023-01-19 12:16:46.473 +05:30  INF  Request starting HTTP/1.1 GET https://localhost:42275/Location/GetLocations - -
2023-01-19 12:16:46.482 +05:30  INF  Executing endpoint 'HotelBooking.Controllers.LocationController.GetLocations (HotelBooking)'
2023-01-19 12:16:46.498 +05:30  INF  Route matched with {action = "GetLocations", controller = "Location"}. Executing controller action with signature Microsoft.AspNetCore.Mvc.IActionResult GetLocations() on controller HotelBooking.Controllers.LocationController (HotelBooking).
2023-01-19 12:16:50.980 +05:30  INF  Executed DbCommand (289ms) [Parameters=[], CommandType='"Text"', CommandTimeout='30']
SELECT [l].[locationId], [l].[location]
FROM [Location] AS [l]
2023-01-19 12:16:51.114 +05:30  INF  Extracted Locations from DB
2023-01-19 12:16:51.119 +05:30  INF  Executing OkObjectResult, writing value of type 'System.Collections.Generic.List`1[[HotelBooking.Models.Location, HotelBooking, Version=1.0.0.0, Culture=neutral, PublicKeyToken=null]]'.
2023-01-19 12:16:51.132 +05:30  INF  Executed action HotelBooking.Controllers.LocationController.GetLocations (HotelBooking) in 4627.4062ms
2023-01-19 12:16:51.133 +05:30  INF  Executed endpoint 'HotelBooking.Controllers.LocationController.GetLocations (HotelBooking)'
2023-01-19 12:16:51.152 +05:30  INF  Request finished HTTP/1.1 GET https://localhost:42275/Location/GetLocations - - - 200 - application/json;+charset=utf-8 4679.4917ms
2023-01-19 12:42:38.459 +05:30  INF  Application is shutting down...
2023-01-19 15:29:13.779 +05:30  INF  Now listening on: https://localhost:42275
2023-01-19 15:29:13.931 +05:30  INF  Now listening on: http://localhost:46435
2023-01-19 15:29:13.933 +05:30  INF  Application started. Press Ctrl+C to shut down.
2023-01-19 15:29:13.933 +05:30  INF  Hosting environment: Development
2023-01-19 15:29:13.933 +05:30  INF  Content root path: /Users/presidio/Projects/HotelBooking/HotelBooking
2023-01-19 15:29:20.149 +05:30  INF  Request starting HTTP/1.1 GET https://localhost:42275/swagger/index.html - -
2023-01-19 15:29:20.378 +05:30  INF  Request finished HTTP/1.1 GET https://localhost:42275/swagger/index.html - - - 200 - text/html;charset=utf-8 231.9439ms
2023-01-19 15:29:21.021 +05:30  INF  Request starting HTTP/1.1 GET https://localhost:42275/swagger/v1/swagger.json - -
2023-01-19 15:29:21.207 +05:30  INF  Request finished HTTP/1.1 GET https://localhost:42275/swagger/v1/swagger.json - - - 200 - application/json;charset=utf-8 185.7145ms
2023-01-19 15:30:20.382 +05:30  INF  Request starting HTTP/1.1 GET https://localhost:42275/Location/GetLocations - -
2023-01-19 15:30:20.457 +05:30  INF  Executing endpoint 'HotelBooking.Controllers.LocationController.GetLocations (HotelBooking)'
2023-01-19 15:30:20.518 +05:30  INF  Route matched with {action = "GetLocations", controller = "Location"}. Executing controller action with signature Microsoft.AspNetCore.Mvc.IActionResult GetLocations() on controller HotelBooking.Controllers.LocationController (HotelBooking).
2023-01-19 15:30:27.917 +05:30  ERR  An error occurred using the connection to database 'hotelreservation' on server 'tcp:dotnet-training-server.database.windows.net,1433'.
2023-01-19 15:30:27.934 +05:30  ERR  An exception occurred while iterating over the results of a query for context type 'HotelBooking.Data.DbInitializer'.
Microsoft.Data.SqlClient.SqlException (0x80131904): Cannot open server 'dotnet-training-server' requested by the login. Client with IP address '103.25.47.242' is not allowed to access the server.  To enable access, use the Windows Azure Management Portal or run sp_set_firewall_rule on the master database to create a firewall rule for this IP address or address range.  It may take up to five minutes for this change to take effect.
   at Microsoft.Data.ProviderBase.DbConnectionPool.CheckPoolBlockingPeriod(Exception e)
   at Microsoft.Data.ProviderBase.DbConnectionPool.CreateObject(DbConnection owningObject, DbConnectionOptions userOptions, DbConnectionInternal oldConnection)
   at Microsoft.Data.ProviderBase.DbConnectionPool.UserCreateRequest(DbConnection owningObject, DbConnectionOptions userOptions, DbConnectionInternal oldConnection)
   at Microsoft.Data.ProviderBase.DbConnectionPool.TryGetConnection(DbConnection owningObject, UInt32 waitForMultipleObjectsTimeout, Boolean allowCreate, Boolean onlyOneCheckConnection, DbConnectionOptions userOptions, DbConnectionInternal& connection)
   at Microsoft.Data.ProviderBase.DbConnectionPool.TryGetConnection(DbConnection owningObject, TaskCompletionSource`1 retry, DbConnectionOptions userOptions, DbConnectionInternal& connection)
   at Microsoft.Data.ProviderBase.DbConnectionFactory.TryGetConnection(DbConnection owningConnection, TaskCompletionSource`1 retry, DbConnectionOptions userOptions, DbConnectionInternal oldConnection, DbConnectionInternal& connection)
   at Microsoft.Data.ProviderBase.DbConnectionInternal.TryOpenConnectionInternal(DbConnection outerConnection, DbConnectionFactory connectionFactory, TaskCompletionSource`1 retry, DbConnectionOptions userOptions)
   at Microsoft.Data.ProviderBase.DbConnectionClosed.TryOpenConnection(DbConnection outerConnection, DbConnectionFactory connectionFactory, TaskCompletionSource`1 retry, DbConnectionOptions userOptions)
   at Microsoft.Data.SqlClient.SqlConnection.TryOpen(TaskCompletionSource`1 retry, SqlConnectionOverrides overrides)
   at Microsoft.Data.SqlClient.SqlConnection.Open(SqlConnectionOverrides overrides)
   at Microsoft.Data.SqlClient.SqlConnection.Open()
   at Microsoft.EntityFrameworkCore.SqlServer.Storage.Internal.SqlServerConnection.OpenDbConnection(Boolean errorsExpected)
   at Microsoft.EntityFrameworkCore.Storage.RelationalConnection.OpenInternal(Boolean errorsExpected)
   at Microsoft.EntityFrameworkCore.Storage.RelationalConnection.Open(Boolean errorsExpected)
   at Microsoft.EntityFrameworkCore.Storage.RelationalCommand.ExecuteReader(RelationalCommandParameterObject parameterObject)
   at Microsoft.EntityFrameworkCore.Query.Internal.SingleQueryingEnumerable`1.Enumerator.InitializeReader(Enumerator enumerator)
   at Microsoft.EntityFrameworkCore.Query.Internal.SingleQueryingEnumerable`1.Enumerator.<>c.<MoveNext>b__21_0(DbContext _, Enumerator enumerator)
   at Microsoft.EntityFrameworkCore.SqlServer.Storage.Internal.SqlServerExecutionStrategy.Execute[TState,TResult](TState state, Func`3 operation, Func`3 verifySucceeded)
   at Microsoft.EntityFrameworkCore.Query.Internal.SingleQueryingEnumerable`1.Enumerator.MoveNext()
ClientConnectionId:57913e18-131d-4694-baeb-84c2b3f4589c
Error Number:40615,State:1,Class:14Microsoft.Data.SqlClient.SqlException (0x80131904): Cannot open server 'dotnet-training-server' requested by the login. Client with IP address '103.25.47.242' is not allowed to access the server.  To enable access, use the Windows Azure Management Portal or run sp_set_firewall_rule on the master database to create a firewall rule for this IP address or address range.  It may take up to five minutes for this change to take effect.
   at Microsoft.Data.ProviderBase.DbConnectionPool.CheckPoolBlockingPeriod(Exception e)
   at Microsoft.Data.ProviderBase.DbConnectionPool.CreateObject(DbConnection owningObject, DbConnectionOptions userOptions, DbConnectionInternal oldConnection)
   at Microsoft.Data.ProviderBase.DbConnectionPool.UserCreateRequest(DbConnection owningObject, DbConnectionOptions userOptions, DbConnectionInternal oldConnection)
   at Microsoft.Data.ProviderBase.DbConnectionPool.TryGetConnection(DbConnection owningObject, UInt32 waitForMultipleObjectsTimeout, Boolean allowCreate, Boolean onlyOneCheckConnection, DbConnectionOptions userOptions, DbConnectionInternal& connection)
   at Microsoft.Data.ProviderBase.DbConnectionPool.TryGetConnection(DbConnection owningObject, TaskCompletionSource`1 retry, DbConnectionOptions userOptions, DbConnectionInternal& connection)
   at Microsoft.Data.ProviderBase.DbConnectionFactory.TryGetConnection(DbConnection owningConnection, TaskCompletionSource`1 retry, DbConnectionOptions userOptions, DbConnectionInternal oldConnection, DbConnectionInternal& connection)
   at Microsoft.Data.ProviderBase.DbConnectionInternal.TryOpenConnectionInternal(DbConnection outerConnection, DbConnectionFactory connectionFactory, TaskCompletionSource`1 retry, DbConnectionOptions userOptions)
   at Microsoft.Data.ProviderBase.DbConnectionClosed.TryOpenConnection(DbConnection outerConnection, DbConnectionFactory connectionFactory, TaskCompletionSource`1 retry, DbConnectionOptions userOptions)
   at Microsoft.Data.SqlClient.SqlConnection.TryOpen(TaskCompletionSource`1 retry, SqlConnectionOverrides overrides)
   at Microsoft.Data.SqlClient.SqlConnection.Open(SqlConnectionOverrides overrides)
   at Microsoft.Data.SqlClient.SqlConnection.Open()
   at Microsoft.EntityFrameworkCore.SqlServer.Storage.Internal.SqlServerConnection.OpenDbConnection(Boolean errorsExpected)
   at Microsoft.EntityFrameworkCore.Storage.RelationalConnection.OpenInternal(Boolean errorsExpected)
   at Microsoft.EntityFrameworkCore.Storage.RelationalConnection.Open(Boolean errorsExpected)
   at Microsoft.EntityFrameworkCore.Storage.RelationalCommand.ExecuteReader(RelationalCommandParameterObject parameterObject)
   at Microsoft.EntityFrameworkCore.Query.Internal.SingleQueryingEnumerable`1.Enumerator.InitializeReader(Enumerator enumerator)
   at Microsoft.EntityFrameworkCore.Query.Internal.SingleQueryingEnumerable`1.Enumerator.<>c.<MoveNext>b__21_0(DbContext _, Enumerator enumerator)
   at Microsoft.EntityFrameworkCore.SqlServer.Storage.Internal.SqlServerExecutionStrategy.Execute[TState,TResult](TState state, Func`3 operation, Func`3 verifySucceeded)
   at Microsoft.EntityFrameworkCore.Query.Internal.SingleQueryingEnumerable`1.Enumerator.MoveNext()
ClientConnectionId:57913e18-131d-4694-baeb-84c2b3f4589c
Error Number:40615,State:1,Class:14

2023-01-19 15:30:28.029 +05:30  ERR  Cannot open server 'dotnet-training-server' requested by the login. Client with IP address '103.25.47.242' is not allowed to access the server.  To enable access, use the Windows Azure Management Portal or run sp_set_firewall_rule on the master database to create a firewall rule for this IP address or address range.  It may take up to five minutes for this change to take effect.
2023-01-19 15:30:28.038 +05:30  INF  Executed action HotelBooking.Controllers.LocationController.GetLocations (HotelBooking) in 7512.4875ms
2023-01-19 15:30:28.041 +05:30  INF  Executed endpoint 'HotelBooking.Controllers.LocationController.GetLocations (HotelBooking)'
2023-01-19 15:30:28.044 +05:30  ERR  An unhandled exception has occurred while executing the request.Microsoft.Data.SqlClient.SqlException (0x80131904): Cannot open server 'dotnet-training-server' requested by the login. Client with IP address '103.25.47.242' is not allowed to access the server.  To enable access, use the Windows Azure Management Portal or run sp_set_firewall_rule on the master database to create a firewall rule for this IP address or address range.  It may take up to five minutes for this change to take effect.
   at Microsoft.Data.ProviderBase.DbConnectionPool.CheckPoolBlockingPeriod(Exception e)
   at Microsoft.Data.ProviderBase.DbConnectionPool.CreateObject(DbConnection owningObject, DbConnectionOptions userOptions, DbConnectionInternal oldConnection)
   at Microsoft.Data.ProviderBase.DbConnectionPool.UserCreateRequest(DbConnection owningObject, DbConnectionOptions userOptions, DbConnectionInternal oldConnection)
   at Microsoft.Data.ProviderBase.DbConnectionPool.TryGetConnection(DbConnection owningObject, UInt32 waitForMultipleObjectsTimeout, Boolean allowCreate, Boolean onlyOneCheckConnection, DbConnectionOptions userOptions, DbConnectionInternal& connection)
   at Microsoft.Data.ProviderBase.DbConnectionPool.TryGetConnection(DbConnection owningObject, TaskCompletionSource`1 retry, DbConnectionOptions userOptions, DbConnectionInternal& connection)
   at Microsoft.Data.ProviderBase.DbConnectionFactory.TryGetConnection(DbConnection owningConnection, TaskCompletionSource`1 retry, DbConnectionOptions userOptions, DbConnectionInternal oldConnection, DbConnectionInternal& connection)
   at Microsoft.Data.ProviderBase.DbConnectionInternal.TryOpenConnectionInternal(DbConnection outerConnection, DbConnectionFactory connectionFactory, TaskCompletionSource`1 retry, DbConnectionOptions userOptions)
   at Microsoft.Data.ProviderBase.DbConnectionClosed.TryOpenConnection(DbConnection outerConnection, DbConnectionFactory connectionFactory, TaskCompletionSource`1 retry, DbConnectionOptions userOptions)
   at Microsoft.Data.SqlClient.SqlConnection.TryOpen(TaskCompletionSource`1 retry, SqlConnectionOverrides overrides)
   at Microsoft.Data.SqlClient.SqlConnection.Open(SqlConnectionOverrides overrides)
   at Microsoft.Data.SqlClient.SqlConnection.Open()
   at Microsoft.EntityFrameworkCore.SqlServer.Storage.Internal.SqlServerConnection.OpenDbConnection(Boolean errorsExpected)
   at Microsoft.EntityFrameworkCore.Storage.RelationalConnection.OpenInternal(Boolean errorsExpected)
   at Microsoft.EntityFrameworkCore.Storage.RelationalConnection.Open(Boolean errorsExpected)
   at Microsoft.EntityFrameworkCore.Storage.RelationalCommand.ExecuteReader(RelationalCommandParameterObject parameterObject)
   at Microsoft.EntityFrameworkCore.Query.Internal.SingleQueryingEnumerable`1.Enumerator.InitializeReader(Enumerator enumerator)
   at Microsoft.EntityFrameworkCore.Query.Internal.SingleQueryingEnumerable`1.Enumerator.<>c.<MoveNext>b__21_0(DbContext _, Enumerator enumerator)
   at Microsoft.EntityFrameworkCore.SqlServer.Storage.Internal.SqlServerExecutionStrategy.Execute[TState,TResult](TState state, Func`3 operation, Func`3 verifySucceeded)
   at Microsoft.EntityFrameworkCore.Query.Internal.SingleQueryingEnumerable`1.Enumerator.MoveNext()
   at System.Collections.Generic.List`1..ctor(IEnumerable`1 collection)
   at System.Linq.Enumerable.ToList[TSource](IEnumerable`1 source)
   at HotelBooking.Services.LocationService.GetLocations() in /Users/presidio/Projects/HotelBooking/HotelBooking/Services/LocationService.cs:line 39
   at HotelBooking.Controllers.LocationController.GetLocations() in /Users/presidio/Projects/HotelBooking/HotelBooking/Controllers/LocationController.cs:line 50
   at lambda_method2(Closure, Object, Object[])
   at Microsoft.AspNetCore.Mvc.Infrastructure.ActionMethodExecutor.SyncActionResultExecutor.Execute(ActionContext actionContext, IActionResultTypeMapper mapper, ObjectMethodExecutor executor, Object controller, Object[] arguments)
   at Microsoft.AspNetCore.Mvc.Infrastructure.ControllerActionInvoker.InvokeActionMethodAsync()
   at Microsoft.AspNetCore.Mvc.Infrastructure.ControllerActionInvoker.Next(State& next, Scope& scope, Object& state, Boolean& isCompleted)
   at Microsoft.AspNetCore.Mvc.Infrastructure.ControllerActionInvoker.InvokeNextActionFilterAsync()
--- End of stack trace from previous location ---
   at Microsoft.AspNetCore.Mvc.Infrastructure.ControllerActionInvoker.Rethrow(ActionExecutedContextSealed context)
   at Microsoft.AspNetCore.Mvc.Infrastructure.ControllerActionInvoker.Next(State& next, Scope& scope, Object& state, Boolean& isCompleted)
   at Microsoft.AspNetCore.Mvc.Infrastructure.ControllerActionInvoker.InvokeInnerFilterAsync()
--- End of stack trace from previous location ---
   at Microsoft.AspNetCore.Mvc.Infrastructure.ResourceInvoker.<InvokeFilterPipelineAsync>g__Awaited|20_0(ResourceInvoker invoker, Task lastTask, State next, Scope scope, Object state, Boolean isCompleted)
   at Microsoft.AspNetCore.Mvc.Infrastructure.ResourceInvoker.<InvokeAsync>g__Logged|17_1(ResourceInvoker invoker)
   at Microsoft.AspNetCore.Mvc.Infrastructure.ResourceInvoker.<InvokeAsync>g__Logged|17_1(ResourceInvoker invoker)
   at Microsoft.AspNetCore.Routing.EndpointMiddleware.<Invoke>g__AwaitRequestTask|6_0(Endpoint endpoint, Task requestTask, ILogger logger)
   at Microsoft.AspNetCore.Authorization.AuthorizationMiddleware.Invoke(HttpContext context)
   at Swashbuckle.AspNetCore.SwaggerUI.SwaggerUIMiddleware.Invoke(HttpContext httpContext)
   at Swashbuckle.AspNetCore.Swagger.SwaggerMiddleware.Invoke(HttpContext httpContext, ISwaggerProvider swaggerProvider)
   at Microsoft.AspNetCore.Authentication.AuthenticationMiddleware.Invoke(HttpContext context)
   at Microsoft.AspNetCore.Diagnostics.DeveloperExceptionPageMiddlewareImpl.Invoke(HttpContext context)
ClientConnectionId:57913e18-131d-4694-baeb-84c2b3f4589c
Error Number:40615,State:1,Class:14

2023-01-19 15:30:28.085 +05:30  INF  Request finished HTTP/1.1 GET https://localhost:42275/Location/GetLocations - - - 500 - text/plain;+charset=utf-8 7704.7000ms
2023-01-19 15:30:35.158 +05:30  INF  Request starting HTTP/1.1 GET https://localhost:42275/Location/GetLocations - -
2023-01-19 15:30:35.160 +05:30  INF  Executing endpoint 'HotelBooking.Controllers.LocationController.GetLocations (HotelBooking)'
2023-01-19 15:30:35.161 +05:30  INF  Route matched with {action = "GetLocations", controller = "Location"}. Executing controller action with signature Microsoft.AspNetCore.Mvc.IActionResult GetLocations() on controller HotelBooking.Controllers.LocationController (HotelBooking).
2023-01-19 15:30:36.563 +05:30  ERR  An error occurred using the connection to database 'hotelreservation' on server 'tcp:dotnet-training-server.database.windows.net,1433'.
2023-01-19 15:30:36.564 +05:30  ERR  An exception occurred while iterating over the results of a query for context type 'HotelBooking.Data.DbInitializer'.
Microsoft.Data.SqlClient.SqlException (0x80131904): Cannot open server 'dotnet-training-server' requested by the login. Client with IP address '103.25.47.242' is not allowed to access the server.  To enable access, use the Windows Azure Management Portal or run sp_set_firewall_rule on the master database to create a firewall rule for this IP address or address range.  It may take up to five minutes for this change to take effect.
   at Microsoft.Data.ProviderBase.DbConnectionPool.CheckPoolBlockingPeriod(Exception e)
   at Microsoft.Data.ProviderBase.DbConnectionPool.CreateObject(DbConnection owningObject, DbConnectionOptions userOptions, DbConnectionInternal oldConnection)
   at Microsoft.Data.ProviderBase.DbConnectionPool.UserCreateRequest(DbConnection owningObject, DbConnectionOptions userOptions, DbConnectionInternal oldConnection)
   at Microsoft.Data.ProviderBase.DbConnectionPool.TryGetConnection(DbConnection owningObject, UInt32 waitForMultipleObjectsTimeout, Boolean allowCreate, Boolean onlyOneCheckConnection, DbConnectionOptions userOptions, DbConnectionInternal& connection)
   at Microsoft.Data.ProviderBase.DbConnectionPool.TryGetConnection(DbConnection owningObject, TaskCompletionSource`1 retry, DbConnectionOptions userOptions, DbConnectionInternal& connection)
   at Microsoft.Data.ProviderBase.DbConnectionFactory.TryGetConnection(DbConnection owningConnection, TaskCompletionSource`1 retry, DbConnectionOptions userOptions, DbConnectionInternal oldConnection, DbConnectionInternal& connection)
   at Microsoft.Data.ProviderBase.DbConnectionInternal.TryOpenConnectionInternal(DbConnection outerConnection, DbConnectionFactory connectionFactory, TaskCompletionSource`1 retry, DbConnectionOptions userOptions)
   at Microsoft.Data.ProviderBase.DbConnectionClosed.TryOpenConnection(DbConnection outerConnection, DbConnectionFactory connectionFactory, TaskCompletionSource`1 retry, DbConnectionOptions userOptions)
   at Microsoft.Data.SqlClient.SqlConnection.TryOpen(TaskCompletionSource`1 retry, SqlConnectionOverrides overrides)
   at Microsoft.Data.SqlClient.SqlConnection.Open(SqlConnectionOverrides overrides)
   at Microsoft.Data.SqlClient.SqlConnection.Open()
   at Microsoft.EntityFrameworkCore.SqlServer.Storage.Internal.SqlServerConnection.OpenDbConnection(Boolean errorsExpected)
   at Microsoft.EntityFrameworkCore.Storage.RelationalConnection.OpenInternal(Boolean errorsExpected)
   at Microsoft.EntityFrameworkCore.Storage.RelationalConnection.Open(Boolean errorsExpected)
   at Microsoft.EntityFrameworkCore.Storage.RelationalCommand.ExecuteReader(RelationalCommandParameterObject parameterObject)
   at Microsoft.EntityFrameworkCore.Query.Internal.SingleQueryingEnumerable`1.Enumerator.InitializeReader(Enumerator enumerator)
   at Microsoft.EntityFrameworkCore.Query.Internal.SingleQueryingEnumerable`1.Enumerator.<>c.<MoveNext>b__21_0(DbContext _, Enumerator enumerator)
   at Microsoft.EntityFrameworkCore.SqlServer.Storage.Internal.SqlServerExecutionStrategy.Execute[TState,TResult](TState state, Func`3 operation, Func`3 verifySucceeded)
   at Microsoft.EntityFrameworkCore.Query.Internal.SingleQueryingEnumerable`1.Enumerator.MoveNext()
ClientConnectionId:1bf7ac14-1b03-4903-8fd1-dee6e04df4cd
Error Number:40615,State:1,Class:14Microsoft.Data.SqlClient.SqlException (0x80131904): Cannot open server 'dotnet-training-server' requested by the login. Client with IP address '103.25.47.242' is not allowed to access the server.  To enable access, use the Windows Azure Management Portal or run sp_set_firewall_rule on the master database to create a firewall rule for this IP address or address range.  It may take up to five minutes for this change to take effect.
   at Microsoft.Data.ProviderBase.DbConnectionPool.CheckPoolBlockingPeriod(Exception e)
   at Microsoft.Data.ProviderBase.DbConnectionPool.CreateObject(DbConnection owningObject, DbConnectionOptions userOptions, DbConnectionInternal oldConnection)
   at Microsoft.Data.ProviderBase.DbConnectionPool.UserCreateRequest(DbConnection owningObject, DbConnectionOptions userOptions, DbConnectionInternal oldConnection)
   at Microsoft.Data.ProviderBase.DbConnectionPool.TryGetConnection(DbConnection owningObject, UInt32 waitForMultipleObjectsTimeout, Boolean allowCreate, Boolean onlyOneCheckConnection, DbConnectionOptions userOptions, DbConnectionInternal& connection)
   at Microsoft.Data.ProviderBase.DbConnectionPool.TryGetConnection(DbConnection owningObject, TaskCompletionSource`1 retry, DbConnectionOptions userOptions, DbConnectionInternal& connection)
   at Microsoft.Data.ProviderBase.DbConnectionFactory.TryGetConnection(DbConnection owningConnection, TaskCompletionSource`1 retry, DbConnectionOptions userOptions, DbConnectionInternal oldConnection, DbConnectionInternal& connection)
   at Microsoft.Data.ProviderBase.DbConnectionInternal.TryOpenConnectionInternal(DbConnection outerConnection, DbConnectionFactory connectionFactory, TaskCompletionSource`1 retry, DbConnectionOptions userOptions)
   at Microsoft.Data.ProviderBase.DbConnectionClosed.TryOpenConnection(DbConnection outerConnection, DbConnectionFactory connectionFactory, TaskCompletionSource`1 retry, DbConnectionOptions userOptions)
   at Microsoft.Data.SqlClient.SqlConnection.TryOpen(TaskCompletionSource`1 retry, SqlConnectionOverrides overrides)
   at Microsoft.Data.SqlClient.SqlConnection.Open(SqlConnectionOverrides overrides)
   at Microsoft.Data.SqlClient.SqlConnection.Open()
   at Microsoft.EntityFrameworkCore.SqlServer.Storage.Internal.SqlServerConnection.OpenDbConnection(Boolean errorsExpected)
   at Microsoft.EntityFrameworkCore.Storage.RelationalConnection.OpenInternal(Boolean errorsExpected)
   at Microsoft.EntityFrameworkCore.Storage.RelationalConnection.Open(Boolean errorsExpected)
   at Microsoft.EntityFrameworkCore.Storage.RelationalCommand.ExecuteReader(RelationalCommandParameterObject parameterObject)
   at Microsoft.EntityFrameworkCore.Query.Internal.SingleQueryingEnumerable`1.Enumerator.InitializeReader(Enumerator enumerator)
   at Microsoft.EntityFrameworkCore.Query.Internal.SingleQueryingEnumerable`1.Enumerator.<>c.<MoveNext>b__21_0(DbContext _, Enumerator enumerator)
   at Microsoft.EntityFrameworkCore.SqlServer.Storage.Internal.SqlServerExecutionStrategy.Execute[TState,TResult](TState state, Func`3 operation, Func`3 verifySucceeded)
   at Microsoft.EntityFrameworkCore.Query.Internal.SingleQueryingEnumerable`1.Enumerator.MoveNext()
ClientConnectionId:1bf7ac14-1b03-4903-8fd1-dee6e04df4cd
Error Number:40615,State:1,Class:14

2023-01-19 15:30:36.566 +05:30  ERR  Cannot open server 'dotnet-training-server' requested by the login. Client with IP address '103.25.47.242' is not allowed to access the server.  To enable access, use the Windows Azure Management Portal or run sp_set_firewall_rule on the master database to create a firewall rule for this IP address or address range.  It may take up to five minutes for this change to take effect.
2023-01-19 15:30:36.567 +05:30  INF  Executed action HotelBooking.Controllers.LocationController.GetLocations (HotelBooking) in 1406.3178ms
2023-01-19 15:30:36.567 +05:30  INF  Executed endpoint 'HotelBooking.Controllers.LocationController.GetLocations (HotelBooking)'
2023-01-19 15:30:36.568 +05:30  ERR  An unhandled exception has occurred while executing the request.Microsoft.Data.SqlClient.SqlException (0x80131904): Cannot open server 'dotnet-training-server' requested by the login. Client with IP address '103.25.47.242' is not allowed to access the server.  To enable access, use the Windows Azure Management Portal or run sp_set_firewall_rule on the master database to create a firewall rule for this IP address or address range.  It may take up to five minutes for this change to take effect.
   at Microsoft.Data.ProviderBase.DbConnectionPool.CheckPoolBlockingPeriod(Exception e)
   at Microsoft.Data.ProviderBase.DbConnectionPool.CreateObject(DbConnection owningObject, DbConnectionOptions userOptions, DbConnectionInternal oldConnection)
   at Microsoft.Data.ProviderBase.DbConnectionPool.UserCreateRequest(DbConnection owningObject, DbConnectionOptions userOptions, DbConnectionInternal oldConnection)
   at Microsoft.Data.ProviderBase.DbConnectionPool.TryGetConnection(DbConnection owningObject, UInt32 waitForMultipleObjectsTimeout, Boolean allowCreate, Boolean onlyOneCheckConnection, DbConnectionOptions userOptions, DbConnectionInternal& connection)
   at Microsoft.Data.ProviderBase.DbConnectionPool.TryGetConnection(DbConnection owningObject, TaskCompletionSource`1 retry, DbConnectionOptions userOptions, DbConnectionInternal& connection)
   at Microsoft.Data.ProviderBase.DbConnectionFactory.TryGetConnection(DbConnection owningConnection, TaskCompletionSource`1 retry, DbConnectionOptions userOptions, DbConnectionInternal oldConnection, DbConnectionInternal& connection)
   at Microsoft.Data.ProviderBase.DbConnectionInternal.TryOpenConnectionInternal(DbConnection outerConnection, DbConnectionFactory connectionFactory, TaskCompletionSource`1 retry, DbConnectionOptions userOptions)
   at Microsoft.Data.ProviderBase.DbConnectionClosed.TryOpenConnection(DbConnection outerConnection, DbConnectionFactory connectionFactory, TaskCompletionSource`1 retry, DbConnectionOptions userOptions)
   at Microsoft.Data.SqlClient.SqlConnection.TryOpen(TaskCompletionSource`1 retry, SqlConnectionOverrides overrides)
   at Microsoft.Data.SqlClient.SqlConnection.Open(SqlConnectionOverrides overrides)
   at Microsoft.Data.SqlClient.SqlConnection.Open()
   at Microsoft.EntityFrameworkCore.SqlServer.Storage.Internal.SqlServerConnection.OpenDbConnection(Boolean errorsExpected)
   at Microsoft.EntityFrameworkCore.Storage.RelationalConnection.OpenInternal(Boolean errorsExpected)
   at Microsoft.EntityFrameworkCore.Storage.RelationalConnection.Open(Boolean errorsExpected)
   at Microsoft.EntityFrameworkCore.Storage.RelationalCommand.ExecuteReader(RelationalCommandParameterObject parameterObject)
   at Microsoft.EntityFrameworkCore.Query.Internal.SingleQueryingEnumerable`1.Enumerator.InitializeReader(Enumerator enumerator)
   at Microsoft.EntityFrameworkCore.Query.Internal.SingleQueryingEnumerable`1.Enumerator.<>c.<MoveNext>b__21_0(DbContext _, Enumerator enumerator)
   at Microsoft.EntityFrameworkCore.SqlServer.Storage.Internal.SqlServerExecutionStrategy.Execute[TState,TResult](TState state, Func`3 operation, Func`3 verifySucceeded)
   at Microsoft.EntityFrameworkCore.Query.Internal.SingleQueryingEnumerable`1.Enumerator.MoveNext()
   at System.Collections.Generic.List`1..ctor(IEnumerable`1 collection)
   at System.Linq.Enumerable.ToList[TSource](IEnumerable`1 source)
   at HotelBooking.Services.LocationService.GetLocations() in /Users/presidio/Projects/HotelBooking/HotelBooking/Services/LocationService.cs:line 39
   at HotelBooking.Controllers.LocationController.GetLocations() in /Users/presidio/Projects/HotelBooking/HotelBooking/Controllers/LocationController.cs:line 50
   at lambda_method2(Closure, Object, Object[])
   at Microsoft.AspNetCore.Mvc.Infrastructure.ActionMethodExecutor.SyncActionResultExecutor.Execute(ActionContext actionContext, IActionResultTypeMapper mapper, ObjectMethodExecutor executor, Object controller, Object[] arguments)
   at Microsoft.AspNetCore.Mvc.Infrastructure.ControllerActionInvoker.InvokeActionMethodAsync()
   at Microsoft.AspNetCore.Mvc.Infrastructure.ControllerActionInvoker.Next(State& next, Scope& scope, Object& state, Boolean& isCompleted)
   at Microsoft.AspNetCore.Mvc.Infrastructure.ControllerActionInvoker.InvokeNextActionFilterAsync()
--- End of stack trace from previous location ---
   at Microsoft.AspNetCore.Mvc.Infrastructure.ControllerActionInvoker.Rethrow(ActionExecutedContextSealed context)
   at Microsoft.AspNetCore.Mvc.Infrastructure.ControllerActionInvoker.Next(State& next, Scope& scope, Object& state, Boolean& isCompleted)
   at Microsoft.AspNetCore.Mvc.Infrastructure.ControllerActionInvoker.InvokeInnerFilterAsync()
--- End of stack trace from previous location ---
   at Microsoft.AspNetCore.Mvc.Infrastructure.ResourceInvoker.<InvokeFilterPipelineAsync>g__Awaited|20_0(ResourceInvoker invoker, Task lastTask, State next, Scope scope, Object state, Boolean isCompleted)
   at Microsoft.AspNetCore.Mvc.Infrastructure.ResourceInvoker.<InvokeAsync>g__Logged|17_1(ResourceInvoker invoker)
   at Microsoft.AspNetCore.Mvc.Infrastructure.ResourceInvoker.<InvokeAsync>g__Logged|17_1(ResourceInvoker invoker)
   at Microsoft.AspNetCore.Routing.EndpointMiddleware.<Invoke>g__AwaitRequestTask|6_0(Endpoint endpoint, Task requestTask, ILogger logger)
   at Microsoft.AspNetCore.Authorization.AuthorizationMiddleware.Invoke(HttpContext context)
   at Swashbuckle.AspNetCore.SwaggerUI.SwaggerUIMiddleware.Invoke(HttpContext httpContext)
   at Swashbuckle.AspNetCore.Swagger.SwaggerMiddleware.Invoke(HttpContext httpContext, ISwaggerProvider swaggerProvider)
   at Microsoft.AspNetCore.Authentication.AuthenticationMiddleware.Invoke(HttpContext context)
   at Microsoft.AspNetCore.Diagnostics.DeveloperExceptionPageMiddlewareImpl.Invoke(HttpContext context)
ClientConnectionId:1bf7ac14-1b03-4903-8fd1-dee6e04df4cd
Error Number:40615,State:1,Class:14

2023-01-19 15:30:36.576 +05:30  INF  Request finished HTTP/1.1 GET https://localhost:42275/Location/GetLocations - - - 500 - text/plain;+charset=utf-8 1417.3960ms
2023-01-19 15:30:59.101 +05:30  INF  Application is shutting down...
2023-01-19 15:31:22.521 +05:30  INF  Now listening on: https://localhost:42275
2023-01-19 15:31:22.694 +05:30  INF  Now listening on: http://localhost:46435
2023-01-19 15:31:22.699 +05:30  INF  Application started. Press Ctrl+C to shut down.
2023-01-19 15:31:22.699 +05:30  INF  Hosting environment: Development
2023-01-19 15:31:22.699 +05:30  INF  Content root path: /Users/presidio/Projects/HotelBooking/HotelBooking
2023-01-19 15:31:34.005 +05:30  INF  Request starting HTTP/1.1 GET https://localhost:42275/swagger/index.html - -
2023-01-19 15:31:34.486 +05:30  INF  Request finished HTTP/1.1 GET https://localhost:42275/swagger/index.html - - - 200 - text/html;charset=utf-8 484.7735ms
2023-01-19 15:31:34.772 +05:30  INF  Request starting HTTP/1.1 GET https://localhost:42275/swagger/v1/swagger.json - -
2023-01-19 15:31:34.984 +05:30  INF  Request finished HTTP/1.1 GET https://localhost:42275/swagger/v1/swagger.json - - - 200 - application/json;charset=utf-8 212.5865ms
2023-01-19 15:31:39.351 +05:30  INF  Request starting HTTP/1.1 GET https://localhost:42275/Location/GetLocations - -
2023-01-19 15:31:39.368 +05:30  INF  Executing endpoint 'HotelBooking.Controllers.LocationController.GetLocations (HotelBooking)'
2023-01-19 15:31:39.383 +05:30  INF  Route matched with {action = "GetLocations", controller = "Location"}. Executing controller action with signature Microsoft.AspNetCore.Mvc.IActionResult GetLocations() on controller HotelBooking.Controllers.LocationController (HotelBooking).
2023-01-19 15:31:44.052 +05:30  INF  Executed DbCommand (355ms) [Parameters=[], CommandType='"Text"', CommandTimeout='30']
SELECT [l].[locationId], [l].[location]
FROM [Location] AS [l]
2023-01-19 15:31:44.184 +05:30  INF  Extracted Locations from DB
2023-01-19 15:31:44.192 +05:30  INF  Executing OkObjectResult, writing value of type 'System.Collections.Generic.List`1[[HotelBooking.Models.Location, HotelBooking, Version=1.0.0.0, Culture=neutral, PublicKeyToken=null]]'.
2023-01-19 15:31:44.204 +05:30  INF  Executed action HotelBooking.Controllers.LocationController.GetLocations (HotelBooking) in 4814.3604ms
2023-01-19 15:31:44.205 +05:30  INF  Executed endpoint 'HotelBooking.Controllers.LocationController.GetLocations (HotelBooking)'
2023-01-19 15:31:44.219 +05:30  INF  Request finished HTTP/1.1 GET https://localhost:42275/Location/GetLocations - - - 200 - application/json;+charset=utf-8 4868.3639ms
