2023-02-09 11:29:23.111 +05:30  INF  Application is shutting down...
2023-02-09 11:29:53.114 +05:30  INF  User profile is available. Using '/Users/presidio/.aspnet/DataProtection-Keys' as key repository; keys will not be encrypted at rest.
2023-02-09 11:29:53.679 +05:30  INF  Now listening on: http://localhost:5250
2023-02-09 11:29:53.682 +05:30  INF  Application started. Press Ctrl+C to shut down.
2023-02-09 11:29:53.683 +05:30  INF  Hosting environment: Development
2023-02-09 11:29:53.683 +05:30  INF  Content root path: /Users/presidio/Projects/HotelBooking/HotelBooking
2023-02-09 11:29:54.806 +05:30  INF  Request starting HTTP/1.1 GET http://localhost:5250/swagger/index.html - -
2023-02-09 11:29:55.555 +05:30  INF  Request finished HTTP/1.1 GET http://localhost:5250/swagger/index.html - - - 200 - text/html;charset=utf-8 750.8209ms
2023-02-09 11:29:56.160 +05:30  INF  Request starting HTTP/1.1 GET http://localhost:5250/swagger/v1/swagger.json - -
2023-02-09 11:29:56.329 +05:30  INF  Request finished HTTP/1.1 GET http://localhost:5250/swagger/v1/swagger.json - - - 200 - application/json;charset=utf-8 169.9285ms
2023-02-09 11:35:17.888 +05:30  INF  Request starting HTTP/1.1 POST http://localhost:5250/User/UserSignUp application/json 125
2023-02-09 11:35:17.927 +05:30  WRN  Failed to determine the https port for redirect.
2023-02-09 11:35:17.941 +05:30  INF  Executing endpoint 'HotelBooking.Controllers.UserController.UserSignUp (HotelBooking)'
2023-02-09 11:35:18.010 +05:30  INF  Route matched with {action = "UserSignUp", controller = "User"}. Executing controller action with signature Microsoft.AspNetCore.Mvc.ActionResult UserSignUp(HotelBooking.Data.ViewModels.UserVM) on controller HotelBooking.Controllers.UserController (HotelBooking).
2023-02-09 11:35:30.166 +05:30  INF  Executed DbCommand (1,086ms) [Parameters=[@__email_0='?' (Size = 4000)], CommandType='"Text"', CommandTimeout='30']
SELECT TOP(2) [u].[userId], [u].[password], [u].[phone], [u].[userEmail], [u].[userName]
FROM [User] AS [u]
WHERE [u].[userEmail] = @__email_0
2023-02-09 11:35:30.870 +05:30  INF  Executed DbCommand (363ms) [Parameters=[@p0='?' (Size = 4000), @p1='?' (Size = 4000), @p2='?' (Size = 4000), @p3='?' (Size = 4000)], CommandType='"Text"', CommandTimeout='30']
SET IMPLICIT_TRANSACTIONS OFF;
SET NOCOUNT ON;
INSERT INTO [User] ([password], [phone], [userEmail], [userName])
OUTPUT INSERTED.[userId]
VALUES (@p0, @p1, @p2, @p3);
2023-02-09 11:35:30.903 +05:30  INF  User Signed Up Successfully
2023-02-09 11:35:30.908 +05:30  INF  Executing OkObjectResult, writing value of type 'System.String'.
2023-02-09 11:35:30.914 +05:30  INF  Executed action HotelBooking.Controllers.UserController.UserSignUp (HotelBooking) in 12898.7575ms
2023-02-09 11:35:30.915 +05:30  INF  Executed endpoint 'HotelBooking.Controllers.UserController.UserSignUp (HotelBooking)'
2023-02-09 11:35:30.924 +05:30  INF  Request finished HTTP/1.1 POST http://localhost:5250/User/UserSignUp application/json 125 - 200 - text/plain;+charset=utf-8 13044.0603ms
2023-02-09 22:24:02.669 +05:30  INF  Application is shutting down...
NSTRAINT [PK_User] PRIMARY KEY ([userId])
);
2023-02-09 11:34:24.567 +05:30  INF  Executed DbCommand (274ms) [Parameters=[], CommandType='"Text"', CommandTimeout='30']
CREATE TABLE [Hotel] (
    [hotelId] int NOT NULL IDENTITY,
    [hotelName] nvarchar(max) NOT NULL,
    [noOfRooms] int NOT NULL,
    [LocationId] int NOT NULL,
    CONSTRAINT [PK_Hotel] PRIMARY KEY ([hotelId]),
    CONSTRAINT [FK_Hotel_Location_LocationId] FOREIGN KEY ([LocationId]) REFERENCES [Location] ([locationId]) ON DELETE CASCADE
);
2023-02-09 11:34:24.954 +05:30  INF  Executed DbCommand (386ms) [Parameters=[], CommandType='"Text"', CommandTimeout='30']
CREATE TABLE [Room] (
    [roomId] int NOT NULL IDENTITY,
    [roomName] nvarchar(max) NOT NULL,
    [roomImage] nvarchar(max) NOT NULL,
    [roomRate] real NOT NULL,
    [roomCapacity] int NOT NULL,
    [HotelId] int NOT NULL,
    CONSTRAINT [PK_Room] PRIMARY KEY ([roomId]),
    CONSTRAINT [FK_Room_Hotel_HotelId] FOREIGN KEY ([HotelId]) REFERENCES [Hotel] ([hotelId]) ON DELETE CASCADE
);
2023-02-09 11:34:25.198 +05:30  INF  Executed DbCommand (245ms) [Parameters=[], CommandType='"Text"', CommandTimeout='30']
CREATE TABLE [Booking] (
    [bookingId] int NOT NULL IDENTITY,
    [noOfPersons] int NOT NULL,
    [paid] bit NOT NULL,
    [checkInTime] datetime2 NOT NULL,
    [checkOutTime] datetime2 NOT NULL,
    [RoomId] int NOT NULL,
    [UserId] int NOT NULL,
    CONSTRAINT [PK_Booking] PRIMARY KEY ([bookingId]),
    CONSTRAINT [FK_Booking_Room_RoomId] FOREIGN KEY ([RoomId]) REFERENCES [Room] ([roomId]) ON DELETE CASCADE,
    CONSTRAINT [FK_Booking_User_UserId] FOREIGN KEY ([UserId]) REFERENCES [User] ([userId]) ON DELETE CASCADE
);
2023-02-09 11:34:25.454 +05:30  INF  Executed DbCommand (255ms) [Parameters=[], CommandType='"Text"', CommandTimeout='30']
CREATE INDEX [IX_Booking_RoomId] ON [Booking] ([RoomId]);
2023-02-09 11:34:25.853 +05:30  INF  Executed DbCommand (399ms) [Parameters=[], CommandType='"Text"', CommandTimeout='30']
CREATE INDEX [IX_Booking_UserId] ON [Booking] ([UserId]);
2023-02-09 11:34:26.604 +05:30  INF  Executed DbCommand (751ms) [Parameters=[], CommandType='"Text"', CommandTimeout='30']
CREATE INDEX [IX_Hotel_LocationId] ON [Hotel] ([LocationId]);
2023-02-09 11:34:26.904 +05:30  INF  Executed DbCommand (300ms) [Parameters=[], CommandType='"Text"', CommandTimeout='30']
CREATE INDEX [IX_Room_HotelId] ON [Room] ([HotelId]);
2023-02-09 11:34:27.150 +05:30  INF  Executed DbCommand (245ms) [Parameters=[], CommandType='"Text"', CommandTimeout='30']
INSERT INTO [__EFMigrationsHistory] ([MigrationId], [ProductVersion])
VALUES (N'20230209060159_db_update', N'7.0.2');
2023-02-09 22:25:15.004 +05:30  INF  User profile is available. Using '/Users/presidio/.aspnet/DataProtection-Keys' as key repository; keys will not be encrypted at rest.
2023-02-09 22:25:15.608 +05:30  INF  Now listening on: http://localhost:5250
2023-02-09 22:25:15.609 +05:30  INF  Application started. Press Ctrl+C to shut down.
2023-02-09 22:25:15.610 +05:30  INF  Hosting environment: Development
2023-02-09 22:25:15.610 +05:30  INF  Content root path: /Users/presidio/Projects/HotelBooking/HotelBooking
2023-02-09 22:25:17.402 +05:30  INF  Request starting HTTP/1.1 GET http://localhost:5250/swagger/index.html - -
2023-02-09 22:25:17.850 +05:30  INF  Request finished HTTP/1.1 GET http://localhost:5250/swagger/index.html - - - 200 - text/html;charset=utf-8 452.8146ms
2023-02-09 22:25:18.415 +05:30  INF  Request starting HTTP/1.1 GET http://localhost:5250/swagger/v1/swagger.json - -
2023-02-09 22:25:18.583 +05:30  INF  Request finished HTTP/1.1 GET http://localhost:5250/swagger/v1/swagger.json - - - 200 - application/json;charset=utf-8 167.8223ms
2023-02-09 22:25:55.757 +05:30  INF  Request starting HTTP/1.1 POST http://localhost:5250/User/UserSignUp application/json 116
2023-02-09 22:25:55.765 +05:30  WRN  Failed to determine the https port for redirect.
2023-02-09 22:25:55.769 +05:30  INF  Executing endpoint 'HotelBooking.Controllers.UserController.UserSignUp (HotelBooking)'
2023-02-09 22:25:55.786 +05:30  INF  Route matched with {action = "UserSignUp", controller = "User"}. Executing controller action with signature Microsoft.AspNetCore.Mvc.ActionResult UserSignUp(HotelBooking.Data.ViewModels.UserVM) on controller HotelBooking.Controllers.UserController (HotelBooking).
2023-02-09 22:26:16.117 +05:30  ERR  An error occurred using the connection to database 'HotelReservation' on server 'hotelreservation-dotnet-training.cdgkfoacvf6u.us-east-1.rds.amazonaws.com,1433'.
2023-02-09 22:26:16.153 +05:30  ERR  An exception occurred while iterating over the results of a query for context type 'HotelBooking.Data.DbInitializer'.
Microsoft.Data.SqlClient.SqlException (0x80131904): A network-related or instance-specific error occurred while establishing a connection to SQL Server. The server was not found or was not accessible. Verify that the instance name is correct and that SQL Server is configured to allow remote connections. (provider: TCP Provider, error: 35 - An internal exception was caught)
 ---> System.ObjectDisposedException: Cannot access a disposed object.
Object name: 'System.Net.Sockets.Socket'.
   at System.Net.Sockets.Socket.SetSocketOption(SocketOptionLevel optionLevel, SocketOptionName optionName, Int32 optionValue)
   at Microsoft.Data.SqlClient.SNI.SNITCPHandle..ctor(String serverName, Int32 port, Int64 timerExpire, Boolean parallel, SqlConnectionIPAddressPreference ipPreference, String cachedFQDN, SQLDNSInfo& pendingDNSInfo, Boolean tlsFirst, String hostNameInCertificate)
   at Microsoft.Data.SqlClient.SqlInternalConnection.OnError(SqlException exception, Boolean breakConnection, Action`1 wrapCloseInAction)
   at Microsoft.Data.SqlClient.TdsParser.ThrowExceptionAndWarning(TdsParserStateObject stateObj, Boolean callerHasConnectionLock, Boolean asyncClose)
   at Microsoft.Data.SqlClient.TdsParser.Connect(ServerInfo serverInfo, SqlInternalConnectionTds connHandler, Boolean ignoreSniOpenTimeout, Int64 timerExpire, SqlConnectionString connectionOptions, Boolean withFailover)
   at Microsoft.Data.SqlClient.SqlInternalConnectionTds.AttemptOneLogin(ServerInfo serverInfo, String newPassword, SecureString newSecurePassword, Boolean ignoreSniOpenTimeout, TimeoutTimer timeout, Boolean withFailover)
   at Microsoft.Data.SqlClient.SqlInternalConnectionTds.LoginNoFailover(ServerInfo serverInfo, String newPassword, SecureString newSecurePassword, Boolean redirectedUserInstance, SqlConnectionString connectionOptions, SqlCredential credential, TimeoutTimer timeout)
   at Microsoft.Data.SqlClient.SqlInternalConnectionTds.OpenLoginEnlist(TimeoutTimer timeout, SqlConnectionString connectionOptions, SqlCredential credential, String newPassword, SecureString newSecurePassword, Boolean redirectedUserInstance)
   at Microsoft.Data.SqlClient.SqlInternalConnectionTds..ctor(DbConnectionPoolIdentity identity, SqlConnectionString connectionOptions, SqlCredential credential, Object providerInfo, String newPassword, SecureString newSecurePassword, Boolean redirectedUserInstance, SqlConnectionString userConnectionOptions, SessionData reconnectSessionData, Boolean applyTransientFaultHandling, String accessToken, DbConnectionPool pool)
   at Microsoft.Data.SqlClient.SqlConnectionFactory.CreateConnection(DbConnectionOptions options, DbConnectionPoolKey poolKey, Object poolGroupProviderInfo, DbConnectionPool pool, DbConnection owningConnection, DbConnectionOptions userOptions)
   at Microsoft.Data.ProviderBase.DbConnectionFactory.CreatePooledConnection(DbConnectionPool pool, DbConnection owningObject, DbConnectionOptions options, DbConnectionPoolKey poolKey, DbConnectionOptions userOptions)
   at Microsoft.Data.ProviderBase.DbConnectionPool.CreateObject(DbConnection owningObject, DbConnectionOptions userOptions, DbConnectionInternal oldConnection)
   at Microsoft.Data.ProviderBase.DbConnectionPool.UserCreateRequest(DbConnection owningObject, DbConnectionOptions userOptions, DbConnectionInternal oldConnection)
   at Microsoft.Data.ProviderBase.DbConnectionPool.TryGetConnection(DbConnection owningObject, UInt32 waitForMultipleObjectsTimeout, Boolean allowCreate, Boolean onlyOneCheckConnection, DbConnectionOptions userOptions, DbConnectionInternal& connection)
   at Microsoft.Data.ProviderBase.DbConnectionPool.TryGetConnection(DbConnection owningObject, TaskCompletionSource`1 retry, DbConnectionOptions userOptions, DbConnectionInternal& connection)
   at Microsoft.Data.ProviderBase.DbConnectionFactory.TryGetConnection(DbConnection owningConnection, TaskCompletionSource`1 retry, DbConnectionOptions userOptions, DbConnectionInternal oldConnection, DbConnectionInternal& connection)
   at Microsoft.Data.ProviderBase.DbConnectionInternal.TryOpenConnectionInternal(DbConnection outerConnection, DbConnectionFactory connectionFactory, TaskCompletionSource`1 retry, DbConnectionOptions userOptions)
   at Microsoft.Data.ProviderBase.DbConnectionClosed.TryOpenConnection(DbConnection outerConnection, DbConnectionFactory connectionFactory, TaskCompletionSource`1 retry, DbConnectionOptions userOptions)
   at Microsoft.Data.SqlClient.SqlConnection.TryOpen(TaskCompletionSource`1 retry, SqlConnectionOverrides overrides)
   at Microsoft.Data.SqlClient.SqlConnection.Open(SqlConnectionOverrides overrides)
   at Microsoft.Data.SqlClient.SqlConnection.Open()
   at Microsoft.EntityFrameworkCore.SqlServer.Storage.Internal.SqlServerConnection.OpenDbConnection(Boolean errorsExpected)
   at Microsoft.EntityFrameworkCore.Storage.RelationalConnection.OpenInternal(Boolean errorsExpected)
   at Microsoft.EntityFrameworkCore.Storage.RelationalConnection.Open(Boolean errorsExpected)
   at Microsoft.EntityFrameworkCore.Storage.RelationalCommand.ExecuteReader(RelationalCommandParameterObject parameterObject)
   at Microsoft.EntityFrameworkCore.Query.Internal.SingleQueryingEnumerable`1.Enumerator.InitializeReader(Enumerator enumerator)
   at Microsoft.EntityFrameworkCore.Query.Internal.SingleQueryingEnumerable`1.Enumerator.<>c.<MoveNext>b__21_0(DbContext _, Enumerator enumerator)
   at Microsoft.EntityFrameworkCore.SqlServer.Storage.Internal.SqlServerExecutionStrategy.Execute[TState,TResult](TState state, Func`3 operation, Func`3 verifySucceeded)
   at Microsoft.EntityFrameworkCore.Query.Internal.SingleQueryingEnumerable`1.Enumerator.MoveNext()
ClientConnectionId:00000000-0000-0000-0000-000000000000Microsoft.Data.SqlClient.SqlException (0x80131904): A network-related or instance-specific error occurred while establishing a connection to SQL Server. The server was not found or was not accessible. Verify that the instance name is correct and that SQL Server is configured to allow remote connections. (provider: TCP Provider, error: 35 - An internal exception was caught)
 ---> System.ObjectDisposedException: Cannot access a disposed object.
Object name: 'System.Net.Sockets.Socket'.
   at System.Net.Sockets.Socket.SetSocketOption(SocketOptionLevel optionLevel, SocketOptionName optionName, Int32 optionValue)
   at Microsoft.Data.SqlClient.SNI.SNITCPHandle..ctor(String serverName, Int32 port, Int64 timerExpire, Boolean parallel, SqlConnectionIPAddressPreference ipPreference, String cachedFQDN, SQLDNSInfo& pendingDNSInfo, Boolean tlsFirst, String hostNameInCertificate)
   at Microsoft.Data.SqlClient.SqlInternalConnection.OnError(SqlException exception, Boolean breakConnection, Action`1 wrapCloseInAction)
   at Microsoft.Data.SqlClient.TdsParser.ThrowExceptionAndWarning(TdsParserStateObject stateObj, Boolean callerHasConnectionLock, Boolean asyncClose)
   at Microsoft.Data.SqlClient.TdsParser.Connect(ServerInfo serverInfo, SqlInternalConnectionTds connHandler, Boolean ignoreSniOpenTimeout, Int64 timerExpire, SqlConnectionString connectionOptions, Boolean withFailover)
   at Microsoft.Data.SqlClient.SqlInternalConnectionTds.AttemptOneLogin(ServerInfo serverInfo, String newPassword, SecureString newSecurePassword, Boolean ignoreSniOpenTimeout, TimeoutTimer timeout, Boolean withFailover)
   at Microsoft.Data.SqlClient.SqlInternalConnectionTds.LoginNoFailover(ServerInfo serverInfo, String newPassword, SecureString newSecurePassword, Boolean redirectedUserInstance, SqlConnectionString connectionOptions, SqlCredential credential, TimeoutTimer timeout)
   at Microsoft.Data.SqlClient.SqlInternalConnectionTds.OpenLoginEnlist(TimeoutTimer timeout, SqlConnectionString connectionOptions, SqlCredential credential, String newPassword, SecureString newSecurePassword, Boolean redirectedUserInstance)
   at Microsoft.Data.SqlClient.SqlInternalConnectionTds..ctor(DbConnectionPoolIdentity identity, SqlConnectionString connectionOptions, SqlCredential credential, Object providerInfo, String newPassword, SecureString newSecurePassword, Boolean redirectedUserInstance, SqlConnectionString userConnectionOptions, SessionData reconnectSessionData, Boolean applyTransientFaultHandling, String accessToken, DbConnectionPool pool)
   at Microsoft.Data.SqlClient.SqlConnectionFactory.CreateConnection(DbConnectionOptions options, DbConnectionPoolKey poolKey, Object poolGroupProviderInfo, DbConnectionPool pool, DbConnection owningConnection, DbConnectionOptions userOptions)
   at Microsoft.Data.ProviderBase.DbConnectionFactory.CreatePooledConnection(DbConnectionPool pool, DbConnection owningObject, DbConnectionOptions options, DbConnectionPoolKey poolKey, DbConnectionOptions userOptions)
   at Microsoft.Data.ProviderBase.DbConnectionPool.CreateObject(DbConnection owningObject, DbConnectionOptions userOptions, DbConnectionInternal oldConnection)
   at Microsoft.Data.ProviderBase.DbConnectionPool.UserCreateRequest(DbConnection owningObject, DbConnectionOptions userOptions, DbConnectionInternal oldConnection)
   at Microsoft.Data.ProviderBase.DbConnectionPool.TryGetConnection(DbConnection owningObject, UInt32 waitForMultipleObjectsTimeout, Boolean allowCreate, Boolean onlyOneCheckConnection, DbConnectionOptions userOptions, DbConnectionInternal& connection)
   at Microsoft.Data.ProviderBase.DbConnectionPool.TryGetConnection(DbConnection owningObject, TaskCompletionSource`1 retry, DbConnectionOptions userOptions, DbConnectionInternal& connection)
   at Microsoft.Data.ProviderBase.DbConnectionFactory.TryGetConnection(DbConnection owningConnection, TaskCompletionSource`1 retry, DbConnectionOptions userOptions, DbConnectionInternal oldConnection, DbConnectionInternal& connection)
   at Microsoft.Data.ProviderBase.DbConnectionInternal.TryOpenConnectionInternal(DbConnection outerConnection, DbConnectionFactory connectionFactory, TaskCompletionSource`1 retry, DbConnectionOptions userOptions)
   at Microsoft.Data.ProviderBase.DbConnectionClosed.TryOpenConnection(DbConnection outerConnection, DbConnectionFactory connectionFactory, TaskCompletionSource`1 retry, DbConnectionOptions userOptions)
   at Microsoft.Data.SqlClient.SqlConnection.TryOpen(TaskCompletionSource`1 retry, SqlConnectionOverrides overrides)
   at Microsoft.Data.SqlClient.SqlConnection.Open(SqlConnectionOverrides overrides)
   at Microsoft.Data.SqlClient.SqlConnection.Open()
   at Microsoft.EntityFrameworkCore.SqlServer.Storage.Internal.SqlServerConnection.OpenDbConnection(Boolean errorsExpected)
   at Microsoft.EntityFrameworkCore.Storage.RelationalConnection.OpenInternal(Boolean errorsExpected)
   at Microsoft.EntityFrameworkCore.Storage.RelationalConnection.Open(Boolean errorsExpected)
   at Microsoft.EntityFrameworkCore.Storage.RelationalCommand.ExecuteReader(RelationalCommandParameterObject parameterObject)
   at Microsoft.EntityFrameworkCore.Query.Internal.SingleQueryingEnumerable`1.Enumerator.InitializeReader(Enumerator enumerator)
   at Microsoft.EntityFrameworkCore.Query.Internal.SingleQueryingEnumerable`1.Enumerator.<>c.<MoveNext>b__21_0(DbContext _, Enumerator enumerator)
   at Microsoft.EntityFrameworkCore.SqlServer.Storage.Internal.SqlServerExecutionStrategy.Execute[TState,TResult](TState state, Func`3 operation, Func`3 verifySucceeded)
   at Microsoft.EntityFrameworkCore.Query.Internal.SingleQueryingEnumerable`1.Enumerator.MoveNext()
ClientConnectionId:00000000-0000-0000-0000-000000000000

2023-02-09 22:26:16.171 +05:30  ERR  A network-related or instance-specific error occurred while establishing a connection to SQL Server. The server was not found or was not accessible. Verify that the instance name is correct and that SQL Server is configured to allow remote connections. (provider: TCP Provider, error: 35 - An internal exception was caught)
2023-02-09 22:26:16.174 +05:30  INF  Executing NotFoundObjectResult, writing value of type 'System.String'.
2023-02-09 22:26:16.179 +05:30  INF  Executed action HotelBooking.Controllers.UserController.UserSignUp (HotelBooking) in 20389.9857ms
2023-02-09 22:26:16.179 +05:30  INF  Executed endpoint 'HotelBooking.Controllers.UserController.UserSignUp (HotelBooking)'
2023-02-09 22:26:16.190 +05:30  INF  Request finished HTTP/1.1 POST http://localhost:5250/User/UserSignUp application/json 116 - 404 - text/plain;+charset=utf-8 20434.9870ms
2023-02-09 22:29:15.057 +05:30  INF  Request starting HTTP/1.1 POST http://localhost:5250/User/UserSignUp application/json 116
2023-02-09 22:29:15.071 +05:30  INF  Executing endpoint 'HotelBooking.Controllers.UserController.UserSignUp (HotelBooking)'
2023-02-09 22:29:15.074 +05:30  INF  Route matched with {action = "UserSignUp", controller = "User"}. Executing controller action with signature Microsoft.AspNetCore.Mvc.ActionResult UserSignUp(HotelBooking.Data.ViewModels.UserVM) on controller HotelBooking.Controllers.UserController (HotelBooking).
2023-02-09 22:29:20.441 +05:30  INF  Executed DbCommand (492ms) [Parameters=[@__email_0='?' (Size = 4000)], CommandType='"Text"', CommandTimeout='30']
SELECT TOP(2) [u].[userId], [u].[password], [u].[phone], [u].[userEmail], [u].[userName]
FROM [User] AS [u]
WHERE [u].[userEmail] = @__email_0
2023-02-09 22:29:21.014 +05:30  INF  Executed DbCommand (289ms) [Parameters=[@p0='?' (Size = 4000), @p1='?' (Size = 4000), @p2='?' (Size = 4000), @p3='?' (Size = 4000)], CommandType='"Text"', CommandTimeout='30']
SET IMPLICIT_TRANSACTIONS OFF;
SET NOCOUNT ON;
INSERT INTO [User] ([password], [phone], [userEmail], [userName])
OUTPUT INSERTED.[userId]
VALUES (@p0, @p1, @p2, @p3);
2023-02-09 22:29:21.049 +05:30  INF  User Signed Up Successfully
2023-02-09 22:29:21.584 +05:30  INF  Executing OkObjectResult, writing value of type 'System.String'.
2023-02-09 22:29:21.584 +05:30  INF  Executed action HotelBooking.Controllers.UserController.UserSignUp (HotelBooking) in 6510.0016ms
2023-02-09 22:29:21.584 +05:30  INF  Executed endpoint 'HotelBooking.Controllers.UserController.UserSignUp (HotelBooking)'
2023-02-09 22:29:21.585 +05:30  INF  Request finished HTTP/1.1 POST http://localhost:5250/User/UserSignUp application/json 116 - 200 - text/plain;+charset=utf-8 6532.0309ms
2023-02-09 22:36:45.963 +05:30  INF  User profile is available. Using '/Users/presidio/.aspnet/DataProtection-Keys' as key repository; keys will not be encrypted at rest.
2023-02-09 22:36:46.415 +05:30  INF  Now listening on: http://localhost:5250
2023-02-09 22:36:46.417 +05:30  INF  Application started. Press Ctrl+C to shut down.
2023-02-09 22:36:46.417 +05:30  INF  Hosting environment: Development
2023-02-09 22:36:46.418 +05:30  INF  Content root path: /Users/presidio/Projects/HotelBooking/HotelBooking
2023-02-09 22:36:47.119 +05:30  INF  Request starting HTTP/1.1 GET http://localhost:5250/swagger/index.html - -
2023-02-09 22:36:47.601 +05:30  INF  Request finished HTTP/1.1 GET http://localhost:5250/swagger/index.html - - - 200 - text/html;charset=utf-8 483.1422ms
2023-02-09 22:36:48.296 +05:30  INF  Request starting HTTP/1.1 GET http://localhost:5250/swagger/v1/swagger.json - -
2023-02-09 22:36:48.465 +05:30  INF  Request finished HTTP/1.1 GET http://localhost:5250/swagger/v1/swagger.json - - - 200 - application/json;charset=utf-8 169.3516ms
2023-02-09 22:37:15.195 +05:30  INF  Request starting HTTP/1.1 POST http://localhost:5250/User/UserLogin application/json 68
2023-02-09 22:37:15.213 +05:30  WRN  Failed to determine the https port for redirect.
2023-02-09 22:37:15.230 +05:30  INF  Executing endpoint 'HotelBooking.Controllers.UserController.UserLogin (HotelBooking)'
2023-02-09 22:37:15.253 +05:30  INF  Route matched with {action = "UserLogin", controller = "User"}. Executing controller action with signature Microsoft.AspNetCore.Mvc.IActionResult UserLogin(HotelBooking.Data.ViewModels.UserLoginVM) on controller HotelBooking.Controllers.UserController (HotelBooking).
2023-02-09 22:37:22.372 +05:30  INF  Executed DbCommand (377ms) [Parameters=[@__email_0='?' (Size = 4000)], CommandType='"Text"', CommandTimeout='30']
SELECT TOP(2) [u].[userId], [u].[password], [u].[phone], [u].[userEmail], [u].[userName]
FROM [User] AS [u]
WHERE [u].[userEmail] = @__email_0
2023-02-09 22:37:22.495 +05:30  INF  User Login Successfull! You can find the Available Locations
2023-02-09 22:37:22.504 +05:30  INF  Inside Email
2023-02-09 22:37:23.720 +05:30  INF  eyJhbGciOiJIUzI1NiIsInR5cCI6IkpXVCJ9.eyJzdWIiOiJKV1RTZXJ2aWNlQWNjZXNzVG9rZW4iLCJqdGkiOiIwMmRlZWY3My0xZjg4LTQ4NmQtOGYzNS0xY2ZhMjA5MDQxNTciLCJpYXQiOiIwOS8wMi8yMDIzIDU6MDc6MjIgUE0iLCJVc2VySWQiOiIyIiwiVXNlck5hbWUiOiJWYWlzaCIsIlVzZXJFbWFpbCI6InN2YWlzaDIwMDBAZ21haWwuY29tIiwiUGFzc3dvcmQiOiJWbUZwYzJncU1USXoiLCJleHAiOjE2NzU5NjMwNDIsImlzcyI6IkpXVEF1dGhlbnRpY2F0aW9uU2VydmVyIiwiYXVkIjoiSldUU2VydmljZVBvc3RtYW5DbGllbnQifQ.8UEEiwCp_ZtHsQKh0u8m7GC4yz5S-4a16Ox5d45AjHI
2023-02-09 22:37:24.022 +05:30  INF  Executed DbCommand (293ms) [Parameters=[], CommandType='"Text"', CommandTimeout='30']
SELECT [l].[locationId], [l].[location]
FROM [Location] AS [l]
2023-02-09 22:37:24.029 +05:30  INF  Executing OkObjectResult, writing value of type '<>f__AnonymousType5`3[[System.String, System.Private.CoreLib, Version=7.0.0.0, Culture=neutral, PublicKeyToken=7cec85d7bea7798e],[System.Collections.Generic.List`1[[HotelBooking.Models.Location, HotelBooking, Version=1.0.0.0, Culture=neutral, PublicKeyToken=null]], System.Private.CoreLib, Version=7.0.0.0, Culture=neutral, PublicKeyToken=7cec85d7bea7798e],[System.String, System.Private.CoreLib, Version=7.0.0.0, Culture=neutral, PublicKeyToken=7cec85d7bea7798e]]'.
2023-02-09 22:37:24.040 +05:30  INF  Executed action HotelBooking.Controllers.UserController.UserLogin (HotelBooking) in 8781.5255ms
2023-02-09 22:37:24.040 +05:30  INF  Executed endpoint 'HotelBooking.Controllers.UserController.UserLogin (HotelBooking)'
2023-02-09 22:37:24.051 +05:30  INF  Request finished HTTP/1.1 POST http://localhost:5250/User/UserLogin application/json 68 - 200 - application/json;+charset=utf-8 8855.2669ms
2023-02-09 22:42:41.716 +05:30  INF  User profile is available. Using '/Users/presidio/.aspnet/DataProtection-Keys' as key repository; keys will not be encrypted at rest.
2023-02-09 22:42:42.208 +05:30  INF  Now listening on: http://localhost:5250
2023-02-09 22:42:42.210 +05:30  INF  Application started. Press Ctrl+C to shut down.
2023-02-09 22:42:42.210 +05:30  INF  Hosting environment: Development
2023-02-09 22:42:42.210 +05:30  INF  Content root path: /Users/presidio/Projects/HotelBooking/HotelBooking
2023-02-09 22:42:43.391 +05:30  INF  Request starting HTTP/1.1 GET http://localhost:5250/swagger/index.html - -
2023-02-09 22:42:44.224 +05:30  INF  Request finished HTTP/1.1 GET http://localhost:5250/swagger/index.html - - - 200 - text/html;charset=utf-8 845.2818ms
2023-02-09 22:42:44.442 +05:30  INF  Request starting HTTP/1.1 GET http://localhost:5250/swagger/v1/swagger.json - -
2023-02-09 22:42:44.678 +05:30  INF  Request finished HTTP/1.1 GET http://localhost:5250/swagger/v1/swagger.json - - - 200 - application/json;charset=utf-8 236.3266ms
2023-02-09 22:43:03.012 +05:30  INF  Request starting HTTP/1.1 POST http://localhost:5250/User/UserLogin application/json 68
2023-02-09 22:43:03.021 +05:30  WRN  Failed to determine the https port for redirect.
2023-02-09 22:43:03.028 +05:30  INF  Executing endpoint 'HotelBooking.Controllers.UserController.UserLogin (HotelBooking)'
2023-02-09 22:43:03.052 +05:30  INF  Route matched with {action = "UserLogin", controller = "User"}. Executing controller action with signature Microsoft.AspNetCore.Mvc.IActionResult UserLogin(HotelBooking.Data.ViewModels.UserLoginVM) on controller HotelBooking.Controllers.UserController (HotelBooking).
2023-02-09 22:43:10.160 +05:30  INF  Executed DbCommand (373ms) [Parameters=[@__email_0='?' (Size = 4000)], CommandType='"Text"', CommandTimeout='30']
SELECT TOP(2) [u].[userId], [u].[password], [u].[phone], [u].[userEmail], [u].[userName]
FROM [User] AS [u]
WHERE [u].[userEmail] = @__email_0
2023-02-09 22:43:10.281 +05:30  INF  User Login Successfull! You can find the Available Locations
2023-02-09 22:43:10.290 +05:30  INF  Inside Email
2023-02-09 22:43:10.952 +05:30  INF  eyJhbGciOiJIUzI1NiIsInR5cCI6IkpXVCJ9.eyJzdWIiOiJKV1RTZXJ2aWNlQWNjZXNzVG9rZW4iLCJqdGkiOiIwNGRjZjE1Yi00ODFkLTQwZDItYTM1NC00MTRmZTEwNWFhMjciLCJpYXQiOiIwOS8wMi8yMDIzIDU6MTM6MTAgUE0iLCJVc2VySWQiOiIyIiwiVXNlck5hbWUiOiJWYWlzaCIsIlVzZXJFbWFpbCI6InN2YWlzaDIwMDBAZ21haWwuY29tIiwiUGFzc3dvcmQiOiJWbUZwYzJncU1USXoiLCJleHAiOjE2NzU5NjMzOTAsImlzcyI6IkpXVEF1dGhlbnRpY2F0aW9uU2VydmVyIiwiYXVkIjoiSldUU2VydmljZVBvc3RtYW5DbGllbnQifQ.IG-r4lI6Z47e0e9VP-_Yll6IqWV9PznnVPX9vkbwrpo
2023-02-09 22:43:11.317 +05:30  INF  Executed DbCommand (356ms) [Parameters=[], CommandType='"Text"', CommandTimeout='30']
SELECT [l].[locationId], [l].[location]
FROM [Location] AS [l]
2023-02-09 22:43:11.324 +05:30  INF  Executing OkObjectResult, writing value of type '<>f__AnonymousType5`3[[System.String, System.Private.CoreLib, Version=7.0.0.0, Culture=neutral, PublicKeyToken=7cec85d7bea7798e],[System.Collections.Generic.List`1[[HotelBooking.Models.Location, HotelBooking, Version=1.0.0.0, Culture=neutral, PublicKeyToken=null]], System.Private.CoreLib, Version=7.0.0.0, Culture=neutral, PublicKeyToken=7cec85d7bea7798e],[System.String, System.Private.CoreLib, Version=7.0.0.0, Culture=neutral, PublicKeyToken=7cec85d7bea7798e]]'.
2023-02-09 22:43:11.338 +05:30  INF  Executed action HotelBooking.Controllers.UserController.UserLogin (HotelBooking) in 8280.5847ms
2023-02-09 22:43:11.338 +05:30  INF  Executed endpoint 'HotelBooking.Controllers.UserController.UserLogin (HotelBooking)'
2023-02-09 22:43:11.355 +05:30  INF  Request finished HTTP/1.1 POST http://localhost:5250/User/UserLogin application/json 68 - 200 - application/json;+charset=utf-8 8342.8651ms
2023-02-09 22:44:42.564 +05:30  INF  User profile is available. Using '/Users/presidio/.aspnet/DataProtection-Keys' as key repository; keys will not be encrypted at rest.
2023-02-09 22:44:43.117 +05:30  INF  Now listening on: http://localhost:5250
2023-02-09 22:44:43.119 +05:30  INF  Application started. Press Ctrl+C to shut down.
2023-02-09 22:44:43.138 +05:30  INF  Hosting environment: Development
2023-02-09 22:44:43.139 +05:30  INF  Content root path: /Users/presidio/Projects/HotelBooking/HotelBooking
2023-02-09 22:44:43.769 +05:30  INF  Request starting HTTP/1.1 GET http://localhost:5250/swagger/index.html - -
2023-02-09 22:44:44.231 +05:30  INF  Request finished HTTP/1.1 GET http://localhost:5250/swagger/index.html - - - 200 - text/html;charset=utf-8 460.3199ms
2023-02-09 22:44:44.566 +05:30  INF  Request starting HTTP/1.1 GET http://localhost:5250/swagger/v1/swagger.json - -
2023-02-09 22:44:44.858 +05:30  INF  Request finished HTTP/1.1 GET http://localhost:5250/swagger/v1/swagger.json - - - 200 - application/json;charset=utf-8 292.5384ms
2023-02-09 22:45:11.231 +05:30  INF  Request starting HTTP/1.1 POST http://localhost:5250/User/UserLogin application/json 71
2023-02-09 22:45:11.242 +05:30  WRN  Failed to determine the https port for redirect.
2023-02-09 22:45:11.249 +05:30  INF  Executing endpoint 'HotelBooking.Controllers.UserController.UserLogin (HotelBooking)'
2023-02-09 22:45:11.274 +05:30  INF  Route matched with {action = "UserLogin", controller = "User"}. Executing controller action with signature Microsoft.AspNetCore.Mvc.IActionResult UserLogin(HotelBooking.Data.ViewModels.UserLoginVM) on controller HotelBooking.Controllers.UserController (HotelBooking).
2023-02-09 22:45:18.223 +05:30  INF  Executed DbCommand (339ms) [Parameters=[@__email_0='?' (Size = 4000)], CommandType='"Text"', CommandTimeout='30']
SELECT TOP(2) [u].[userId], [u].[password], [u].[phone], [u].[userEmail], [u].[userName]
FROM [User] AS [u]
WHERE [u].[userEmail] = @__email_0
2023-02-09 22:45:18.337 +05:30  INF  User Login Successfull! You can find the Available Locations
2023-02-09 22:45:18.346 +05:30  INF  Inside Email
2023-02-09 22:45:19.053 +05:30  INF  eyJhbGciOiJIUzI1NiIsInR5cCI6IkpXVCJ9.eyJzdWIiOiJKV1RTZXJ2aWNlQWNjZXNzVG9rZW4iLCJqdGkiOiI1ZTRhNzIyOS02OTZhLTRlNmQtYjQ4Yy1kYzVmNzA4MmYwNDgiLCJpYXQiOiIwOS8wMi8yMDIzIDU6MTU6MTggUE0iLCJVc2VySWQiOiIxIiwiVXNlck5hbWUiOiJWYWlzaG5hdmkgUyIsIlVzZXJFbWFpbCI6InZhaXNobmF2aXNAcHJlc2lkaW8uY29tIiwiUGFzc3dvcmQiOiJWbUZwYzJncU1USXoiLCJleHAiOjE2NzU5NjM1MTgsImlzcyI6IkpXVEF1dGhlbnRpY2F0aW9uU2VydmVyIiwiYXVkIjoiSldUU2VydmljZVBvc3RtYW5DbGllbnQifQ.jnc43JyP0ZBzFZbjf1oz6rQm48ZhXNd0pPadvkWF0Yk
2023-02-09 22:45:19.348 +05:30  INF  Executed DbCommand (286ms) [Parameters=[], CommandType='"Text"', CommandTimeout='30']
SELECT [l].[locationId], [l].[location]
FROM [Location] AS [l]
2023-02-09 22:45:19.355 +05:30  INF  Executing OkObjectResult, writing value of type '<>f__AnonymousType5`3[[System.String, System.Private.CoreLib, Version=7.0.0.0, Culture=neutral, PublicKeyToken=7cec85d7bea7798e],[System.Collections.Generic.List`1[[HotelBooking.Models.Location, HotelBooking, Version=1.0.0.0, Culture=neutral, PublicKeyToken=null]], System.Private.CoreLib, Version=7.0.0.0, Culture=neutral, PublicKeyToken=7cec85d7bea7798e],[System.String, System.Private.CoreLib, Version=7.0.0.0, Culture=neutral, PublicKeyToken=7cec85d7bea7798e]]'.
2023-02-09 22:45:19.365 +05:30  INF  Executed action HotelBooking.Controllers.UserController.UserLogin (HotelBooking) in 8084.9148ms
2023-02-09 22:45:19.365 +05:30  INF  Executed endpoint 'HotelBooking.Controllers.UserController.UserLogin (HotelBooking)'
2023-02-09 22:45:19.375 +05:30  INF  Request finished HTTP/1.1 POST http://localhost:5250/User/UserLogin application/json 71 - 200 - application/json;+charset=utf-8 8144.3386ms
2023-02-09 22:51:07.487 +05:30  INF  Application is shutting down...
