2023-01-12 17:06:01.381 +05:30  INF  Executed DbCommand (360ms) [Parameters=[], CommandType='"Text"', CommandTimeout='30']
SELECT 1
2023-01-12 17:06:01.780 +05:30  INF  Executed DbCommand (352ms) [Parameters=[], CommandType='"Text"', CommandTimeout='30']
SELECT OBJECT_ID(N'[__EFMigrationsHistory]');
2023-01-12 17:06:02.022 +05:30  INF  Executed DbCommand (240ms) [Parameters=[], CommandType='"Text"', CommandTimeout='30']
SELECT 1
2023-01-12 17:06:02.391 +05:30  INF  Executed DbCommand (260ms) [Parameters=[], CommandType='"Text"', CommandTimeout='30']
CREATE TABLE [__EFMigrationsHistory] (
    [MigrationId] nvarchar(150) NOT NULL,
    [ProductVersion] nvarchar(32) NOT NULL,
    CONSTRAINT [PK___EFMigrationsHistory] PRIMARY KEY ([MigrationId])
);
2023-01-12 17:06:02.632 +05:30  INF  Executed DbCommand (240ms) [Parameters=[], CommandType='"Text"', CommandTimeout='30']
SELECT 1
2023-01-12 17:06:02.876 +05:30  INF  Executed DbCommand (243ms) [Parameters=[], CommandType='"Text"', CommandTimeout='30']
SELECT OBJECT_ID(N'[__EFMigrationsHistory]');
2023-01-12 17:06:03.134 +05:30  INF  Executed DbCommand (255ms) [Parameters=[], CommandType='"Text"', CommandTimeout='30']
SELECT [MigrationId], [ProductVersion]
FROM [__EFMigrationsHistory]
ORDER BY [MigrationId];
2023-01-12 17:06:03.153 +05:30  INF  Applying migration '20230112113400_db_initilize'.
2023-01-12 17:06:03.753 +05:30  INF  Executed DbCommand (242ms) [Parameters=[], CommandType='"Text"', CommandTimeout='30']
CREATE TABLE [Location] (
    [locationId] int NOT NULL IDENTITY,
    [location] nvarchar(max) NOT NULL,
    CONSTRAINT [PK_Location] PRIMARY KEY ([locationId])
);
2023-01-12 17:06:04.082 +05:30  INF  Executed DbCommand (328ms) [Parameters=[], CommandType='"Text"', CommandTimeout='30']
CREATE TABLE [User] (
    [userId] int NOT NULL IDENTITY,
    [userName] nvarchar(max) NOT NULL,
    [userEmail] nvarchar(max) NOT NULL,
    [phone] nvarchar(max) NOT NULL,
    [password] nvarchar(max) NOT NULL,
    CONSTRAINT [PK_User] PRIMARY KEY ([userId])
);
2023-01-12 17:06:04.326 +05:30  INF  Executed DbCommand (243ms) [Parameters=[], CommandType='"Text"', CommandTimeout='30']
CREATE TABLE [Hotel] (
    [hotelId] int NOT NULL IDENTITY,
    [hotelName] nvarchar(max) NOT NULL,
    [noOfRooms] int NOT NULL,
    [LocationId] int NOT NULL,
    CONSTRAINT [PK_Hotel] PRIMARY KEY ([hotelId]),
    CONSTRAINT [FK_Hotel_Location_LocationId] FOREIGN KEY ([LocationId]) REFERENCES [Location] ([locationId]) ON DELETE CASCADE
);
2023-01-12 17:06:04.570 +05:30  INF  Executed DbCommand (244ms) [Parameters=[], CommandType='"Text"', CommandTimeout='30']
CREATE TABLE [Room] (
    [roomId] int NOT NULL IDENTITY,
    [roomName] nvarchar(max) NOT NULL,
    [roomRate] real NOT NULL,
    [roomCapacity] int NOT NULL,
    [HotelId] int NOT NULL,
    CONSTRAINT [PK_Room] PRIMARY KEY ([roomId]),
    CONSTRAINT [FK_Room_Hotel_HotelId] FOREIGN KEY ([HotelId]) REFERENCES [Hotel] ([hotelId]) ON DELETE CASCADE
);
2023-01-12 17:06:04.882 +05:30  INF  Executed DbCommand (312ms) [Parameters=[], CommandType='"Text"', CommandTimeout='30']
CREATE TABLE [Booking] (
    [bookingId] int NOT NULL IDENTITY,
    [noOfPersons] int NOT NULL,
    [paid] bit NOT NULL,
    [checkInTime] datetime2 NOT NULL,
    [checkOutTime] datetime2 NOT NULL,
    [RoomId] int NOT NULL,
    [UserId] int NOT NULL,
    CONSTRAINT [PK_Booking] PRIMARY KEY ([bookingId]),
    CONSTRAINT [FK_Booking_Room_RoomId] FOREIGN KEY ([RoomId]) REFERENCES [Room] ([roomId]) ON DELETE CASCADE,
    CONSTRAINT [FK_Booking_User_UserId] FOREIGN KEY ([UserId]) REFERENCES [User] ([userId]) ON DELETE CASCADE
);
2023-01-12 17:06:05.249 +05:30  INF  Executed DbCommand (367ms) [Parameters=[], CommandType='"Text"', CommandTimeout='30']
CREATE INDEX [IX_Booking_RoomId] ON [Booking] ([RoomId]);
2023-01-12 17:06:05.558 +05:30  INF  Executed DbCommand (308ms) [Parameters=[], CommandType='"Text"', CommandTimeout='30']
CREATE INDEX [IX_Booking_UserId] ON [Booking] ([UserId]);
2023-01-12 17:06:05.865 +05:30  INF  Executed DbCommand (306ms) [Parameters=[], CommandType='"Text"', CommandTimeout='30']
CREATE INDEX [IX_Hotel_LocationId] ON [Hotel] ([LocationId]);
2023-01-12 17:06:06.105 +05:30  INF  Executed DbCommand (240ms) [Parameters=[], CommandType='"Text"', CommandTimeout='30']
CREATE INDEX [IX_Room_HotelId] ON [Room] ([HotelId]);
2023-01-12 17:06:06.347 +05:30  INF  Executed DbCommand (241ms) [Parameters=[], CommandType='"Text"', CommandTimeout='30']
INSERT INTO [__EFMigrationsHistory] ([MigrationId], [ProductVersion])
VALUES (N'20230112113400_db_initilize', N'7.0.1');
2023-01-12 17:06:45.569 +05:30  INF  Now listening on: https://localhost:42275
2023-01-12 17:06:45.654 +05:30  INF  Now listening on: http://localhost:46435
2023-01-12 17:06:45.656 +05:30  INF  Application started. Press Ctrl+C to shut down.
2023-01-12 17:06:45.657 +05:30  INF  Hosting environment: Development
2023-01-12 17:06:45.657 +05:30  INF  Content root path: /Users/presidio/Projects/HotelBooking/HotelBooking
2023-01-12 17:06:47.449 +05:30  INF  Request starting HTTP/1.1 GET https://localhost:42275/swagger/index.html - -
2023-01-12 17:06:47.704 +05:30  INF  Request finished HTTP/1.1 GET https://localhost:42275/swagger/index.html - - - 200 - text/html;charset=utf-8 257.3137ms
2023-01-12 17:06:47.725 +05:30  INF  Request starting HTTP/1.1 GET https://localhost:42275/swagger/swagger-ui.css - -
2023-01-12 17:06:47.738 +05:30  INF  Request starting HTTP/1.1 GET https://localhost:42275/swagger/swagger-ui-bundle.js - -
2023-01-12 17:06:47.753 +05:30  INF  Sending file. Request path: '/swagger-ui.css'. Physical path: 'N/A'
2023-01-12 17:06:47.754 +05:30  INF  Request finished HTTP/1.1 GET https://localhost:42275/swagger/swagger-ui.css - - - 200 143943 text/css 28.9774ms
2023-01-12 17:06:47.754 +05:30  INF  Request starting HTTP/1.1 GET https://localhost:42275/swagger/swagger-ui-standalone-preset.js - -
2023-01-12 17:06:47.773 +05:30  INF  Sending file. Request path: '/swagger-ui-standalone-preset.js'. Physical path: 'N/A'
2023-01-12 17:06:47.776 +05:30  INF  Sending file. Request path: '/swagger-ui-bundle.js'. Physical path: 'N/A'
2023-01-12 17:06:47.790 +05:30  INF  Request finished HTTP/1.1 GET https://localhost:42275/swagger/swagger-ui-standalone-preset.js - - - 200 339486 text/javascript 36.0952ms
2023-01-12 17:06:47.790 +05:30  INF  Request finished HTTP/1.1 GET https://localhost:42275/swagger/swagger-ui-bundle.js - - - 200 1096145 text/javascript 52.2731ms
2023-01-12 17:06:48.174 +05:30  INF  Request starting HTTP/1.1 GET https://localhost:42275/swagger/v1/swagger.json - -
2023-01-12 17:06:48.370 +05:30  INF  Request finished HTTP/1.1 GET https://localhost:42275/swagger/v1/swagger.json - - - 200 - application/json;charset=utf-8 196.8609ms
2023-01-12 17:07:18.371 +05:30  INF  Request starting HTTP/1.1 POST https://localhost:42275/User/UserSignUp application/json 128
2023-01-12 17:07:18.378 +05:30  INF  Executing endpoint 'HotelBooking.Controllers.UserController.UserSignUp (HotelBooking)'
2023-01-12 17:07:18.407 +05:30  INF  Route matched with {action = "UserSignUp", controller = "User"}. Executing controller action with signature Microsoft.AspNetCore.Mvc.IActionResult UserSignUp(HotelBooking.Data.ViewModels.UserVM) on controller HotelBooking.Controllers.UserController (HotelBooking).
2023-01-12 17:07:26.529 +05:30  INF  Executed DbCommand (996ms) [Parameters=[@__email_0='?' (Size = 4000)], CommandType='"Text"', CommandTimeout='30']
SELECT TOP(2) [u].[userId], [u].[password], [u].[phone], [u].[userEmail], [u].[userName]
FROM [User] AS [u]
WHERE [u].[userEmail] = @__email_0
2023-01-12 17:07:26.602 +05:30  INF  Executing BadRequestObjectResult, writing value of type 'Microsoft.AspNetCore.Mvc.ValidationProblemDetails'.
2023-01-12 17:07:26.613 +05:30  INF  Executed action HotelBooking.Controllers.UserController.UserSignUp (HotelBooking) in 8198.7216ms
2023-01-12 17:07:26.613 +05:30  INF  Executed endpoint 'HotelBooking.Controllers.UserController.UserSignUp (HotelBooking)'
2023-01-12 17:07:26.625 +05:30  INF  Request finished HTTP/1.1 POST https://localhost:42275/User/UserSignUp application/json 128 - 400 - application/problem+json;+charset=utf-8 8254.5889ms
2023-01-12 17:08:33.749 +05:30  INF  Request starting HTTP/1.1 POST https://localhost:42275/User/UserSignUp application/json 128
2023-01-12 17:08:33.751 +05:30  INF  Executing endpoint 'HotelBooking.Controllers.UserController.UserSignUp (HotelBooking)'
2023-01-12 17:08:33.757 +05:30  INF  Route matched with {action = "UserSignUp", controller = "User"}. Executing controller action with signature Microsoft.AspNetCore.Mvc.IActionResult UserSignUp(HotelBooking.Data.ViewModels.UserVM) on controller HotelBooking.Controllers.UserController (HotelBooking).
2023-01-12 17:08:34.067 +05:30  INF  Executed DbCommand (242ms) [Parameters=[@__email_0='?' (Size = 4000)], CommandType='"Text"', CommandTimeout='30']
SELECT TOP(2) [u].[userId], [u].[password], [u].[phone], [u].[userEmail], [u].[userName]
FROM [User] AS [u]
WHERE [u].[userEmail] = @__email_0
2023-01-12 17:08:34.757 +05:30  INF  Executed DbCommand (365ms) [Parameters=[@p0='?' (Size = 4000), @p1='?' (Size = 4000), @p2='?' (Size = 4000), @p3='?' (Size = 4000)], CommandType='"Text"', CommandTimeout='30']
SET IMPLICIT_TRANSACTIONS OFF;
SET NOCOUNT ON;
INSERT INTO [User] ([password], [phone], [userEmail], [userName])
OUTPUT INSERTED.[userId]
VALUES (@p0, @p1, @p2, @p3);
2023-01-12 17:08:34.805 +05:30  INF  User Signed Up Successfully
2023-01-12 17:08:34.806 +05:30  INF  Executing OkObjectResult, writing value of type 'System.String'.
2023-01-12 17:08:34.806 +05:30  INF  Executed action HotelBooking.Controllers.UserController.UserSignUp (HotelBooking) in 1048.7476ms
2023-01-12 17:08:34.806 +05:30  INF  Executed endpoint 'HotelBooking.Controllers.UserController.UserSignUp (HotelBooking)'
2023-01-12 17:08:34.807 +05:30  INF  Request finished HTTP/1.1 POST https://localhost:42275/User/UserSignUp application/json 128 - 200 - text/plain;+charset=utf-8 1058.6111ms
2023-01-12 17:08:53.027 +05:30  INF  Request starting HTTP/1.1 GET https://localhost:42275/User/UserLogin?userEmail=vaishnavis%40presidio.com&userPassword=Presidio%2A123 - -
2023-01-12 17:08:53.034 +05:30  INF  Executing endpoint 'HotelBooking.Controllers.UserController.UserLogin (HotelBooking)'
2023-01-12 17:08:53.039 +05:30  INF  Route matched with {action = "UserLogin", controller = "User"}. Executing controller action with signature Microsoft.AspNetCore.Mvc.IActionResult UserLogin(System.String, System.String) on controller HotelBooking.Controllers.UserController (HotelBooking).
2023-01-12 17:08:53.394 +05:30  INF  Executed DbCommand (245ms) [Parameters=[@__email_0='?' (Size = 4000)], CommandType='"Text"', CommandTimeout='30']
SELECT TOP(2) [u].[userId], [u].[password], [u].[phone], [u].[userEmail], [u].[userName]
FROM [User] AS [u]
WHERE [u].[userEmail] = @__email_0
2023-01-12 17:08:53.666 +05:30  INF  Executed DbCommand (243ms) [Parameters=[], CommandType='"Text"', CommandTimeout='30']
SELECT [l].[locationId], [l].[location]
FROM [Location] AS [l]
2023-01-12 17:08:53.666 +05:30  INF  Executing OkObjectResult, writing value of type 'System.Collections.Generic.List`1[[HotelBooking.Models.Location, HotelBooking, Version=1.0.0.0, Culture=neutral, PublicKeyToken=null]]'.
2023-01-12 17:08:53.669 +05:30  INF  Executed action HotelBooking.Controllers.UserController.UserLogin (HotelBooking) in 629.9752ms
2023-01-12 17:08:53.669 +05:30  INF  Executed endpoint 'HotelBooking.Controllers.UserController.UserLogin (HotelBooking)'
2023-01-12 17:08:53.669 +05:30  INF  Request finished HTTP/1.1 GET https://localhost:42275/User/UserLogin?userEmail=vaishnavis%40presidio.com&userPassword=Presidio%2A123 - - - 200 - application/json;+charset=utf-8 641.9033ms
2023-01-12 22:29:49.654 +05:30  INF  Application is shutting down...
2023-01-12 22:31:32.823 +05:30  INF  Now listening on: https://localhost:42275
2023-01-12 22:31:32.937 +05:30  INF  Now listening on: http://localhost:46435
2023-01-12 22:31:32.940 +05:30  INF  Application started. Press Ctrl+C to shut down.
2023-01-12 22:31:32.940 +05:30  INF  Hosting environment: Development
2023-01-12 22:31:32.940 +05:30  INF  Content root path: /Users/presidio/Projects/HotelBooking/HotelBooking
2023-01-12 22:31:40.224 +05:30  INF  Request starting HTTP/1.1 GET https://localhost:42275/swagger/index.html - -
2023-01-12 22:31:40.532 +05:30  INF  Request finished HTTP/1.1 GET https://localhost:42275/swagger/index.html - - - 200 - text/html;charset=utf-8 309.9123ms
2023-01-12 22:31:40.615 +05:30  INF  Request starting HTTP/1.1 GET https://localhost:42275/swagger/swagger-ui-standalone-preset.js - -
2023-01-12 22:31:40.617 +05:30  INF  Request starting HTTP/1.1 GET https://localhost:42275/swagger/swagger-ui-bundle.js - -
2023-01-12 22:31:40.643 +05:30  INF  Sending file. Request path: '/swagger-ui-standalone-preset.js'. Physical path: 'N/A'
2023-01-12 22:31:40.643 +05:30  INF  Request finished HTTP/1.1 GET https://localhost:42275/swagger/swagger-ui-standalone-preset.js - - - 200 339486 text/javascript 28.6967ms
2023-01-12 22:31:40.680 +05:30  INF  Sending file. Request path: '/swagger-ui-bundle.js'. Physical path: 'N/A'
2023-01-12 22:31:40.686 +05:30  INF  Request finished HTTP/1.1 GET https://localhost:42275/swagger/swagger-ui-bundle.js - - - 200 1096145 text/javascript 68.8374ms
2023-01-12 22:31:40.913 +05:30  INF  Request starting HTTP/1.1 GET https://localhost:42275/swagger/v1/swagger.json - -
2023-01-12 22:31:41.126 +05:30  INF  Request finished HTTP/1.1 GET https://localhost:42275/swagger/v1/swagger.json - - - 200 - application/json;charset=utf-8 212.8390ms
2023-01-12 22:32:08.435 +05:30  INF  Request starting HTTP/1.1 POST https://localhost:42275/Location/AddLocation application/json 27
2023-01-12 22:32:08.451 +05:30  INF  Executing endpoint 'HotelBooking.Controllers.LocationController.AddLocation (HotelBooking)'
2023-01-12 22:32:08.496 +05:30  INF  Route matched with {action = "AddLocation", controller = "Location"}. Executing controller action with signature Microsoft.AspNetCore.Mvc.IActionResult AddLocation(HotelBooking.Data.ViewModels.LocationVM) on controller HotelBooking.Controllers.LocationController (HotelBooking).
2023-01-12 22:32:17.046 +05:30  INF  Executed DbCommand (351ms) [Parameters=[@p0='?' (Size = 4000)], CommandType='"Text"', CommandTimeout='30']
SET IMPLICIT_TRANSACTIONS OFF;
SET NOCOUNT ON;
INSERT INTO [Location] ([location])
OUTPUT INSERTED.[locationId]
VALUES (@p0);
2023-01-12 22:32:17.129 +05:30  INF  Location Added Successfully
2023-01-12 22:32:17.133 +05:30  INF  Executing OkObjectResult, writing value of type 'System.String'.
2023-01-12 22:32:17.140 +05:30  INF  Executed action HotelBooking.Controllers.LocationController.AddLocation (HotelBooking) in 8637.5365ms
2023-01-12 22:32:17.141 +05:30  INF  Executed endpoint 'HotelBooking.Controllers.LocationController.AddLocation (HotelBooking)'
2023-01-12 22:32:17.152 +05:30  INF  Request finished HTTP/1.1 POST https://localhost:42275/Location/AddLocation application/json 27 - 200 - text/plain;+charset=utf-8 8716.6022ms
