2023-02-10 11:13:51.127 +05:30  INF  User profile is available. Using '/Users/presidio/.aspnet/DataProtection-Keys' as key repository; keys will not be encrypted at rest.
2023-02-10 11:13:51.350 +05:30  INF  Now listening on: http://localhost:5250
2023-02-10 11:13:51.361 +05:30  INF  Application started. Press Ctrl+C to shut down.
2023-02-10 11:13:51.362 +05:30  INF  Hosting environment: Development
2023-02-10 11:13:51.362 +05:30  INF  Content root path: /Users/presidio/Projects/HotelBooking/HotelBooking
2023-02-10 11:13:51.980 +05:30  INF  Request starting HTTP/1.1 GET http://localhost:5250/swagger/index.html - -
2023-02-10 11:13:52.632 +05:30  INF  Request finished HTTP/1.1 GET http://localhost:5250/swagger/index.html - - - 200 - text/html;charset=utf-8 654.5776ms
2023-02-10 11:13:52.679 +05:30  INF  Request starting HTTP/1.1 GET http://localhost:5250/swagger/swagger-ui-standalone-preset.js - -
2023-02-10 11:13:52.682 +05:30  INF  Request starting HTTP/1.1 GET http://localhost:5250/swagger/swagger-ui-bundle.js - -
2023-02-10 11:13:52.734 +05:30  INF  Sending file. Request path: '/swagger-ui-bundle.js'. Physical path: 'N/A'
2023-02-10 11:13:52.734 +05:30  INF  Sending file. Request path: '/swagger-ui-standalone-preset.js'. Physical path: 'N/A'
2023-02-10 11:13:52.741 +05:30  INF  Request finished HTTP/1.1 GET http://localhost:5250/swagger/swagger-ui-bundle.js - - - 200 1061536 text/javascript 59.2334ms
2023-02-10 11:13:52.741 +05:30  INF  Request finished HTTP/1.1 GET http://localhost:5250/swagger/swagger-ui-standalone-preset.js - - - 200 312163 text/javascript 61.7324ms
2023-02-10 11:13:52.931 +05:30  INF  Request starting HTTP/1.1 GET http://localhost:5250/swagger/v1/swagger.json - -
2023-02-10 11:13:53.108 +05:30  INF  Request finished HTTP/1.1 GET http://localhost:5250/swagger/v1/swagger.json - - - 200 - application/json;charset=utf-8 176.8152ms
2023-02-10 11:14:35.124 +05:30  INF  Request starting HTTP/1.1 POST http://localhost:5250/Room/CreateRoom multipart/form-data;+boundary=----WebKitFormBoundarytI0fs3g4btJd9vG6 5873
2023-02-10 11:14:35.129 +05:30  WRN  Failed to determine the https port for redirect.
2023-02-10 11:14:35.133 +05:30  INF  Executing endpoint 'HotelBooking.Controllers.RoomController.CreateRoom (HotelBooking)'
2023-02-10 11:14:35.167 +05:30  INF  Route matched with {action = "CreateRoom", controller = "Room"}. Executing controller action with signature Microsoft.AspNetCore.Mvc.IActionResult CreateRoom(HotelBooking.Data.ViewModels.RoomVM) on controller HotelBooking.Controllers.RoomController (HotelBooking).
2023-02-10 11:14:35.795 +05:30  INF  Image Uploaded to Blob Successfully
2023-02-10 11:14:39.882 +05:30  INF  Executed DbCommand (363ms) [Parameters=[@p0='?' (DbType = Int32), @p1='?' (DbType = Int32), @p2='?' (Size = 4000), @p3='?' (Size = 4000), @p4='?' (DbType = Single)], CommandType='"Text"', CommandTimeout='30']
SET IMPLICIT_TRANSACTIONS OFF;
SET NOCOUNT ON;
INSERT INTO [Room] ([HotelId], [roomCapacity], [roomImage], [roomName], [roomRate])
OUTPUT INSERTED.[roomId]
VALUES (@p0, @p1, @p2, @p3, @p4);
2023-02-10 11:14:39.948 +05:30  ERR  An exception occurred in the database while saving changes for context type 'HotelBooking.Data.DbInitializer'.
Microsoft.EntityFrameworkCore.DbUpdateException: An error occurred while saving the entity changes. See the inner exception for details.
 ---> Microsoft.Data.SqlClient.SqlException (0x80131904): The INSERT statement conflicted with the FOREIGN KEY constraint "FK_Room_Hotel_HotelId". The conflict occurred in database "HotelReservation", table "dbo.Hotel", column 'hotelId'.
   at Microsoft.Data.SqlClient.SqlConnection.OnError(SqlException exception, Boolean breakConnection, Action`1 wrapCloseInAction)
   at Microsoft.Data.SqlClient.SqlInternalConnection.OnError(SqlException exception, Boolean breakConnection, Action`1 wrapCloseInAction)
   at Microsoft.Data.SqlClient.TdsParser.ThrowExceptionAndWarning(TdsParserStateObject stateObj, Boolean callerHasConnectionLock, Boolean asyncClose)
   at Microsoft.Data.SqlClient.TdsParser.TryRun(RunBehavior runBehavior, SqlCommand cmdHandler, SqlDataReader dataStream, BulkCopySimpleResultSet bulkCopyHandler, TdsParserStateObject stateObj, Boolean& dataReady)
   at Microsoft.Data.SqlClient.SqlDataReader.TryHasMoreRows(Boolean& moreRows)
   at Microsoft.Data.SqlClient.SqlDataReader.TryReadInternal(Boolean setTimeout, Boolean& more)
   at Microsoft.Data.SqlClient.SqlDataReader.Read()
   at Microsoft.EntityFrameworkCore.Storage.RelationalDataReader.Read()
   at Microsoft.EntityFrameworkCore.Update.AffectedCountModificationCommandBatch.ConsumeResultSet(Int32 startCommandIndex, RelationalDataReader reader)
   at Microsoft.EntityFrameworkCore.Update.AffectedCountModificationCommandBatch.Consume(RelationalDataReader reader)
ClientConnectionId:e9100d65-8993-46fd-86f4-4ad7c9eca92d
Error Number:547,State:0,Class:16
   --- End of inner exception stack trace ---
   at Microsoft.EntityFrameworkCore.Update.AffectedCountModificationCommandBatch.Consume(RelationalDataReader reader)
   at Microsoft.EntityFrameworkCore.Update.ReaderModificationCommandBatch.Execute(IRelationalConnection connection)
   at Microsoft.EntityFrameworkCore.SqlServer.Update.Internal.SqlServerModificationCommandBatch.Execute(IRelationalConnection connection)
   at Microsoft.EntityFrameworkCore.Update.Internal.BatchExecutor.Execute(IEnumerable`1 commandBatches, IRelationalConnection connection)
   at Microsoft.EntityFrameworkCore.Storage.RelationalDatabase.SaveChanges(IList`1 entries)
   at Microsoft.EntityFrameworkCore.ChangeTracking.Internal.StateManager.SaveChanges(IList`1 entriesToSave)
   at Microsoft.EntityFrameworkCore.ChangeTracking.Internal.StateManager.SaveChanges(StateManager stateManager, Boolean acceptAllChangesOnSuccess)
   at Microsoft.EntityFrameworkCore.ChangeTracking.Internal.StateManager.<>c.<SaveChanges>b__107_0(DbContext _, ValueTuple`2 t)
   at Microsoft.EntityFrameworkCore.SqlServer.Storage.Internal.SqlServerExecutionStrategy.Execute[TState,TResult](TState state, Func`3 operation, Func`3 verifySucceeded)
   at Microsoft.EntityFrameworkCore.ChangeTracking.Internal.StateManager.SaveChanges(Boolean acceptAllChangesOnSuccess)
   at Microsoft.EntityFrameworkCore.DbContext.SaveChanges(Boolean acceptAllChangesOnSuccess)Microsoft.EntityFrameworkCore.DbUpdateException: An error occurred while saving the entity changes. See the inner exception for details.
 ---> Microsoft.Data.SqlClient.SqlException (0x80131904): The INSERT statement conflicted with the FOREIGN KEY constraint "FK_Room_Hotel_HotelId". The conflict occurred in database "HotelReservation", table "dbo.Hotel", column 'hotelId'.
   at Microsoft.Data.SqlClient.SqlConnection.OnError(SqlException exception, Boolean breakConnection, Action`1 wrapCloseInAction)
   at Microsoft.Data.SqlClient.SqlInternalConnection.OnError(SqlException exception, Boolean breakConnection, Action`1 wrapCloseInAction)
   at Microsoft.Data.SqlClient.TdsParser.ThrowExceptionAndWarning(TdsParserStateObject stateObj, Boolean callerHasConnectionLock, Boolean asyncClose)
   at Microsoft.Data.SqlClient.TdsParser.TryRun(RunBehavior runBehavior, SqlCommand cmdHandler, SqlDataReader dataStream, BulkCopySimpleResultSet bulkCopyHandler, TdsParserStateObject stateObj, Boolean& dataReady)
   at Microsoft.Data.SqlClient.SqlDataReader.TryHasMoreRows(Boolean& moreRows)
   at Microsoft.Data.SqlClient.SqlDataReader.TryReadInternal(Boolean setTimeout, Boolean& more)
   at Microsoft.Data.SqlClient.SqlDataReader.Read()
   at Microsoft.EntityFrameworkCore.Storage.RelationalDataReader.Read()
   at Microsoft.EntityFrameworkCore.Update.AffectedCountModificationCommandBatch.ConsumeResultSet(Int32 startCommandIndex, RelationalDataReader reader)
   at Microsoft.EntityFrameworkCore.Update.AffectedCountModificationCommandBatch.Consume(RelationalDataReader reader)
ClientConnectionId:e9100d65-8993-46fd-86f4-4ad7c9eca92d
Error Number:547,State:0,Class:16
   --- End of inner exception stack trace ---
   at Microsoft.EntityFrameworkCore.Update.AffectedCountModificationCommandBatch.Consume(RelationalDataReader reader)
   at Microsoft.EntityFrameworkCore.Update.ReaderModificationCommandBatch.Execute(IRelationalConnection connection)
   at Microsoft.EntityFrameworkCore.SqlServer.Update.Internal.SqlServerModificationCommandBatch.Execute(IRelationalConnection connection)
   at Microsoft.EntityFrameworkCore.Update.Internal.BatchExecutor.Execute(IEnumerable`1 commandBatches, IRelationalConnection connection)
   at Microsoft.EntityFrameworkCore.Storage.RelationalDatabase.SaveChanges(IList`1 entries)
   at Microsoft.EntityFrameworkCore.ChangeTracking.Internal.StateManager.SaveChanges(IList`1 entriesToSave)
   at Microsoft.EntityFrameworkCore.ChangeTracking.Internal.StateManager.SaveChanges(StateManager stateManager, Boolean acceptAllChangesOnSuccess)
   at Microsoft.EntityFrameworkCore.ChangeTracking.Internal.StateManager.<>c.<SaveChanges>b__107_0(DbContext _, ValueTuple`2 t)
   at Microsoft.EntityFrameworkCore.SqlServer.Storage.Internal.SqlServerExecutionStrategy.Execute[TState,TResult](TState state, Func`3 operation, Func`3 verifySucceeded)
   at Microsoft.EntityFrameworkCore.ChangeTracking.Internal.StateManager.SaveChanges(Boolean acceptAllChangesOnSuccess)
   at Microsoft.EntityFrameworkCore.DbContext.SaveChanges(Boolean acceptAllChangesOnSuccess)

2023-02-10 11:14:39.966 +05:30  ERR  An error occurred while saving the entity changes. See the inner exception for details.
2023-02-10 11:14:39.970 +05:30  INF  Executing NotFoundObjectResult, writing value of type 'System.String'.
2023-02-10 11:14:39.976 +05:30  INF  Executed action HotelBooking.Controllers.RoomController.CreateRoom (HotelBooking) in 4803.1356ms
2023-02-10 11:14:39.976 +05:30  INF  Executed endpoint 'HotelBooking.Controllers.RoomController.CreateRoom (HotelBooking)'
2023-02-10 11:14:39.987 +05:30  INF  Request finished HTTP/1.1 POST http://localhost:5250/Room/CreateRoom multipart/form-data;+boundary=----WebKitFormBoundarytI0fs3g4btJd9vG6 5873 - 404 - text/plain;+charset=utf-8 4863.8051ms
2023-02-10 11:22:40.708 +05:30  INF  Request starting HTTP/1.1 POST http://localhost:5250/Hotel/CreateHotel application/json 62
2023-02-10 11:22:40.717 +05:30  INF  Executing endpoint 'HotelBooking.Controllers.HotelController.CreateHotel (HotelBooking)'
2023-02-10 11:22:40.729 +05:30  INF  Route matched with {action = "CreateHotel", controller = "Hotel"}. Executing controller action with signature Microsoft.AspNetCore.Mvc.IActionResult CreateHotel(HotelBooking.Data.ViewModels.HotelVM) on controller HotelBooking.Controllers.HotelController (HotelBooking).
2023-02-10 11:22:45.878 +05:30  INF  Executed DbCommand (255ms) [Parameters=[@p0='?' (DbType = Int32), @p1='?' (Size = 4000), @p2='?' (DbType = Int32)], CommandType='"Text"', CommandTimeout='30']
SET IMPLICIT_TRANSACTIONS OFF;
SET NOCOUNT ON;
INSERT INTO [Hotel] ([LocationId], [hotelName], [noOfRooms])
OUTPUT INSERTED.[hotelId]
VALUES (@p0, @p1, @p2);
2023-02-10 11:22:45.885 +05:30  ERR  An exception occurred in the database while saving changes for context type 'HotelBooking.Data.DbInitializer'.
Microsoft.EntityFrameworkCore.DbUpdateException: An error occurred while saving the entity changes. See the inner exception for details.
 ---> Microsoft.Data.SqlClient.SqlException (0x80131904): The INSERT statement conflicted with the FOREIGN KEY constraint "FK_Hotel_Location_LocationId". The conflict occurred in database "HotelReservation", table "dbo.Location", column 'locationId'.
   at Microsoft.Data.SqlClient.SqlConnection.OnError(SqlException exception, Boolean breakConnection, Action`1 wrapCloseInAction)
   at Microsoft.Data.SqlClient.SqlInternalConnection.OnError(SqlException exception, Boolean breakConnection, Action`1 wrapCloseInAction)
   at Microsoft.Data.SqlClient.TdsParser.ThrowExceptionAndWarning(TdsParserStateObject stateObj, Boolean callerHasConnectionLock, Boolean asyncClose)
   at Microsoft.Data.SqlClient.TdsParser.TryRun(RunBehavior runBehavior, SqlCommand cmdHandler, SqlDataReader dataStream, BulkCopySimpleResultSet bulkCopyHandler, TdsParserStateObject stateObj, Boolean& dataReady)
   at Microsoft.Data.SqlClient.SqlDataReader.TryHasMoreRows(Boolean& moreRows)
   at Microsoft.Data.SqlClient.SqlDataReader.TryReadInternal(Boolean setTimeout, Boolean& more)
   at Microsoft.Data.SqlClient.SqlDataReader.Read()
   at Microsoft.EntityFrameworkCore.Storage.RelationalDataReader.Read()
   at Microsoft.EntityFrameworkCore.Update.AffectedCountModificationCommandBatch.ConsumeResultSet(Int32 startCommandIndex, RelationalDataReader reader)
   at Microsoft.EntityFrameworkCore.Update.AffectedCountModificationCommandBatch.Consume(RelationalDataReader reader)
ClientConnectionId:47e80e91-4a6b-47bd-91d3-a849ccc905e7
Error Number:547,State:0,Class:16
   --- End of inner exception stack trace ---
   at Microsoft.EntityFrameworkCore.Update.AffectedCountModificationCommandBatch.Consume(RelationalDataReader reader)
   at Microsoft.EntityFrameworkCore.Update.ReaderModificationCommandBatch.Execute(IRelationalConnection connection)
   at Microsoft.EntityFrameworkCore.SqlServer.Update.Internal.SqlServerModificationCommandBatch.Execute(IRelationalConnection connection)
   at Microsoft.EntityFrameworkCore.Update.Internal.BatchExecutor.Execute(IEnumerable`1 commandBatches, IRelationalConnection connection)
   at Microsoft.EntityFrameworkCore.Storage.RelationalDatabase.SaveChanges(IList`1 entries)
   at Microsoft.EntityFrameworkCore.ChangeTracking.Internal.StateManager.SaveChanges(IList`1 entriesToSave)
   at Microsoft.EntityFrameworkCore.ChangeTracking.Internal.StateManager.SaveChanges(StateManager stateManager, Boolean acceptAllChangesOnSuccess)
   at Microsoft.EntityFrameworkCore.ChangeTracking.Internal.StateManager.<>c.<SaveChanges>b__107_0(DbContext _, ValueTuple`2 t)
   at Microsoft.EntityFrameworkCore.SqlServer.Storage.Internal.SqlServerExecutionStrategy.Execute[TState,TResult](TState state, Func`3 operation, Func`3 verifySucceeded)
   at Microsoft.EntityFrameworkCore.ChangeTracking.Internal.StateManager.SaveChanges(Boolean acceptAllChangesOnSuccess)
   at Microsoft.EntityFrameworkCore.DbContext.SaveChanges(Boolean acceptAllChangesOnSuccess)Microsoft.EntityFrameworkCore.DbUpdateException: An error occurred while saving the entity changes. See the inner exception for details.
 ---> Microsoft.Data.SqlClient.SqlException (0x80131904): The INSERT statement conflicted with the FOREIGN KEY constraint "FK_Hotel_Location_LocationId". The conflict occurred in database "HotelReservation", table "dbo.Location", column 'locationId'.
   at Microsoft.Data.SqlClient.SqlConnection.OnError(SqlException exception, Boolean breakConnection, Action`1 wrapCloseInAction)
   at Microsoft.Data.SqlClient.SqlInternalConnection.OnError(SqlException exception, Boolean breakConnection, Action`1 wrapCloseInAction)
   at Microsoft.Data.SqlClient.TdsParser.ThrowExceptionAndWarning(TdsParserStateObject stateObj, Boolean callerHasConnectionLock, Boolean asyncClose)
   at Microsoft.Data.SqlClient.TdsParser.TryRun(RunBehavior runBehavior, SqlCommand cmdHandler, SqlDataReader dataStream, BulkCopySimpleResultSet bulkCopyHandler, TdsParserStateObject stateObj, Boolean& dataReady)
   at Microsoft.Data.SqlClient.SqlDataReader.TryHasMoreRows(Boolean& moreRows)
   at Microsoft.Data.SqlClient.SqlDataReader.TryReadInternal(Boolean setTimeout, Boolean& more)
   at Microsoft.Data.SqlClient.SqlDataReader.Read()
   at Microsoft.EntityFrameworkCore.Storage.RelationalDataReader.Read()
   at Microsoft.EntityFrameworkCore.Update.AffectedCountModificationCommandBatch.ConsumeResultSet(Int32 startCommandIndex, RelationalDataReader reader)
   at Microsoft.EntityFrameworkCore.Update.AffectedCountModificationCommandBatch.Consume(RelationalDataReader reader)
ClientConnectionId:47e80e91-4a6b-47bd-91d3-a849ccc905e7
Error Number:547,State:0,Class:16
   --- End of inner exception stack trace ---
   at Microsoft.EntityFrameworkCore.Update.AffectedCountModificationCommandBatch.Consume(RelationalDataReader reader)
   at Microsoft.EntityFrameworkCore.Update.ReaderModificationCommandBatch.Execute(IRelationalConnection connection)
   at Microsoft.EntityFrameworkCore.SqlServer.Update.Internal.SqlServerModificationCommandBatch.Execute(IRelationalConnection connection)
   at Microsoft.EntityFrameworkCore.Update.Internal.BatchExecutor.Execute(IEnumerable`1 commandBatches, IRelationalConnection connection)
   at Microsoft.EntityFrameworkCore.Storage.RelationalDatabase.SaveChanges(IList`1 entries)
   at Microsoft.EntityFrameworkCore.ChangeTracking.Internal.StateManager.SaveChanges(IList`1 entriesToSave)
   at Microsoft.EntityFrameworkCore.ChangeTracking.Internal.StateManager.SaveChanges(StateManager stateManager, Boolean acceptAllChangesOnSuccess)
   at Microsoft.EntityFrameworkCore.ChangeTracking.Internal.StateManager.<>c.<SaveChanges>b__107_0(DbContext _, ValueTuple`2 t)
   at Microsoft.EntityFrameworkCore.SqlServer.Storage.Internal.SqlServerExecutionStrategy.Execute[TState,TResult](TState state, Func`3 operation, Func`3 verifySucceeded)
   at Microsoft.EntityFrameworkCore.ChangeTracking.Internal.StateManager.SaveChanges(Boolean acceptAllChangesOnSuccess)
   at Microsoft.EntityFrameworkCore.DbContext.SaveChanges(Boolean acceptAllChangesOnSuccess)

2023-02-10 11:22:45.888 +05:30  ERR  An error occurred while saving the entity changes. See the inner exception for details.
2023-02-10 11:22:45.891 +05:30  INF  Executing NotFoundObjectResult, writing value of type 'System.String'.
2023-02-10 11:22:45.892 +05:30  INF  Executed action HotelBooking.Controllers.HotelController.CreateHotel (HotelBooking) in 5162.5863ms
2023-02-10 11:22:45.893 +05:30  INF  Executed endpoint 'HotelBooking.Controllers.HotelController.CreateHotel (HotelBooking)'
2023-02-10 11:22:45.894 +05:30  INF  Request finished HTTP/1.1 POST http://localhost:5250/Hotel/CreateHotel application/json 62 - 404 - text/plain;+charset=utf-8 5187.5559ms
2023-02-10 11:23:05.274 +05:30  INF  Request starting HTTP/1.1 POST http://localhost:5250/Location/AddLocation application/json 30
2023-02-10 11:23:05.275 +05:30  INF  Executing endpoint 'HotelBooking.Controllers.LocationController.AddLocation (HotelBooking)'
2023-02-10 11:23:05.277 +05:30  INF  Route matched with {action = "AddLocation", controller = "Location"}. Executing controller action with signature Microsoft.AspNetCore.Mvc.IActionResult AddLocation(HotelBooking.Data.ViewModels.LocationVM) on controller HotelBooking.Controllers.LocationController (HotelBooking).
2023-02-10 11:23:05.579 +05:30  INF  Executed DbCommand (261ms) [Parameters=[@p0='?' (Size = 4000)], CommandType='"Text"', CommandTimeout='30']
SET IMPLICIT_TRANSACTIONS OFF;
SET NOCOUNT ON;
INSERT INTO [Location] ([location])
OUTPUT INSERTED.[locationId]
VALUES (@p0);
2023-02-10 11:23:05.621 +05:30  INF  Location Added Successfully
2023-02-10 11:23:05.621 +05:30  INF  Executing OkObjectResult, writing value of type 'System.String'.
2023-02-10 11:23:05.621 +05:30  INF  Executed action HotelBooking.Controllers.LocationController.AddLocation (HotelBooking) in 343.7843ms
2023-02-10 11:23:05.621 +05:30  INF  Executed endpoint 'HotelBooking.Controllers.LocationController.AddLocation (HotelBooking)'
2023-02-10 11:23:05.621 +05:30  INF  Request finished HTTP/1.1 POST http://localhost:5250/Location/AddLocation application/json 30 - 200 - text/plain;+charset=utf-8 347.4425ms
2023-02-10 11:23:11.915 +05:30  INF  Request starting HTTP/1.1 POST http://localhost:5250/Hotel/CreateHotel application/json 62
2023-02-10 11:23:11.916 +05:30  INF  Executing endpoint 'HotelBooking.Controllers.HotelController.CreateHotel (HotelBooking)'
2023-02-10 11:23:11.917 +05:30  INF  Route matched with {action = "CreateHotel", controller = "Hotel"}. Executing controller action with signature Microsoft.AspNetCore.Mvc.IActionResult CreateHotel(HotelBooking.Data.ViewModels.HotelVM) on controller HotelBooking.Controllers.HotelController (HotelBooking).
2023-02-10 11:23:12.746 +05:30  INF  Executed DbCommand (824ms) [Parameters=[@p0='?' (DbType = Int32), @p1='?' (Size = 4000), @p2='?' (DbType = Int32)], CommandType='"Text"', CommandTimeout='30']
SET IMPLICIT_TRANSACTIONS OFF;
SET NOCOUNT ON;
INSERT INTO [Hotel] ([LocationId], [hotelName], [noOfRooms])
OUTPUT INSERTED.[hotelId]
VALUES (@p0, @p1, @p2);
2023-02-10 11:23:12.752 +05:30  INF  Hotel Added Successfully
2023-02-10 11:23:12.753 +05:30  INF  Executing OkObjectResult, writing value of type 'System.String'.
2023-02-10 11:23:12.753 +05:30  INF  Executed action HotelBooking.Controllers.HotelController.CreateHotel (HotelBooking) in 836.1612ms
2023-02-10 11:23:12.753 +05:30  INF  Executed endpoint 'HotelBooking.Controllers.HotelController.CreateHotel (HotelBooking)'
2023-02-10 11:23:12.753 +05:30  INF  Request finished HTTP/1.1 POST http://localhost:5250/Hotel/CreateHotel application/json 62 - 200 - text/plain;+charset=utf-8 838.5580ms
2023-02-10 11:23:34.014 +05:30  INF  Request starting HTTP/1.1 POST http://localhost:5250/Room/CreateRoom multipart/form-data;+boundary=----WebKitFormBoundaryOWv7QevJI84G8WCD 134536
2023-02-10 11:23:34.016 +05:30  INF  Executing endpoint 'HotelBooking.Controllers.RoomController.CreateRoom (HotelBooking)'
2023-02-10 11:23:34.016 +05:30  INF  Route matched with {action = "CreateRoom", controller = "Room"}. Executing controller action with signature Microsoft.AspNetCore.Mvc.IActionResult CreateRoom(HotelBooking.Data.ViewModels.RoomVM) on controller HotelBooking.Controllers.RoomController (HotelBooking).
2023-02-10 11:23:34.051 +05:30  INF  Image Uploaded to Blob Successfully
2023-02-10 11:23:34.384 +05:30  INF  Executed DbCommand (331ms) [Parameters=[@p0='?' (DbType = Int32), @p1='?' (DbType = Int32), @p2='?' (Size = 4000), @p3='?' (Size = 4000), @p4='?' (DbType = Single)], CommandType='"Text"', CommandTimeout='30']
SET IMPLICIT_TRANSACTIONS OFF;
SET NOCOUNT ON;
INSERT INTO [Room] ([HotelId], [roomCapacity], [roomImage], [roomName], [roomRate])
OUTPUT INSERTED.[roomId]
VALUES (@p0, @p1, @p2, @p3, @p4);
2023-02-10 11:23:34.385 +05:30  ERR  An exception occurred in the database while saving changes for context type 'HotelBooking.Data.DbInitializer'.
Microsoft.EntityFrameworkCore.DbUpdateException: An error occurred while saving the entity changes. See the inner exception for details.
 ---> Microsoft.Data.SqlClient.SqlException (0x80131904): The INSERT statement conflicted with the FOREIGN KEY constraint "FK_Room_Hotel_HotelId". The conflict occurred in database "HotelReservation", table "dbo.Hotel", column 'hotelId'.
   at Microsoft.Data.SqlClient.SqlConnection.OnError(SqlException exception, Boolean breakConnection, Action`1 wrapCloseInAction)
   at Microsoft.Data.SqlClient.SqlInternalConnection.OnError(SqlException exception, Boolean breakConnection, Action`1 wrapCloseInAction)
   at Microsoft.Data.SqlClient.TdsParser.ThrowExceptionAndWarning(TdsParserStateObject stateObj, Boolean callerHasConnectionLock, Boolean asyncClose)
   at Microsoft.Data.SqlClient.TdsParser.TryRun(RunBehavior runBehavior, SqlCommand cmdHandler, SqlDataReader dataStream, BulkCopySimpleResultSet bulkCopyHandler, TdsParserStateObject stateObj, Boolean& dataReady)
   at Microsoft.Data.SqlClient.SqlDataReader.TryHasMoreRows(Boolean& moreRows)
   at Microsoft.Data.SqlClient.SqlDataReader.TryReadInternal(Boolean setTimeout, Boolean& more)
   at Microsoft.Data.SqlClient.SqlDataReader.Read()
   at Microsoft.EntityFrameworkCore.Storage.RelationalDataReader.Read()
   at Microsoft.EntityFrameworkCore.Update.AffectedCountModificationCommandBatch.ConsumeResultSet(Int32 startCommandIndex, RelationalDataReader reader)
   at Microsoft.EntityFrameworkCore.Update.AffectedCountModificationCommandBatch.Consume(RelationalDataReader reader)
ClientConnectionId:47e80e91-4a6b-47bd-91d3-a849ccc905e7
Error Number:547,State:0,Class:16
   --- End of inner exception stack trace ---
   at Microsoft.EntityFrameworkCore.Update.AffectedCountModificationCommandBatch.Consume(RelationalDataReader reader)
   at Microsoft.EntityFrameworkCore.Update.ReaderModificationCommandBatch.Execute(IRelationalConnection connection)
   at Microsoft.EntityFrameworkCore.SqlServer.Update.Internal.SqlServerModificationCommandBatch.Execute(IRelationalConnection connection)
   at Microsoft.EntityFrameworkCore.Update.Internal.BatchExecutor.Execute(IEnumerable`1 commandBatches, IRelationalConnection connection)
   at Microsoft.EntityFrameworkCore.Storage.RelationalDatabase.SaveChanges(IList`1 entries)
   at Microsoft.EntityFrameworkCore.ChangeTracking.Internal.StateManager.SaveChanges(IList`1 entriesToSave)
   at Microsoft.EntityFrameworkCore.ChangeTracking.Internal.StateManager.SaveChanges(StateManager stateManager, Boolean acceptAllChangesOnSuccess)
   at Microsoft.EntityFrameworkCore.ChangeTracking.Internal.StateManager.<>c.<SaveChanges>b__107_0(DbContext _, ValueTuple`2 t)
   at Microsoft.EntityFrameworkCore.SqlServer.Storage.Internal.SqlServerExecutionStrategy.Execute[TState,TResult](TState state, Func`3 operation, Func`3 verifySucceeded)
   at Microsoft.EntityFrameworkCore.ChangeTracking.Internal.StateManager.SaveChanges(Boolean acceptAllChangesOnSuccess)
   at Microsoft.EntityFrameworkCore.DbContext.SaveChanges(Boolean acceptAllChangesOnSuccess)Microsoft.EntityFrameworkCore.DbUpdateException: An error occurred while saving the entity changes. See the inner exception for details.
 ---> Microsoft.Data.SqlClient.SqlException (0x80131904): The INSERT statement conflicted with the FOREIGN KEY constraint "FK_Room_Hotel_HotelId". The conflict occurred in database "HotelReservation", table "dbo.Hotel", column 'hotelId'.
   at Microsoft.Data.SqlClient.SqlConnection.OnError(SqlException exception, Boolean breakConnection, Action`1 wrapCloseInAction)
   at Microsoft.Data.SqlClient.SqlInternalConnection.OnError(SqlException exception, Boolean breakConnection, Action`1 wrapCloseInAction)
   at Microsoft.Data.SqlClient.TdsParser.ThrowExceptionAndWarning(TdsParserStateObject stateObj, Boolean callerHasConnectionLock, Boolean asyncClose)
   at Microsoft.Data.SqlClient.TdsParser.TryRun(RunBehavior runBehavior, SqlCommand cmdHandler, SqlDataReader dataStream, BulkCopySimpleResultSet bulkCopyHandler, TdsParserStateObject stateObj, Boolean& dataReady)
   at Microsoft.Data.SqlClient.SqlDataReader.TryHasMoreRows(Boolean& moreRows)
   at Microsoft.Data.SqlClient.SqlDataReader.TryReadInternal(Boolean setTimeout, Boolean& more)
   at Microsoft.Data.SqlClient.SqlDataReader.Read()
   at Microsoft.EntityFrameworkCore.Storage.RelationalDataReader.Read()
   at Microsoft.EntityFrameworkCore.Update.AffectedCountModificationCommandBatch.ConsumeResultSet(Int32 startCommandIndex, RelationalDataReader reader)
   at Microsoft.EntityFrameworkCore.Update.AffectedCountModificationCommandBatch.Consume(RelationalDataReader reader)
ClientConnectionId:47e80e91-4a6b-47bd-91d3-a849ccc905e7
Error Number:547,State:0,Class:16
   --- End of inner exception stack trace ---
   at Microsoft.EntityFrameworkCore.Update.AffectedCountModificationCommandBatch.Consume(RelationalDataReader reader)
   at Microsoft.EntityFrameworkCore.Update.ReaderModificationCommandBatch.Execute(IRelationalConnection connection)
   at Microsoft.EntityFrameworkCore.SqlServer.Update.Internal.SqlServerModificationCommandBatch.Execute(IRelationalConnection connection)
   at Microsoft.EntityFrameworkCore.Update.Internal.BatchExecutor.Execute(IEnumerable`1 commandBatches, IRelationalConnection connection)
   at Microsoft.EntityFrameworkCore.Storage.RelationalDatabase.SaveChanges(IList`1 entries)
   at Microsoft.EntityFrameworkCore.ChangeTracking.Internal.StateManager.SaveChanges(IList`1 entriesToSave)
   at Microsoft.EntityFrameworkCore.ChangeTracking.Internal.StateManager.SaveChanges(StateManager stateManager, Boolean acceptAllChangesOnSuccess)
   at Microsoft.EntityFrameworkCore.ChangeTracking.Internal.StateManager.<>c.<SaveChanges>b__107_0(DbContext _, ValueTuple`2 t)
   at Microsoft.EntityFrameworkCore.SqlServer.Storage.Internal.SqlServerExecutionStrategy.Execute[TState,TResult](TState state, Func`3 operation, Func`3 verifySucceeded)
   at Microsoft.EntityFrameworkCore.ChangeTracking.Internal.StateManager.SaveChanges(Boolean acceptAllChangesOnSuccess)
   at Microsoft.EntityFrameworkCore.DbContext.SaveChanges(Boolean acceptAllChangesOnSuccess)

2023-02-10 11:23:34.386 +05:30  ERR  An error occurred while saving the entity changes. See the inner exception for details.
2023-02-10 11:23:34.387 +05:30  INF  Executing NotFoundObjectResult, writing value of type 'System.String'.
2023-02-10 11:23:34.388 +05:30  INF  Executed action HotelBooking.Controllers.RoomController.CreateRoom (HotelBooking) in 372.0314ms
2023-02-10 11:23:34.389 +05:30  INF  Executed endpoint 'HotelBooking.Controllers.RoomController.CreateRoom (HotelBooking)'
2023-02-10 11:23:34.394 +05:30  INF  Request finished HTTP/1.1 POST http://localhost:5250/Room/CreateRoom multipart/form-data;+boundary=----WebKitFormBoundaryOWv7QevJI84G8WCD 134536 - 404 - text/plain;+charset=utf-8 380.3357ms
2023-02-10 11:24:24.105 +05:30  INF  Request starting HTTP/1.1 GET http://localhost:5250/Hotel/HotelList?location=Coimbatore - -
2023-02-10 11:24:24.106 +05:30  INF  Executing endpoint 'HotelBooking.Controllers.HotelController.HotelList (HotelBooking)'
2023-02-10 11:24:24.107 +05:30  INF  Route matched with {action = "HotelList", controller = "Hotel"}. Executing controller action with signature Microsoft.AspNetCore.Mvc.IActionResult HotelList(System.String) on controller HotelBooking.Controllers.HotelController (HotelBooking).
2023-02-10 11:24:24.964 +05:30  INF  Executed DbCommand (301ms) [Parameters=[@__location_0='?' (Size = 4000)], CommandType='"Text"', CommandTimeout='30']
SELECT TOP(2) [l].[locationId], [l].[location]
FROM [Location] AS [l]
WHERE [l].[location] = @__location_0
2023-02-10 11:24:25.233 +05:30  INF  Executed DbCommand (243ms) [Parameters=[@___location_locationId_0='?' (DbType = Int32)], CommandType='"Text"', CommandTimeout='30']
SELECT [h].[hotelName]
FROM [Hotel] AS [h]
WHERE [h].[LocationId] = @___location_locationId_0
2023-02-10 11:24:25.233 +05:30  INF  Retreived Hotel List based on Location
2023-02-10 11:24:25.234 +05:30  INF  Executing OkObjectResult, writing value of type '<>f__AnonymousType1`2[[System.String, System.Private.CoreLib, Version=7.0.0.0, Culture=neutral, PublicKeyToken=7cec85d7bea7798e],[System.Collections.Generic.List`1[[System.String, System.Private.CoreLib, Version=7.0.0.0, Culture=neutral, PublicKeyToken=7cec85d7bea7798e]], System.Private.CoreLib, Version=7.0.0.0, Culture=neutral, PublicKeyToken=7cec85d7bea7798e]]'.
2023-02-10 11:24:25.240 +05:30  INF  Executed action HotelBooking.Controllers.HotelController.HotelList (HotelBooking) in 1132.7735ms
2023-02-10 11:24:25.240 +05:30  INF  Executed endpoint 'HotelBooking.Controllers.HotelController.HotelList (HotelBooking)'
2023-02-10 11:24:25.240 +05:30  INF  Request finished HTTP/1.1 GET http://localhost:5250/Hotel/HotelList?location=Coimbatore - - - 200 - application/json;+charset=utf-8 1135.7386ms
2023-02-10 11:24:43.195 +05:30  INF  Request starting HTTP/1.1 POST http://localhost:5250/Room/CreateRoom multipart/form-data;+boundary=----WebKitFormBoundaryHEEc2NwPZjrhemwk 134536
2023-02-10 11:24:43.195 +05:30  INF  Executing endpoint 'HotelBooking.Controllers.RoomController.CreateRoom (HotelBooking)'
2023-02-10 11:24:43.196 +05:30  INF  Route matched with {action = "CreateRoom", controller = "Room"}. Executing controller action with signature Microsoft.AspNetCore.Mvc.IActionResult CreateRoom(HotelBooking.Data.ViewModels.RoomVM) on controller HotelBooking.Controllers.RoomController (HotelBooking).
2023-02-10 11:24:43.236 +05:30  INF  Image Uploaded to Blob Successfully
2023-02-10 11:24:43.555 +05:30  INF  Executed DbCommand (317ms) [Parameters=[@p0='?' (DbType = Int32), @p1='?' (DbType = Int32), @p2='?' (Size = 4000), @p3='?' (Size = 4000), @p4='?' (DbType = Single)], CommandType='"Text"', CommandTimeout='30']
SET IMPLICIT_TRANSACTIONS OFF;
SET NOCOUNT ON;
INSERT INTO [Room] ([HotelId], [roomCapacity], [roomImage], [roomName], [roomRate])
OUTPUT INSERTED.[roomId]
VALUES (@p0, @p1, @p2, @p3, @p4);
2023-02-10 11:24:44.091 +05:30  INF  Created Room Successfully
2023-02-10 11:24:44.091 +05:30  INF  Executing OkObjectResult, writing value of type 'System.String'.
2023-02-10 11:24:44.091 +05:30  INF  Executed action HotelBooking.Controllers.RoomController.CreateRoom (HotelBooking) in 895.7325ms
2023-02-10 11:24:44.092 +05:30  INF  Executed endpoint 'HotelBooking.Controllers.RoomController.CreateRoom (HotelBooking)'
2023-02-10 11:24:44.094 +05:30  INF  Request finished HTTP/1.1 POST http://localhost:5250/Room/CreateRoom multipart/form-data;+boundary=----WebKitFormBoundaryHEEc2NwPZjrhemwk 134536 - 200 - text/plain;+charset=utf-8 899.2124ms
2023-02-10 11:52:35.094 +05:30  INF  Application is shutting down...
2023-02-10 11:52:48.897 +05:30  INF  User profile is available. Using '/Users/presidio/.aspnet/DataProtection-Keys' as key repository; keys will not be encrypted at rest.
2023-02-10 11:52:49.062 +05:30  INF  Now listening on: http://localhost:5250
2023-02-10 11:52:49.064 +05:30  INF  Application started. Press Ctrl+C to shut down.
2023-02-10 11:52:49.064 +05:30  INF  Hosting environment: Development
2023-02-10 11:52:49.064 +05:30  INF  Content root path: /Users/presidio/Projects/HotelBooking/HotelBooking
2023-02-10 11:52:49.509 +05:30  INF  Request starting HTTP/1.1 GET http://localhost:5250/swagger/index.html - -
2023-02-10 11:52:49.829 +05:30  INF  Request finished HTTP/1.1 GET http://localhost:5250/swagger/index.html - - - 200 - text/html;charset=utf-8 325.2510ms
2023-02-10 11:52:50.102 +05:30  INF  Request starting HTTP/1.1 GET http://localhost:5250/swagger/v1/swagger.json - -
2023-02-10 11:52:50.286 +05:30  INF  Request finished HTTP/1.1 GET http://localhost:5250/swagger/v1/swagger.json - - - 200 - application/json;charset=utf-8 183.6953ms
2023-02-10 11:54:25.729 +05:30  INF  Request starting HTTP/1.1 POST http://localhost:5250/Room/CreateRoom multipart/form-data;+boundary=----WebKitFormBoundaryMsMk98E7pDS6shVh 408107
2023-02-10 11:54:25.754 +05:30  WRN  Failed to determine the https port for redirect.
2023-02-10 11:54:25.759 +05:30  INF  Executing endpoint 'HotelBooking.Controllers.RoomController.CreateRoom (HotelBooking)'
2023-02-10 11:54:25.791 +05:30  INF  Route matched with {action = "CreateRoom", controller = "Room"}. Executing controller action with signature Microsoft.AspNetCore.Mvc.IActionResult CreateRoom(HotelBooking.Data.ViewModels.RoomVM) on controller HotelBooking.Controllers.RoomController (HotelBooking).
2023-02-10 11:54:26.453 +05:30  INF  Image Uploaded to Blob Successfully
2023-02-10 11:55:15.630 +05:30  INF  Executed DbCommand (987ms) [Parameters=[@p0='?' (DbType = Int32), @p1='?' (DbType = Int32), @p2='?' (Size = 4000), @p3='?' (Size = 4000), @p4='?' (DbType = Single)], CommandType='"Text"', CommandTimeout='30']
SET IMPLICIT_TRANSACTIONS OFF;
SET NOCOUNT ON;
INSERT INTO [Room] ([HotelId], [roomCapacity], [roomImage], [roomName], [roomRate])
OUTPUT INSERTED.[roomId]
VALUES (@p0, @p1, @p2, @p3, @p4);
2023-02-10 11:55:15.698 +05:30  INF  Created Room Successfully
2023-02-10 11:55:15.706 +05:30  INF  Executing OkObjectResult, writing value of type 'System.String'.
2023-02-10 11:55:15.715 +05:30  INF  Executed action HotelBooking.Controllers.RoomController.CreateRoom (HotelBooking) in 49917.5674ms
2023-02-10 11:55:15.716 +05:30  INF  Executed endpoint 'HotelBooking.Controllers.RoomController.CreateRoom (HotelBooking)'
2023-02-10 11:55:15.740 +05:30  INF  Request finished HTTP/1.1 POST http://localhost:5250/Room/CreateRoom multipart/form-data;+boundary=----WebKitFormBoundaryMsMk98E7pDS6shVh 408107 - 200 - text/plain;+charset=utf-8 50012.8601ms
2023-02-10 11:57:20.405 +05:30  INF  Request starting HTTP/1.1 POST http://localhost:5250/Room/CreateRoom multipart/form-data;+boundary=----WebKitFormBoundaryqCA2Ahdc9IUzGUFo 408107
2023-02-10 11:57:20.408 +05:30  INF  Executing endpoint 'HotelBooking.Controllers.RoomController.CreateRoom (HotelBooking)'
2023-02-10 11:57:20.409 +05:30  INF  Route matched with {action = "CreateRoom", controller = "Room"}. Executing controller action with signature Microsoft.AspNetCore.Mvc.IActionResult CreateRoom(HotelBooking.Data.ViewModels.RoomVM) on controller HotelBooking.Controllers.RoomController (HotelBooking).
2023-02-10 11:57:20.423 +05:30  INF  Image Uploaded to Blob Successfully
2023-02-10 11:57:32.398 +05:30  INF  Executed DbCommand (524ms) [Parameters=[@p0='?' (DbType = Int32), @p1='?' (DbType = Int32), @p2='?' (Size = 4000), @p3='?' (Size = 4000), @p4='?' (DbType = Single)], CommandType='"Text"', CommandTimeout='30']
SET IMPLICIT_TRANSACTIONS OFF;
SET NOCOUNT ON;
INSERT INTO [Room] ([HotelId], [roomCapacity], [roomImage], [roomName], [roomRate])
OUTPUT INSERTED.[roomId]
VALUES (@p0, @p1, @p2, @p3, @p4);
2023-02-10 11:57:32.400 +05:30  INF  Created Room Successfully
2023-02-10 11:57:32.401 +05:30  INF  Executing OkObjectResult, writing value of type 'System.String'.
2023-02-10 11:57:32.402 +05:30  INF  Executed action HotelBooking.Controllers.RoomController.CreateRoom (HotelBooking) in 11992.319ms
2023-02-10 11:57:32.402 +05:30  INF  Executed endpoint 'HotelBooking.Controllers.RoomController.CreateRoom (HotelBooking)'
2023-02-10 11:57:32.403 +05:30  INF  Request finished HTTP/1.1 POST http://localhost:5250/Room/CreateRoom multipart/form-data;+boundary=----WebKitFormBoundaryqCA2Ahdc9IUzGUFo 408107 - 200 - text/plain;+charset=utf-8 11997.5829ms
2023-02-10 12:09:40.329 +05:30  INF  Request starting HTTP/1.1 POST http://localhost:5250/Room/CreateRoom multipart/form-data;+boundary=----WebKitFormBoundaryvSXaWmkXcQJnxDbt 408107
2023-02-10 12:09:40.336 +05:30  INF  Executing endpoint 'HotelBooking.Controllers.RoomController.CreateRoom (HotelBooking)'
2023-02-10 12:09:40.338 +05:30  INF  Route matched with {action = "CreateRoom", controller = "Room"}. Executing controller action with signature Microsoft.AspNetCore.Mvc.IActionResult CreateRoom(HotelBooking.Data.ViewModels.RoomVM) on controller HotelBooking.Controllers.RoomController (HotelBooking).
2023-02-10 12:09:40.363 +05:30  INF  Image Uploaded to Blob Successfully
2023-02-10 12:09:58.066 +05:30  INF  Executed DbCommand (450ms) [Parameters=[@p0='?' (DbType = Int32), @p1='?' (DbType = Int32), @p2='?' (Size = 4000), @p3='?' (Size = 4000), @p4='?' (DbType = Single)], CommandType='"Text"', CommandTimeout='30']
SET IMPLICIT_TRANSACTIONS OFF;
SET NOCOUNT ON;
INSERT INTO [Room] ([HotelId], [roomCapacity], [roomImage], [roomName], [roomRate])
OUTPUT INSERTED.[roomId]
VALUES (@p0, @p1, @p2, @p3, @p4);
2023-02-10 12:09:58.067 +05:30  INF  Created Room Successfully
2023-02-10 12:09:58.068 +05:30  INF  Executing OkObjectResult, writing value of type 'System.String'.
2023-02-10 12:09:58.069 +05:30  INF  Executed action HotelBooking.Controllers.RoomController.CreateRoom (HotelBooking) in 17730.106ms
2023-02-10 12:09:58.069 +05:30  INF  Executed endpoint 'HotelBooking.Controllers.RoomController.CreateRoom (HotelBooking)'
2023-02-10 12:09:58.070 +05:30  INF  Request finished HTTP/1.1 POST http://localhost:5250/Room/CreateRoom multipart/form-data;+boundary=----WebKitFormBoundaryvSXaWmkXcQJnxDbt 408107 - 200 - text/plain;+charset=utf-8 17741.8767ms
2023-02-10 12:14:07.782 +05:30  INF  Application is shutting down...
2023-02-10 12:14:21.863 +05:30  INF  User profile is available. Using '/Users/presidio/.aspnet/DataProtection-Keys' as key repository; keys will not be encrypted at rest.
2023-02-10 12:14:22.011 +05:30  INF  Now listening on: http://localhost:5250
2023-02-10 12:14:22.013 +05:30  INF  Application started. Press Ctrl+C to shut down.
2023-02-10 12:14:22.014 +05:30  INF  Hosting environment: Development
2023-02-10 12:14:22.014 +05:30  INF  Content root path: /Users/presidio/Projects/HotelBooking/HotelBooking
2023-02-10 12:14:22.654 +05:30  INF  Request starting HTTP/1.1 GET http://localhost:5250/swagger/index.html - -
2023-02-10 12:14:22.970 +05:30  INF  Request finished HTTP/1.1 GET http://localhost:5250/swagger/index.html - - - 200 - text/html;charset=utf-8 318.2373ms
2023-02-10 12:14:23.105 +05:30  INF  Request starting HTTP/1.1 GET http://localhost:5250/swagger/v1/swagger.json - -
2023-02-10 12:14:23.287 +05:30  INF  Request finished HTTP/1.1 GET http://localhost:5250/swagger/v1/swagger.json - - - 200 - application/json;charset=utf-8 182.4499ms
2023-02-10 12:14:51.154 +05:30  INF  Request starting HTTP/1.1 POST http://localhost:5250/Room/CreateRoom multipart/form-data;+boundary=----WebKitFormBoundaryVZBXN062csx5uH9t 151789
2023-02-10 12:14:51.163 +05:30  WRN  Failed to determine the https port for redirect.
2023-02-10 12:14:51.167 +05:30  INF  Executing endpoint 'HotelBooking.Controllers.RoomController.CreateRoom (HotelBooking)'
2023-02-10 12:14:51.203 +05:30  INF  Route matched with {action = "CreateRoom", controller = "Room"}. Executing controller action with signature Microsoft.AspNetCore.Mvc.IActionResult CreateRoom(HotelBooking.Data.ViewModels.RoomVM) on controller HotelBooking.Controllers.RoomController (HotelBooking).
2023-02-10 12:14:51.823 +05:30  INF  Image Uploaded to Blob Successfully
2023-02-10 12:14:58.837 +05:30  INF  Executed DbCommand (384ms) [Parameters=[@p0='?' (DbType = Int32), @p1='?' (DbType = Int32), @p2='?' (Size = 4000), @p3='?' (Size = 4000), @p4='?' (DbType = Single)], CommandType='"Text"', CommandTimeout='30']
SET IMPLICIT_TRANSACTIONS OFF;
SET NOCOUNT ON;
INSERT INTO [Room] ([HotelId], [roomCapacity], [roomImage], [roomName], [roomRate])
OUTPUT INSERTED.[roomId]
VALUES (@p0, @p1, @p2, @p3, @p4);
2023-02-10 12:14:58.926 +05:30  INF  Created Room Successfully
2023-02-10 12:14:58.933 +05:30  INF  Executing OkObjectResult, writing value of type 'System.String'.
2023-02-10 12:14:58.942 +05:30  INF  Executed action HotelBooking.Controllers.RoomController.CreateRoom (HotelBooking) in 7732.2931ms
2023-02-10 12:14:58.943 +05:30  INF  Executed endpoint 'HotelBooking.Controllers.RoomController.CreateRoom (HotelBooking)'
2023-02-10 12:14:58.964 +05:30  INF  Request finished HTTP/1.1 POST http://localhost:5250/Room/CreateRoom multipart/form-data;+boundary=----WebKitFormBoundaryVZBXN062csx5uH9t 151789 - 200 - text/plain;+charset=utf-8 7810.7547ms
2023-02-10 12:16:07.872 +05:30  INF  Request starting HTTP/1.1 POST http://localhost:5250/Room/CreateRoom multipart/form-data;+boundary=----WebKitFormBoundaryD7U91dyJliQqR77w 151789
2023-02-10 12:16:07.873 +05:30  INF  Executing endpoint 'HotelBooking.Controllers.RoomController.CreateRoom (HotelBooking)'
2023-02-10 12:16:07.882 +05:30  INF  Route matched with {action = "CreateRoom", controller = "Room"}. Executing controller action with signature Microsoft.AspNetCore.Mvc.IActionResult CreateRoom(HotelBooking.Data.ViewModels.RoomVM) on controller HotelBooking.Controllers.RoomController (HotelBooking).
2023-02-10 12:16:07.898 +05:30  INF  Image Uploaded to Blob Successfully
2023-02-10 12:16:08.219 +05:30  INF  Executed DbCommand (238ms) [Parameters=[@p0='?' (DbType = Int32), @p1='?' (DbType = Int32), @p2='?' (Size = 4000), @p3='?' (Size = 4000), @p4='?' (DbType = Single)], CommandType='"Text"', CommandTimeout='30']
SET IMPLICIT_TRANSACTIONS OFF;
SET NOCOUNT ON;
INSERT INTO [Room] ([HotelId], [roomCapacity], [roomImage], [roomName], [roomRate])
OUTPUT INSERTED.[roomId]
VALUES (@p0, @p1, @p2, @p3, @p4);
2023-02-10 12:16:08.222 +05:30  INF  Created Room Successfully
2023-02-10 12:16:08.223 +05:30  INF  Executing OkObjectResult, writing value of type 'System.String'.
2023-02-10 12:16:08.223 +05:30  INF  Executed action HotelBooking.Controllers.RoomController.CreateRoom (HotelBooking) in 341.0499ms
2023-02-10 12:16:08.224 +05:30  INF  Executed endpoint 'HotelBooking.Controllers.RoomController.CreateRoom (HotelBooking)'
2023-02-10 12:16:08.225 +05:30  INF  Request finished HTTP/1.1 POST http://localhost:5250/Room/CreateRoom multipart/form-data;+boundary=----WebKitFormBoundaryD7U91dyJliQqR77w 151789 - 200 - text/plain;+charset=utf-8 353.8372ms
2023-02-10 12:17:03.254 +05:30  INF  Request starting HTTP/1.1 POST http://localhost:5250/Room/CreateRoom multipart/form-data;+boundary=----WebKitFormBoundaryKf807HfpxkrhoV6c 151789
2023-02-10 12:17:03.255 +05:30  INF  Executing endpoint 'HotelBooking.Controllers.RoomController.CreateRoom (HotelBooking)'
2023-02-10 12:17:03.262 +05:30  INF  Route matched with {action = "CreateRoom", controller = "Room"}. Executing controller action with signature Microsoft.AspNetCore.Mvc.IActionResult CreateRoom(HotelBooking.Data.ViewModels.RoomVM) on controller HotelBooking.Controllers.RoomController (HotelBooking).
2023-02-10 12:17:03.276 +05:30  INF  Image Uploaded to Blob Successfully
2023-02-10 12:17:03.598 +05:30  INF  Executed DbCommand (303ms) [Parameters=[@p0='?' (DbType = Int32), @p1='?' (DbType = Int32), @p2='?' (Size = 4000), @p3='?' (Size = 4000), @p4='?' (DbType = Single)], CommandType='"Text"', CommandTimeout='30']
SET IMPLICIT_TRANSACTIONS OFF;
SET NOCOUNT ON;
INSERT INTO [Room] ([HotelId], [roomCapacity], [roomImage], [roomName], [roomRate])
OUTPUT INSERTED.[roomId]
VALUES (@p0, @p1, @p2, @p3, @p4);
2023-02-10 12:17:03.599 +05:30  INF  Created Room Successfully
2023-02-10 12:17:03.599 +05:30  INF  Executing OkObjectResult, writing value of type 'System.String'.
2023-02-10 12:17:03.599 +05:30  INF  Executed action HotelBooking.Controllers.RoomController.CreateRoom (HotelBooking) in 336.7705ms
2023-02-10 12:17:03.599 +05:30  INF  Executed endpoint 'HotelBooking.Controllers.RoomController.CreateRoom (HotelBooking)'
2023-02-10 12:17:03.600 +05:30  INF  Request finished HTTP/1.1 POST http://localhost:5250/Room/CreateRoom multipart/form-data;+boundary=----WebKitFormBoundaryKf807HfpxkrhoV6c 151789 - 200 - text/plain;+charset=utf-8 345.5835ms
2023-02-10 12:21:06.741 +05:30  INF  Request starting HTTP/1.1 POST http://localhost:5250/Room/CreateRoom multipart/form-data;+boundary=----WebKitFormBoundaryO1tCis109GAlvPDi 151789
2023-02-10 12:21:06.742 +05:30  INF  Executing endpoint 'HotelBooking.Controllers.RoomController.CreateRoom (HotelBooking)'
2023-02-10 12:21:06.747 +05:30  INF  Route matched with {action = "CreateRoom", controller = "Room"}. Executing controller action with signature Microsoft.AspNetCore.Mvc.IActionResult CreateRoom(HotelBooking.Data.ViewModels.RoomVM) on controller HotelBooking.Controllers.RoomController (HotelBooking).
2023-02-10 12:21:06.754 +05:30  ERR  Common Language Runtime detected an invalid program.
2023-02-10 12:21:06.754 +05:30  INF  Executing NotFoundObjectResult, writing value of type 'System.String'.
2023-02-10 12:21:06.754 +05:30  INF  Executed action HotelBooking.Controllers.RoomController.CreateRoom (HotelBooking) in 6.739ms
2023-02-10 12:21:06.754 +05:30  INF  Executed endpoint 'HotelBooking.Controllers.RoomController.CreateRoom (HotelBooking)'
2023-02-10 12:21:06.756 +05:30  INF  Request finished HTTP/1.1 POST http://localhost:5250/Room/CreateRoom multipart/form-data;+boundary=----WebKitFormBoundaryO1tCis109GAlvPDi 151789 - 404 - text/plain;+charset=utf-8 14.6159ms
2023-02-10 12:22:26.157 +05:30  INF  Request starting HTTP/1.1 POST http://localhost:5250/Room/CreateRoom multipart/form-data;+boundary=----WebKitFormBoundarycrLxjx4A8rE3dwlz 151789
2023-02-10 12:22:26.158 +05:30  INF  Executing endpoint 'HotelBooking.Controllers.RoomController.CreateRoom (HotelBooking)'
2023-02-10 12:22:26.166 +05:30  INF  Route matched with {action = "CreateRoom", controller = "Room"}. Executing controller action with signature Microsoft.AspNetCore.Mvc.IActionResult CreateRoom(HotelBooking.Data.ViewModels.RoomVM) on controller HotelBooking.Controllers.RoomController (HotelBooking).
2023-02-10 12:22:26.170 +05:30  ERR  Common Language Runtime detected an invalid program.
2023-02-10 12:22:26.170 +05:30  INF  Executing NotFoundObjectResult, writing value of type 'System.String'.
2023-02-10 12:22:26.170 +05:30  INF  Executed action HotelBooking.Controllers.RoomController.CreateRoom (HotelBooking) in 4.3402ms
2023-02-10 12:22:26.170 +05:30  INF  Executed endpoint 'HotelBooking.Controllers.RoomController.CreateRoom (HotelBooking)'
2023-02-10 12:22:26.171 +05:30  INF  Request finished HTTP/1.1 POST http://localhost:5250/Room/CreateRoom multipart/form-data;+boundary=----WebKitFormBoundarycrLxjx4A8rE3dwlz 151789 - 404 - text/plain;+charset=utf-8 13.9879ms
2023-02-10 12:26:09.337 +05:30  INF  Application is shutting down...
2023-02-10 12:26:23.522 +05:30  INF  User profile is available. Using '/Users/presidio/.aspnet/DataProtection-Keys' as key repository; keys will not be encrypted at rest.
2023-02-10 12:26:23.669 +05:30  INF  Now listening on: http://localhost:5250
2023-02-10 12:26:23.671 +05:30  INF  Application started. Press Ctrl+C to shut down.
2023-02-10 12:26:23.672 +05:30  INF  Hosting environment: Development
2023-02-10 12:26:23.672 +05:30  INF  Content root path: /Users/presidio/Projects/HotelBooking/HotelBooking
2023-02-10 12:26:23.896 +05:30  INF  Request starting HTTP/1.1 GET http://localhost:5250/swagger/index.html - -
2023-02-10 12:26:24.148 +05:30  INF  Request finished HTTP/1.1 GET http://localhost:5250/swagger/index.html - - - 200 - text/html;charset=utf-8 255.9229ms
2023-02-10 12:26:24.322 +05:30  INF  Request starting HTTP/1.1 GET http://localhost:5250/swagger/v1/swagger.json - -
2023-02-10 12:26:24.521 +05:30  INF  Request finished HTTP/1.1 GET http://localhost:5250/swagger/v1/swagger.json - - - 200 - application/json;charset=utf-8 199.3086ms
2023-02-10 12:26:48.431 +05:30  INF  Request starting HTTP/1.1 POST http://localhost:5250/Room/CreateRoom multipart/form-data;+boundary=----WebKitFormBoundaryBbZlSUseK3TfgfAd 134533
2023-02-10 12:26:48.439 +05:30  WRN  Failed to determine the https port for redirect.
2023-02-10 12:26:48.444 +05:30  INF  Executing endpoint 'HotelBooking.Controllers.RoomController.CreateRoom (HotelBooking)'
2023-02-10 12:26:48.475 +05:30  INF  Route matched with {action = "CreateRoom", controller = "Room"}. Executing controller action with signature Microsoft.AspNetCore.Mvc.IActionResult CreateRoom(HotelBooking.Data.ViewModels.RoomVM) on controller HotelBooking.Controllers.RoomController (HotelBooking).
2023-02-10 12:26:49.138 +05:30  INF  Image Uploaded to Blob Successfully
2023-02-10 12:26:56.294 +05:30  INF  Executed DbCommand (394ms) [Parameters=[@p0='?' (DbType = Int32), @p1='?' (DbType = Int32), @p2='?' (Size = 4000), @p3='?' (Size = 4000), @p4='?' (DbType = Single)], CommandType='"Text"', CommandTimeout='30']
SET IMPLICIT_TRANSACTIONS OFF;
SET NOCOUNT ON;
INSERT INTO [Room] ([HotelId], [roomCapacity], [roomImage], [roomName], [roomRate])
OUTPUT INSERTED.[roomId]
VALUES (@p0, @p1, @p2, @p3, @p4);
2023-02-10 12:26:56.384 +05:30  INF  Created Room Successfully
2023-02-10 12:26:56.395 +05:30  INF  Executing OkObjectResult, writing value of type 'System.String'.
2023-02-10 12:26:56.405 +05:30  INF  Executed action HotelBooking.Controllers.RoomController.CreateRoom (HotelBooking) in 7922.0737ms
2023-02-10 12:26:56.407 +05:30  INF  Executed endpoint 'HotelBooking.Controllers.RoomController.CreateRoom (HotelBooking)'
2023-02-10 12:26:56.435 +05:30  INF  Request finished HTTP/1.1 POST http://localhost:5250/Room/CreateRoom multipart/form-data;+boundary=----WebKitFormBoundaryBbZlSUseK3TfgfAd 134533 - 200 - text/plain;+charset=utf-8 8004.6797ms
2023-02-10 12:28:03.834 +05:30  INF  Application is shutting down...
2023-02-10 12:28:11.221 +05:30  INF  User profile is available. Using '/Users/presidio/.aspnet/DataProtection-Keys' as key repository; keys will not be encrypted at rest.
2023-02-10 12:28:11.356 +05:30  INF  Now listening on: http://localhost:5250
2023-02-10 12:28:11.358 +05:30  INF  Application started. Press Ctrl+C to shut down.
2023-02-10 12:28:11.358 +05:30  INF  Hosting environment: Development
2023-02-10 12:28:11.358 +05:30  INF  Content root path: /Users/presidio/Projects/HotelBooking/HotelBooking
2023-02-10 12:28:11.720 +05:30  INF  Request starting HTTP/1.1 GET http://localhost:5250/swagger/index.html - -
2023-02-10 12:28:12.052 +05:30  INF  Request finished HTTP/1.1 GET http://localhost:5250/swagger/index.html - - - 200 - text/html;charset=utf-8 338.3772ms
2023-02-10 12:28:12.195 +05:30  INF  Request starting HTTP/1.1 GET http://localhost:5250/swagger/v1/swagger.json - -
2023-02-10 12:28:12.381 +05:30  INF  Request finished HTTP/1.1 GET http://localhost:5250/swagger/v1/swagger.json - - - 200 - application/json;charset=utf-8 185.8926ms
2023-02-10 12:28:35.020 +05:30  INF  Request starting HTTP/1.1 POST http://localhost:5250/Room/CreateRoom multipart/form-data;+boundary=----WebKitFormBoundarynw0CPbmABom7xe62 5870
2023-02-10 12:28:35.027 +05:30  WRN  Failed to determine the https port for redirect.
2023-02-10 12:28:35.032 +05:30  INF  Executing endpoint 'HotelBooking.Controllers.RoomController.CreateRoom (HotelBooking)'
2023-02-10 12:28:35.065 +05:30  INF  Route matched with {action = "CreateRoom", controller = "Room"}. Executing controller action with signature Microsoft.AspNetCore.Mvc.IActionResult CreateRoom(HotelBooking.Data.ViewModels.RoomVM) on controller HotelBooking.Controllers.RoomController (HotelBooking).
2023-02-10 12:28:35.579 +05:30  INF  Image Uploaded to Blob Successfully
2023-02-10 12:28:47.925 +05:30  INF  Executed DbCommand (660ms) [Parameters=[@p0='?' (DbType = Int32), @p1='?' (DbType = Int32), @p2='?' (Size = 4000), @p3='?' (Size = 4000), @p4='?' (DbType = Single)], CommandType='"Text"', CommandTimeout='30']
SET IMPLICIT_TRANSACTIONS OFF;
SET NOCOUNT ON;
INSERT INTO [Room] ([HotelId], [roomCapacity], [roomImage], [roomName], [roomRate])
OUTPUT INSERTED.[roomId]
VALUES (@p0, @p1, @p2, @p3, @p4);
2023-02-10 12:28:48.021 +05:30  INF  Created Room Successfully
2023-02-10 12:28:48.030 +05:30  INF  Executing OkObjectResult, writing value of type 'System.String'.
2023-02-10 12:28:48.038 +05:30  INF  Executed action HotelBooking.Controllers.RoomController.CreateRoom (HotelBooking) in 12966.0165ms
2023-02-10 12:28:48.038 +05:30  INF  Executed endpoint 'HotelBooking.Controllers.RoomController.CreateRoom (HotelBooking)'
2023-02-10 12:28:48.057 +05:30  INF  Request finished HTTP/1.1 POST http://localhost:5250/Room/CreateRoom multipart/form-data;+boundary=----WebKitFormBoundarynw0CPbmABom7xe62 5870 - 200 - text/plain;+charset=utf-8 13038.3690ms
2023-02-10 12:39:10.565 +05:30  INF  Request starting HTTP/1.1 POST http://localhost:5250/Room/CreateRoom multipart/form-data;+boundary=----WebKitFormBoundaryfRMjqctUj5plBLEO 408108
2023-02-10 12:39:10.567 +05:30  INF  Executing endpoint 'HotelBooking.Controllers.RoomController.CreateRoom (HotelBooking)'
2023-02-10 12:39:10.572 +05:30  INF  Route matched with {action = "CreateRoom", controller = "Room"}. Executing controller action with signature Microsoft.AspNetCore.Mvc.IActionResult CreateRoom(HotelBooking.Data.ViewModels.RoomVM) on controller HotelBooking.Controllers.RoomController (HotelBooking).
2023-02-10 12:39:10.600 +05:30  INF  Image Uploaded to Blob Successfully
2023-02-10 12:39:20.743 +05:30  INF  Executed DbCommand (281ms) [Parameters=[@p0='?' (DbType = Int32), @p1='?' (DbType = Int32), @p2='?' (Size = 4000), @p3='?' (Size = 4000), @p4='?' (DbType = Single)], CommandType='"Text"', CommandTimeout='30']
SET IMPLICIT_TRANSACTIONS OFF;
SET NOCOUNT ON;
INSERT INTO [Room] ([HotelId], [roomCapacity], [roomImage], [roomName], [roomRate])
OUTPUT INSERTED.[roomId]
VALUES (@p0, @p1, @p2, @p3, @p4);
2023-02-10 12:39:20.746 +05:30  INF  Created Room Successfully
2023-02-10 12:39:20.749 +05:30  INF  Executing OkObjectResult, writing value of type 'System.String'.
2023-02-10 12:39:20.750 +05:30  INF  Executed action HotelBooking.Controllers.RoomController.CreateRoom (HotelBooking) in 10177.8871ms
2023-02-10 12:39:20.752 +05:30  INF  Executed endpoint 'HotelBooking.Controllers.RoomController.CreateRoom (HotelBooking)'
2023-02-10 12:39:20.759 +05:30  INF  Request finished HTTP/1.1 POST http://localhost:5250/Room/CreateRoom multipart/form-data;+boundary=----WebKitFormBoundaryfRMjqctUj5plBLEO 408108 - 200 - text/plain;+charset=utf-8 10194.0537ms
2023-02-10 14:20:48.807 +05:30  INF  Application is shutting down...
2023-02-10 14:21:03.700 +05:30  INF  User profile is available. Using '/Users/presidio/.aspnet/DataProtection-Keys' as key repository; keys will not be encrypted at rest.
2023-02-10 14:21:04.155 +05:30  INF  Now listening on: http://localhost:5250
2023-02-10 14:21:04.157 +05:30  INF  Application started. Press Ctrl+C to shut down.
2023-02-10 14:21:04.157 +05:30  INF  Hosting environment: Development
2023-02-10 14:21:04.157 +05:30  INF  Content root path: /Users/presidio/Projects/HotelBooking/HotelBooking
2023-02-10 14:21:04.800 +05:30  INF  Request starting HTTP/1.1 GET http://localhost:5250/swagger/index.html - -
2023-02-10 14:21:05.185 +05:30  INF  Request finished HTTP/1.1 GET http://localhost:5250/swagger/index.html - - - 200 - text/html;charset=utf-8 390.0360ms
2023-02-10 14:21:05.345 +05:30  INF  Request starting HTTP/1.1 GET http://localhost:5250/swagger/v1/swagger.json - -
2023-02-10 14:21:05.518 +05:30  INF  Request finished HTTP/1.1 GET http://localhost:5250/swagger/v1/swagger.json - - - 200 - application/json;charset=utf-8 173.0889ms
2023-02-10 14:21:24.935 +05:30  INF  Request starting HTTP/1.1 POST http://localhost:5250/Room/CreateRoom multipart/form-data;+boundary=----WebKitFormBoundaryc2Vt8p60eZ9dEJAh 134533
2023-02-10 14:21:24.951 +05:30  WRN  Failed to determine the https port for redirect.
2023-02-10 14:21:24.956 +05:30  INF  Executing endpoint 'HotelBooking.Controllers.RoomController.CreateRoom (HotelBooking)'
2023-02-10 14:21:25.011 +05:30  INF  Route matched with {action = "CreateRoom", controller = "Room"}. Executing controller action with signature Microsoft.AspNetCore.Mvc.IActionResult CreateRoom(HotelBooking.Data.ViewModels.RoomVM) on controller HotelBooking.Controllers.RoomController (HotelBooking).
2023-02-10 14:21:25.622 +05:30  INF  Image Uploaded to Blob Successfully
2023-02-10 14:21:36.435 +05:30  INF  Executed DbCommand (345ms) [Parameters=[@p0='?' (DbType = Int32), @p1='?' (DbType = Int32), @p2='?' (Size = 4000), @p3='?' (Size = 4000), @p4='?' (DbType = Single)], CommandType='"Text"', CommandTimeout='30']
SET IMPLICIT_TRANSACTIONS OFF;
SET NOCOUNT ON;
INSERT INTO [Room] ([HotelId], [roomCapacity], [roomImage], [roomName], [roomRate])
OUTPUT INSERTED.[roomId]
VALUES (@p0, @p1, @p2, @p3, @p4);
2023-02-10 14:21:36.495 +05:30  INF  Created Room Successfully
2023-02-10 14:21:36.504 +05:30  INF  Executing OkObjectResult, writing value of type 'System.String'.
2023-02-10 14:21:36.512 +05:30  INF  Executed action HotelBooking.Controllers.RoomController.CreateRoom (HotelBooking) in 11493.9657ms
2023-02-10 14:21:36.513 +05:30  INF  Executed endpoint 'HotelBooking.Controllers.RoomController.CreateRoom (HotelBooking)'
2023-02-10 14:21:36.538 +05:30  INF  Request finished HTTP/1.1 POST http://localhost:5250/Room/CreateRoom multipart/form-data;+boundary=----WebKitFormBoundaryc2Vt8p60eZ9dEJAh 134533 - 200 - text/plain;+charset=utf-8 11603.7868ms
2023-02-10 14:23:29.874 +05:30  INF  Request starting HTTP/1.1 GET http://localhost:5250/Room/ViewRoomDetails?hotelName=GRT - -
2023-02-10 14:23:29.878 +05:30  INF  Executing endpoint 'HotelBooking.Controllers.RoomController.ViewRoomDetails (HotelBooking)'
2023-02-10 14:23:29.883 +05:30  INF  Route matched with {action = "ViewRoomDetails", controller = "Room"}. Executing controller action with signature Microsoft.AspNetCore.Mvc.IActionResult ViewRoomDetails(System.String) on controller HotelBooking.Controllers.RoomController (HotelBooking).
2023-02-10 14:23:30.876 +05:30  INF  Executed DbCommand (473ms) [Parameters=[@__hotel_0='?' (Size = 4000)], CommandType='"Text"', CommandTimeout='30']
SELECT TOP(2) [h].[hotelId], [h].[LocationId], [h].[hotelName], [h].[noOfRooms]
FROM [Hotel] AS [h]
WHERE [h].[hotelName] = @__hotel_0
2023-02-10 14:23:30.911 +05:30  INF  Retreived Room list based on Hotel
2023-02-10 14:23:30.913 +05:30  INF  Executing OkObjectResult, writing value of type '<>f__AnonymousType3`2[[System.String, System.Private.CoreLib, Version=7.0.0.0, Culture=neutral, PublicKeyToken=7cec85d7bea7798e],[System.Linq.IQueryable`1[[HotelBooking.Models.Room, HotelBooking, Version=1.0.0.0, Culture=neutral, PublicKeyToken=null]], System.Linq.Expressions, Version=7.0.0.0, Culture=neutral, PublicKeyToken=b03f5f7f11d50a3a]]'.
2023-02-10 14:23:31.200 +05:30  INF  Executed DbCommand (255ms) [Parameters=[@___hotel_hotelId_0='?' (DbType = Int32)], CommandType='"Text"', CommandTimeout='30']
SELECT [r].[roomId], [r].[HotelId], [r].[roomCapacity], [r].[roomImage], [r].[roomName], [r].[roomRate]
FROM [Room] AS [r]
WHERE [r].[HotelId] = @___hotel_hotelId_0
2023-02-10 14:23:31.217 +05:30  INF  Executed action HotelBooking.Controllers.RoomController.ViewRoomDetails (HotelBooking) in 1333.5942ms
2023-02-10 14:23:31.217 +05:30  INF  Executed endpoint 'HotelBooking.Controllers.RoomController.ViewRoomDetails (HotelBooking)'
2023-02-10 14:23:31.218 +05:30  INF  Request finished HTTP/1.1 GET http://localhost:5250/Room/ViewRoomDetails?hotelName=GRT - - - 200 - application/json;+charset=utf-8 1344.0742ms
2023-02-10 14:29:25.463 +05:30  INF  Application is shutting down...
2023-02-10 14:34:08.507 +05:30  INF  User profile is available. Using '/Users/presidio/.aspnet/DataProtection-Keys' as key repository; keys will not be encrypted at rest.
2023-02-10 14:34:08.656 +05:30  INF  Now listening on: http://localhost:5250
2023-02-10 14:34:08.658 +05:30  INF  Application started. Press Ctrl+C to shut down.
2023-02-10 14:34:08.659 +05:30  INF  Hosting environment: Development
2023-02-10 14:34:08.659 +05:30  INF  Content root path: /Users/presidio/Projects/HotelBooking/HotelBooking
2023-02-10 14:34:09.259 +05:30  INF  Request starting HTTP/1.1 GET http://localhost:5250/swagger/index.html - -
2023-02-10 14:34:09.581 +05:30  INF  Request finished HTTP/1.1 GET http://localhost:5250/swagger/index.html - - - 200 - text/html;charset=utf-8 329.3873ms
2023-02-10 14:34:09.746 +05:30  INF  Request starting HTTP/1.1 GET http://localhost:5250/swagger/v1/swagger.json - -
2023-02-10 14:34:09.936 +05:30  INF  Request finished HTTP/1.1 GET http://localhost:5250/swagger/v1/swagger.json - - - 200 - application/json;charset=utf-8 189.4972ms
2023-02-10 14:34:48.057 +05:30  INF  Request starting HTTP/1.1 POST http://localhost:5250/User/UserLogin application/json 71
2023-02-10 14:34:48.068 +05:30  WRN  Failed to determine the https port for redirect.
2023-02-10 14:34:48.075 +05:30  INF  Executing endpoint 'HotelBooking.Controllers.UserController.UserLogin (HotelBooking)'
2023-02-10 14:34:48.102 +05:30  INF  Route matched with {action = "UserLogin", controller = "User"}. Executing controller action with signature Microsoft.AspNetCore.Mvc.IActionResult UserLogin(HotelBooking.Data.ViewModels.UserLoginVM) on controller HotelBooking.Controllers.UserController (HotelBooking).
2023-02-10 14:34:53.434 +05:30  INF  Executed DbCommand (359ms) [Parameters=[@__email_0='?' (Size = 4000)], CommandType='"Text"', CommandTimeout='30']
SELECT TOP(2) [u].[userId], [u].[password], [u].[phone], [u].[userEmail], [u].[userName]
FROM [User] AS [u]
WHERE [u].[userEmail] = @__email_0
2023-02-10 14:34:53.554 +05:30  INF  User Login Successfull! You can find the Available Locations
2023-02-10 14:34:54.089 +05:30  INF  eyJhbGciOiJIUzI1NiIsInR5cCI6IkpXVCJ9.eyJzdWIiOiJKV1RTZXJ2aWNlQWNjZXNzVG9rZW4iLCJqdGkiOiI2NWM4MWQwMC1iYjNkLTRmNmItOWZiNi01ZDYyZjhkY2I0MWIiLCJpYXQiOiIxMC8wMi8yMDIzIDk6MDQ6NTMgQU0iLCJVc2VySWQiOiIxIiwiVXNlck5hbWUiOiJWYWlzaG5hdmkgUyIsIlVzZXJFbWFpbCI6InZhaXNobmF2aXNAcHJlc2lkaW8uY29tIiwiUGFzc3dvcmQiOiJWbUZwYzJncU1USXoiLCJleHAiOjE2NzYwMjA0OTMsImlzcyI6IkpXVEF1dGhlbnRpY2F0aW9uU2VydmVyIiwiYXVkIjoiSldUU2VydmljZVBvc3RtYW5DbGllbnQifQ.UAGZM57dpUK9A3qDpedAO1T0as3EO19B6-iQUD_nxUQ
2023-02-10 14:34:54.350 +05:30  INF  Executed DbCommand (252ms) [Parameters=[], CommandType='"Text"', CommandTimeout='30']
SELECT [l].[locationId], [l].[location]
FROM [Location] AS [l]
2023-02-10 14:34:54.367 +05:30  INF  Executing OkObjectResult, writing value of type '<>f__AnonymousType5`3[[System.String, System.Private.CoreLib, Version=7.0.0.0, Culture=neutral, PublicKeyToken=7cec85d7bea7798e],[System.Collections.Generic.List`1[[HotelBooking.Models.Location, HotelBooking, Version=1.0.0.0, Culture=neutral, PublicKeyToken=null]], System.Private.CoreLib, Version=7.0.0.0, Culture=neutral, PublicKeyToken=7cec85d7bea7798e],[System.String, System.Private.CoreLib, Version=7.0.0.0, Culture=neutral, PublicKeyToken=7cec85d7bea7798e]]'.
2023-02-10 14:34:54.378 +05:30  INF  Executed action HotelBooking.Controllers.UserController.UserLogin (HotelBooking) in 6270.3267ms
2023-02-10 14:34:54.378 +05:30  INF  Executed endpoint 'HotelBooking.Controllers.UserController.UserLogin (HotelBooking)'
2023-02-10 14:34:54.388 +05:30  INF  Request finished HTTP/1.1 POST http://localhost:5250/User/UserLogin application/json 71 - 200 - application/json;+charset=utf-8 6331.4329ms
