2023-02-13 11:30:32.016 +05:30  INF  Application is shutting down...
2023-02-13 11:30:52.130 +05:30  INF  User profile is available. Using '/Users/presidio/.aspnet/DataProtection-Keys' as key repository; keys will not be encrypted at rest.
2023-02-13 11:30:52.336 +05:30  INF  Now listening on: http://localhost:5250
2023-02-13 11:30:52.338 +05:30  INF  Application started. Press Ctrl+C to shut down.
2023-02-13 11:30:52.338 +05:30  INF  Hosting environment: Development
2023-02-13 11:30:52.338 +05:30  INF  Content root path: /Users/presidio/Projects/HotelBooking/HotelBooking
2023-02-13 11:30:52.707 +05:30  INF  Request starting HTTP/1.1 GET http://localhost:5250/swagger/index.html - -
2023-02-13 11:30:53.050 +05:30  INF  Request finished HTTP/1.1 GET http://localhost:5250/swagger/index.html - - - 200 - text/html;charset=utf-8 348.7001ms
2023-02-13 11:30:53.069 +05:30  INF  Request starting HTTP/1.1 GET http://localhost:5250/swagger/swagger-ui-bundle.js - -
2023-02-13 11:30:53.071 +05:30  INF  Request starting HTTP/1.1 GET http://localhost:5250/swagger/swagger-ui-standalone-preset.js - -
2023-02-13 11:30:53.074 +05:30  INF  Request starting HTTP/1.1 GET http://localhost:5250/swagger/swagger-ui.css - -
2023-02-13 11:30:53.124 +05:30  INF  Sending file. Request path: '/swagger-ui-standalone-preset.js'. Physical path: 'N/A'
2023-02-13 11:30:53.124 +05:30  INF  Sending file. Request path: '/swagger-ui.css'. Physical path: 'N/A'
2023-02-13 11:30:53.130 +05:30  INF  Sending file. Request path: '/swagger-ui-bundle.js'. Physical path: 'N/A'
2023-02-13 11:30:53.132 +05:30  INF  Request finished HTTP/1.1 GET http://localhost:5250/swagger/swagger-ui-bundle.js - - - 200 1061536 text/javascript 62.3342ms
2023-02-13 11:30:53.132 +05:30  INF  Request finished HTTP/1.1 GET http://localhost:5250/swagger/swagger-ui.css - - - 200 144929 text/css 57.7484ms
2023-02-13 11:30:53.132 +05:30  INF  Request finished HTTP/1.1 GET http://localhost:5250/swagger/swagger-ui-standalone-preset.js - - - 200 312163 text/javascript 60.8560ms
2023-02-13 11:30:53.331 +05:30  INF  Request starting HTTP/1.1 GET http://localhost:5250/swagger/v1/swagger.json - -
2023-02-13 11:30:53.503 +05:30  INF  Request finished HTTP/1.1 GET http://localhost:5250/swagger/v1/swagger.json - - - 200 - application/json;charset=utf-8 172.3904ms
2023-02-13 11:49:22.816 +05:30  INF  Application is shutting down...
2023-02-13 11:49:25.489 +05:30  INF  User profile is available. Using '/Users/presidio/.aspnet/DataProtection-Keys' as key repository; keys will not be encrypted at rest.
2023-02-13 11:49:25.637 +05:30  INF  Now listening on: http://localhost:5250
2023-02-13 11:49:25.639 +05:30  INF  Application started. Press Ctrl+C to shut down.
2023-02-13 11:49:25.639 +05:30  INF  Hosting environment: Development
2023-02-13 11:49:25.639 +05:30  INF  Content root path: /Users/presidio/Projects/HotelBooking/HotelBooking
2023-02-13 11:49:25.846 +05:30  INF  Request starting HTTP/1.1 GET http://localhost:5250/swagger/index.html - -
2023-02-13 11:49:26.153 +05:30  INF  Request finished HTTP/1.1 GET http://localhost:5250/swagger/index.html - - - 200 - text/html;charset=utf-8 308.7920ms
2023-02-13 11:49:26.465 +05:30  INF  Request starting HTTP/1.1 GET http://localhost:5250/swagger/v1/swagger.json - -
2023-02-13 11:49:26.651 +05:30  INF  Request finished HTTP/1.1 GET http://localhost:5250/swagger/v1/swagger.json - - - 200 - application/json;charset=utf-8 186.5449ms
2023-02-13 16:34:18.010 +05:30  INF  Application is shutting down...
2023-02-13 16:35:57.690 +05:30  INF  User profile is available. Using '/Users/presidio/.aspnet/DataProtection-Keys' as key repository; keys will not be encrypted at rest.
2023-02-13 16:35:57.872 +05:30  INF  Now listening on: http://localhost:5250
2023-02-13 16:35:57.874 +05:30  INF  Application started. Press Ctrl+C to shut down.
2023-02-13 16:35:57.874 +05:30  INF  Hosting environment: Development
2023-02-13 16:35:57.874 +05:30  INF  Content root path: /Users/presidio/Projects/HotelBooking/HotelBooking
2023-02-13 16:35:58.484 +05:30  INF  Request starting HTTP/1.1 GET http://localhost:5250/swagger/index.html - -
2023-02-13 16:35:58.822 +05:30  INF  Request finished HTTP/1.1 GET http://localhost:5250/swagger/index.html - - - 200 - text/html;charset=utf-8 341.1362ms
2023-02-13 16:35:58.856 +05:30  INF  Request starting HTTP/1.1 GET http://localhost:5250/swagger/swagger-ui-bundle.js - -
2023-02-13 16:35:58.907 +05:30  INF  Sending file. Request path: '/swagger-ui-bundle.js'. Physical path: 'N/A'
2023-02-13 16:35:58.912 +05:30  INF  Request finished HTTP/1.1 GET http://localhost:5250/swagger/swagger-ui-bundle.js - - - 200 1061536 text/javascript 55.8592ms
2023-02-13 16:35:59.113 +05:30  INF  Request starting HTTP/1.1 GET http://localhost:5250/swagger/v1/swagger.json - -
2023-02-13 16:35:59.309 +05:30  INF  Request finished HTTP/1.1 GET http://localhost:5250/swagger/v1/swagger.json - - - 200 - application/json;charset=utf-8 195.4984ms
2023-02-13 16:36:07.529 +05:30  INF  Request starting HTTP/1.1 GET http://localhost:5250/Location/GetLocations - -
2023-02-13 16:36:07.535 +05:30  WRN  Failed to determine the https port for redirect.
2023-02-13 16:36:07.544 +05:30  INF  Executing endpoint 'HotelBooking.Controllers.LocationController.GetLocations (HotelBooking)'
2023-02-13 16:36:07.559 +05:30  INF  Route matched with {action = "GetLocations", controller = "Location"}. Executing controller action with signature Microsoft.AspNetCore.Mvc.IActionResult GetLocations() on controller HotelBooking.Controllers.LocationController (HotelBooking).
2023-02-13 16:36:09.708 +05:30  INF  Executed action HotelBooking.Controllers.LocationController.GetLocations (HotelBooking) in 2141.7199ms
2023-02-13 16:36:09.710 +05:30  INF  Executed endpoint 'HotelBooking.Controllers.LocationController.GetLocations (HotelBooking)'
2023-02-13 16:36:09.711 +05:30  ERR  An unhandled exception has occurred while executing the request.System.AggregateException: One or more errors occurred. (The security token included in the request is expired)
 ---> Amazon.SecretsManager.AmazonSecretsManagerException: The security token included in the request is expired
 ---> Amazon.Runtime.Internal.HttpErrorResponseException: Exception of type 'Amazon.Runtime.Internal.HttpErrorResponseException' was thrown.
   at Amazon.Runtime.HttpWebRequestMessage.GetResponseAsync(CancellationToken cancellationToken)
   at Amazon.Runtime.Internal.HttpHandler`1.InvokeAsync[T](IExecutionContext executionContext)
   at Amazon.Runtime.Internal.Unmarshaller.InvokeAsync[T](IExecutionContext executionContext)
   at Amazon.Runtime.Internal.ErrorHandler.InvokeAsync[T](IExecutionContext executionContext)
   --- End of inner exception stack trace ---
   at Amazon.Runtime.Internal.HttpErrorResponseExceptionHandler.HandleExceptionStream(IRequestContext requestContext, IWebResponseData httpErrorResponse, HttpErrorResponseException exception, Stream responseStream)
   at Amazon.Runtime.Internal.HttpErrorResponseExceptionHandler.HandleExceptionAsync(IExecutionContext executionContext, HttpErrorResponseException exception)
   at Amazon.Runtime.Internal.ExceptionHandler`1.HandleAsync(IExecutionContext executionContext, Exception exception)
   at Amazon.Runtime.Internal.ErrorHandler.ProcessExceptionAsync(IExecutionContext executionContext, Exception exception)
   at Amazon.Runtime.Internal.ErrorHandler.InvokeAsync[T](IExecutionContext executionContext)
   at Amazon.Runtime.Internal.CallbackHandler.InvokeAsync[T](IExecutionContext executionContext)
   at Amazon.Runtime.Internal.Signer.InvokeAsync[T](IExecutionContext executionContext)
   at Amazon.Runtime.Internal.EndpointDiscoveryHandler.InvokeAsync[T](IExecutionContext executionContext)
   at Amazon.Runtime.Internal.EndpointDiscoveryHandler.InvokeAsync[T](IExecutionContext executionContext)
   at Amazon.Runtime.Internal.CredentialsRetriever.InvokeAsync[T](IExecutionContext executionContext)
   at Amazon.Runtime.Internal.RetryHandler.InvokeAsync[T](IExecutionContext executionContext)
   at Amazon.Runtime.Internal.RetryHandler.InvokeAsync[T](IExecutionContext executionContext)
   at Amazon.Runtime.Internal.CallbackHandler.InvokeAsync[T](IExecutionContext executionContext)
   at Amazon.Runtime.Internal.CallbackHandler.InvokeAsync[T](IExecutionContext executionContext)
   at Amazon.Runtime.Internal.ErrorCallbackHandler.InvokeAsync[T](IExecutionContext executionContext)
   at Amazon.Runtime.Internal.MetricsHandler.InvokeAsync[T](IExecutionContext executionContext)
   --- End of inner exception stack trace ---
   at HotelBooking.SecretManager.Services.SecretManagerService.GetSecret() in /Users/presidio/Projects/HotelBooking/HotelBooking.SecretManager/Services/SecretManagerService.cs:line 28
   at HotelBooking.SecretManager.Settings.ConfigSettings.Init() in /Users/presidio/Projects/HotelBooking/HotelBooking.SecretManager/Settings/ConfigSettings.cs:line 19
   at HotelBooking.SecretManager.Settings.ConfigSettings..ctor() in /Users/presidio/Projects/HotelBooking/HotelBooking.SecretManager/Settings/ConfigSettings.cs:line 15
   at System.RuntimeMethodHandle.InvokeMethod(Object target, Void** arguments, Signature sig, Boolean isConstructor)
   at System.Reflection.ConstructorInvoker.Invoke(Object obj, IntPtr* args, BindingFlags invokeAttr)
   at System.Reflection.RuntimeConstructorInfo.Invoke(BindingFlags invokeAttr, Binder binder, Object[] parameters, CultureInfo culture)
   at Microsoft.Extensions.DependencyInjection.ServiceLookup.CallSiteRuntimeResolver.VisitCache(ServiceCallSite callSite, RuntimeResolverContext context, ServiceProviderEngineScope serviceProviderEngine, RuntimeResolverLock lockType)
   at Microsoft.Extensions.DependencyInjection.ServiceLookup.CallSiteRuntimeResolver.VisitScopeCache(ServiceCallSite callSite, RuntimeResolverContext context)
   at Microsoft.Extensions.DependencyInjection.ServiceLookup.CallSiteVisitor`2.VisitCallSite(ServiceCallSite callSite, TArgument argument)
   at Microsoft.Extensions.DependencyInjection.ServiceLookup.CallSiteRuntimeResolver.VisitConstructor(ConstructorCallSite constructorCallSite, RuntimeResolverContext context)
   at Microsoft.Extensions.DependencyInjection.ServiceLookup.CallSiteRuntimeResolver.VisitCache(ServiceCallSite callSite, RuntimeResolverContext context, ServiceProviderEngineScope serviceProviderEngine, RuntimeResolverLock lockType)
   at Microsoft.Extensions.DependencyInjection.ServiceLookup.CallSiteRuntimeResolver.VisitScopeCache(ServiceCallSite callSite, RuntimeResolverContext context)
   at Microsoft.Extensions.DependencyInjection.ServiceLookup.CallSiteVisitor`2.VisitCallSite(ServiceCallSite callSite, TArgument argument)
   at Microsoft.Extensions.DependencyInjection.ServiceLookup.CallSiteRuntimeResolver.VisitConstructor(ConstructorCallSite constructorCallSite, RuntimeResolverContext context)
   at Microsoft.Extensions.DependencyInjection.ServiceLookup.CallSiteRuntimeResolver.VisitCache(ServiceCallSite callSite, RuntimeResolverContext context, ServiceProviderEngineScope serviceProviderEngine, RuntimeResolverLock lockType)
   at Microsoft.Extensions.DependencyInjection.ServiceLookup.CallSiteRuntimeResolver.VisitScopeCache(ServiceCallSite callSite, RuntimeResolverContext context)
   at Microsoft.Extensions.DependencyInjection.ServiceLookup.CallSiteVisitor`2.VisitCallSite(ServiceCallSite callSite, TArgument argument)
   at Microsoft.Extensions.DependencyInjection.ServiceLookup.CallSiteRuntimeResolver.Resolve(ServiceCallSite callSite, ServiceProviderEngineScope scope)
   at Microsoft.Extensions.DependencyInjection.ServiceLookup.DynamicServiceProviderEngine.<>c__DisplayClass2_0.<RealizeService>b__0(ServiceProviderEngineScope scope)
   at Microsoft.Extensions.DependencyInjection.ServiceProvider.GetService(Type serviceType, ServiceProviderEngineScope serviceProviderEngineScope)
   at Microsoft.Extensions.DependencyInjection.ActivatorUtilities.GetService(IServiceProvider sp, Type type, Type requiredBy, Boolean isDefaultParameterRequired)
   at lambda_method3(Closure, IServiceProvider, Object[])
   at Microsoft.AspNetCore.Mvc.Controllers.ControllerFactoryProvider.<>c__DisplayClass6_0.<CreateControllerFactory>g__CreateController|0(ControllerContext controllerContext)
   at Microsoft.AspNetCore.Mvc.Infrastructure.ControllerActionInvoker.Next(State& next, Scope& scope, Object& state, Boolean& isCompleted)
   at Microsoft.AspNetCore.Mvc.Infrastructure.ControllerActionInvoker.InvokeInnerFilterAsync()
--- End of stack trace from previous location ---
   at Microsoft.AspNetCore.Mvc.Infrastructure.ResourceInvoker.<InvokeFilterPipelineAsync>g__Awaited|20_0(ResourceInvoker invoker, Task lastTask, State next, Scope scope, Object state, Boolean isCompleted)
   at Microsoft.AspNetCore.Mvc.Infrastructure.ResourceInvoker.<InvokeAsync>g__Logged|17_1(ResourceInvoker invoker)
   at Microsoft.AspNetCore.Mvc.Infrastructure.ResourceInvoker.<InvokeAsync>g__Logged|17_1(ResourceInvoker invoker)
   at Microsoft.AspNetCore.Routing.EndpointMiddleware.<Invoke>g__AwaitRequestTask|6_0(Endpoint endpoint, Task requestTask, ILogger logger)
   at Microsoft.AspNetCore.Authorization.AuthorizationMiddleware.Invoke(HttpContext context)
   at Swashbuckle.AspNetCore.SwaggerUI.SwaggerUIMiddleware.Invoke(HttpContext httpContext)
   at Swashbuckle.AspNetCore.Swagger.SwaggerMiddleware.Invoke(HttpContext httpContext, ISwaggerProvider swaggerProvider)
   at Microsoft.AspNetCore.Authentication.AuthenticationMiddleware.Invoke(HttpContext context)
   at Microsoft.AspNetCore.Diagnostics.DeveloperExceptionPageMiddlewareImpl.Invoke(HttpContext context)

2023-02-13 16:36:09.780 +05:30  INF  Request finished HTTP/1.1 GET http://localhost:5250/Location/GetLocations - - - 500 - text/plain;+charset=utf-8 2250.9002ms
2023-02-13 16:37:01.235 +05:30  INF  Request starting HTTP/1.1 GET http://localhost:5250/Location/GetLocations - -
2023-02-13 16:37:01.238 +05:30  INF  Executing endpoint 'HotelBooking.Controllers.LocationController.GetLocations (HotelBooking)'
2023-02-13 16:37:01.239 +05:30  INF  Route matched with {action = "GetLocations", controller = "Location"}. Executing controller action with signature Microsoft.AspNetCore.Mvc.IActionResult GetLocations() on controller HotelBooking.Controllers.LocationController (HotelBooking).
2023-02-13 16:37:02.301 +05:30  INF  Executed action HotelBooking.Controllers.LocationController.GetLocations (HotelBooking) in 1061.1366ms
2023-02-13 16:37:02.301 +05:30  INF  Executed endpoint 'HotelBooking.Controllers.LocationController.GetLocations (HotelBooking)'
2023-02-13 16:37:02.301 +05:30  ERR  An unhandled exception has occurred while executing the request.System.AggregateException: One or more errors occurred. (The security token included in the request is expired)
 ---> Amazon.SecretsManager.AmazonSecretsManagerException: The security token included in the request is expired
 ---> Amazon.Runtime.Internal.HttpErrorResponseException: Exception of type 'Amazon.Runtime.Internal.HttpErrorResponseException' was thrown.
   at Amazon.Runtime.HttpWebRequestMessage.GetResponseAsync(CancellationToken cancellationToken)
   at Amazon.Runtime.Internal.HttpHandler`1.InvokeAsync[T](IExecutionContext executionContext)
   at Amazon.Runtime.Internal.Unmarshaller.InvokeAsync[T](IExecutionContext executionContext)
   at Amazon.Runtime.Internal.ErrorHandler.InvokeAsync[T](IExecutionContext executionContext)
   --- End of inner exception stack trace ---
   at Amazon.Runtime.Internal.HttpErrorResponseExceptionHandler.HandleExceptionStream(IRequestContext requestContext, IWebResponseData httpErrorResponse, HttpErrorResponseException exception, Stream responseStream)
   at Amazon.Runtime.Internal.HttpErrorResponseExceptionHandler.HandleExceptionAsync(IExecutionContext executionContext, HttpErrorResponseException exception)
   at Amazon.Runtime.Internal.ExceptionHandler`1.HandleAsync(IExecutionContext executionContext, Exception exception)
   at Amazon.Runtime.Internal.ErrorHandler.ProcessExceptionAsync(IExecutionContext executionContext, Exception exception)
   at Amazon.Runtime.Internal.ErrorHandler.InvokeAsync[T](IExecutionContext executionContext)
   at Amazon.Runtime.Internal.CallbackHandler.InvokeAsync[T](IExecutionContext executionContext)
   at Amazon.Runtime.Internal.Signer.InvokeAsync[T](IExecutionContext executionContext)
   at Amazon.Runtime.Internal.EndpointDiscoveryHandler.InvokeAsync[T](IExecutionContext executionContext)
   at Amazon.Runtime.Internal.EndpointDiscoveryHandler.InvokeAsync[T](IExecutionContext executionContext)
   at Amazon.Runtime.Internal.CredentialsRetriever.InvokeAsync[T](IExecutionContext executionContext)
   at Amazon.Runtime.Internal.RetryHandler.InvokeAsync[T](IExecutionContext executionContext)
   at Amazon.Runtime.Internal.RetryHandler.InvokeAsync[T](IExecutionContext executionContext)
   at Amazon.Runtime.Internal.CallbackHandler.InvokeAsync[T](IExecutionContext executionContext)
   at Amazon.Runtime.Internal.CallbackHandler.InvokeAsync[T](IExecutionContext executionContext)
   at Amazon.Runtime.Internal.ErrorCallbackHandler.InvokeAsync[T](IExecutionContext executionContext)
   at Amazon.Runtime.Internal.MetricsHandler.InvokeAsync[T](IExecutionContext executionContext)
   --- End of inner exception stack trace ---
   at HotelBooking.SecretManager.Services.SecretManagerService.GetSecret() in /Users/presidio/Projects/HotelBooking/HotelBooking.SecretManager/Services/SecretManagerService.cs:line 28
   at HotelBooking.SecretManager.Settings.ConfigSettings.Init() in /Users/presidio/Projects/HotelBooking/HotelBooking.SecretManager/Settings/ConfigSettings.cs:line 19
   at HotelBooking.SecretManager.Settings.ConfigSettings..ctor() in /Users/presidio/Projects/HotelBooking/HotelBooking.SecretManager/Settings/ConfigSettings.cs:line 15
   at InvokeStub_ConfigSettings..ctor(Object, Object, IntPtr*)
   at System.Reflection.ConstructorInvoker.Invoke(Object obj, IntPtr* args, BindingFlags invokeAttr)
   at System.Reflection.RuntimeConstructorInfo.Invoke(BindingFlags invokeAttr, Binder binder, Object[] parameters, CultureInfo culture)
   at Microsoft.Extensions.DependencyInjection.ServiceLookup.CallSiteRuntimeResolver.VisitCache(ServiceCallSite callSite, RuntimeResolverContext context, ServiceProviderEngineScope serviceProviderEngine, RuntimeResolverLock lockType)
   at Microsoft.Extensions.DependencyInjection.ServiceLookup.CallSiteRuntimeResolver.VisitScopeCache(ServiceCallSite callSite, RuntimeResolverContext context)
   at Microsoft.Extensions.DependencyInjection.ServiceLookup.CallSiteVisitor`2.VisitCallSite(ServiceCallSite callSite, TArgument argument)
   at Microsoft.Extensions.DependencyInjection.ServiceLookup.CallSiteRuntimeResolver.VisitConstructor(ConstructorCallSite constructorCallSite, RuntimeResolverContext context)
   at Microsoft.Extensions.DependencyInjection.ServiceLookup.CallSiteRuntimeResolver.VisitCache(ServiceCallSite callSite, RuntimeResolverContext context, ServiceProviderEngineScope serviceProviderEngine, RuntimeResolverLock lockType)
   at Microsoft.Extensions.DependencyInjection.ServiceLookup.CallSiteRuntimeResolver.VisitScopeCache(ServiceCallSite callSite, RuntimeResolverContext context)
   at Microsoft.Extensions.DependencyInjection.ServiceLookup.CallSiteVisitor`2.VisitCallSite(ServiceCallSite callSite, TArgument argument)
   at Microsoft.Extensions.DependencyInjection.ServiceLookup.CallSiteRuntimeResolver.VisitConstructor(ConstructorCallSite constructorCallSite, RuntimeResolverContext context)
   at Microsoft.Extensions.DependencyInjection.ServiceLookup.CallSiteRuntimeResolver.VisitCache(ServiceCallSite callSite, RuntimeResolverContext context, ServiceProviderEngineScope serviceProviderEngine, RuntimeResolverLock lockType)
   at Microsoft.Extensions.DependencyInjection.ServiceLookup.CallSiteRuntimeResolver.VisitScopeCache(ServiceCallSite callSite, RuntimeResolverContext context)
   at Microsoft.Extensions.DependencyInjection.ServiceLookup.CallSiteVisitor`2.VisitCallSite(ServiceCallSite callSite, TArgument argument)
   at Microsoft.Extensions.DependencyInjection.ServiceLookup.CallSiteRuntimeResolver.Resolve(ServiceCallSite callSite, ServiceProviderEngineScope scope)
   at Microsoft.Extensions.DependencyInjection.ServiceLookup.DynamicServiceProviderEngine.<>c__DisplayClass2_0.<RealizeService>b__0(ServiceProviderEngineScope scope)
   at Microsoft.Extensions.DependencyInjection.ServiceProvider.GetService(Type serviceType, ServiceProviderEngineScope serviceProviderEngineScope)
   at Microsoft.Extensions.DependencyInjection.ActivatorUtilities.GetService(IServiceProvider sp, Type type, Type requiredBy, Boolean isDefaultParameterRequired)
   at lambda_method3(Closure, IServiceProvider, Object[])
   at Microsoft.AspNetCore.Mvc.Controllers.ControllerFactoryProvider.<>c__DisplayClass6_0.<CreateControllerFactory>g__CreateController|0(ControllerContext controllerContext)
   at Microsoft.AspNetCore.Mvc.Infrastructure.ControllerActionInvoker.Next(State& next, Scope& scope, Object& state, Boolean& isCompleted)
   at Microsoft.AspNetCore.Mvc.Infrastructure.ControllerActionInvoker.InvokeInnerFilterAsync()
--- End of stack trace from previous location ---
   at Microsoft.AspNetCore.Mvc.Infrastructure.ResourceInvoker.<InvokeFilterPipelineAsync>g__Awaited|20_0(ResourceInvoker invoker, Task lastTask, State next, Scope scope, Object state, Boolean isCompleted)
   at Microsoft.AspNetCore.Mvc.Infrastructure.ResourceInvoker.<InvokeAsync>g__Logged|17_1(ResourceInvoker invoker)
   at Microsoft.AspNetCore.Mvc.Infrastructure.ResourceInvoker.<InvokeAsync>g__Logged|17_1(ResourceInvoker invoker)
   at Microsoft.AspNetCore.Routing.EndpointMiddleware.<Invoke>g__AwaitRequestTask|6_0(Endpoint endpoint, Task requestTask, ILogger logger)
   at Microsoft.AspNetCore.Authorization.AuthorizationMiddleware.Invoke(HttpContext context)
   at Swashbuckle.AspNetCore.SwaggerUI.SwaggerUIMiddleware.Invoke(HttpContext httpContext)
   at Swashbuckle.AspNetCore.Swagger.SwaggerMiddleware.Invoke(HttpContext httpContext, ISwaggerProvider swaggerProvider)
   at Microsoft.AspNetCore.Authentication.AuthenticationMiddleware.Invoke(HttpContext context)
   at Microsoft.AspNetCore.Diagnostics.DeveloperExceptionPageMiddlewareImpl.Invoke(HttpContext context)

2023-02-13 16:37:02.306 +05:30  INF  Request finished HTTP/1.1 GET http://localhost:5250/Location/GetLocations - - - 500 - text/plain;+charset=utf-8 1070.4339ms
2023-02-13 16:37:04.581 +05:30  INF  Request starting HTTP/1.1 GET http://localhost:5250/Location/GetLocations - -
2023-02-13 16:37:04.581 +05:30  INF  Executing endpoint 'HotelBooking.Controllers.LocationController.GetLocations (HotelBooking)'
2023-02-13 16:37:04.581 +05:30  INF  Route matched with {action = "GetLocations", controller = "Location"}. Executing controller action with signature Microsoft.AspNetCore.Mvc.IActionResult GetLocations() on controller HotelBooking.Controllers.LocationController (HotelBooking).
2023-02-13 16:37:05.544 +05:30  INF  Executed action HotelBooking.Controllers.LocationController.GetLocations (HotelBooking) in 962.4654ms
2023-02-13 16:37:05.544 +05:30  INF  Executed endpoint 'HotelBooking.Controllers.LocationController.GetLocations (HotelBooking)'
2023-02-13 16:37:05.545 +05:30  ERR  An unhandled exception has occurred while executing the request.System.AggregateException: One or more errors occurred. (The security token included in the request is expired)
 ---> Amazon.SecretsManager.AmazonSecretsManagerException: The security token included in the request is expired
 ---> Amazon.Runtime.Internal.HttpErrorResponseException: Exception of type 'Amazon.Runtime.Internal.HttpErrorResponseException' was thrown.
   at Amazon.Runtime.HttpWebRequestMessage.GetResponseAsync(CancellationToken cancellationToken)
   at Amazon.Runtime.Internal.HttpHandler`1.InvokeAsync[T](IExecutionContext executionContext)
   at Amazon.Runtime.Internal.Unmarshaller.InvokeAsync[T](IExecutionContext executionContext)
   at Amazon.Runtime.Internal.ErrorHandler.InvokeAsync[T](IExecutionContext executionContext)
   --- End of inner exception stack trace ---
   at Amazon.Runtime.Internal.HttpErrorResponseExceptionHandler.HandleExceptionStream(IRequestContext requestContext, IWebResponseData httpErrorResponse, HttpErrorResponseException exception, Stream responseStream)
   at Amazon.Runtime.Internal.HttpErrorResponseExceptionHandler.HandleExceptionAsync(IExecutionContext executionContext, HttpErrorResponseException exception)
   at Amazon.Runtime.Internal.ExceptionHandler`1.HandleAsync(IExecutionContext executionContext, Exception exception)
   at Amazon.Runtime.Internal.ErrorHandler.ProcessExceptionAsync(IExecutionContext executionContext, Exception exception)
   at Amazon.Runtime.Internal.ErrorHandler.InvokeAsync[T](IExecutionContext executionContext)
   at Amazon.Runtime.Internal.CallbackHandler.InvokeAsync[T](IExecutionContext executionContext)
   at Amazon.Runtime.Internal.Signer.InvokeAsync[T](IExecutionContext executionContext)
   at Amazon.Runtime.Internal.EndpointDiscoveryHandler.InvokeAsync[T](IExecutionContext executionContext)
   at Amazon.Runtime.Internal.EndpointDiscoveryHandler.InvokeAsync[T](IExecutionContext executionContext)
   at Amazon.Runtime.Internal.CredentialsRetriever.InvokeAsync[T](IExecutionContext executionContext)
   at Amazon.Runtime.Internal.RetryHandler.InvokeAsync[T](IExecutionContext executionContext)
   at Amazon.Runtime.Internal.RetryHandler.InvokeAsync[T](IExecutionContext executionContext)
   at Amazon.Runtime.Internal.CallbackHandler.InvokeAsync[T](IExecutionContext executionContext)
   at Amazon.Runtime.Internal.CallbackHandler.InvokeAsync[T](IExecutionContext executionContext)
   at Amazon.Runtime.Internal.ErrorCallbackHandler.InvokeAsync[T](IExecutionContext executionContext)
   at Amazon.Runtime.Internal.MetricsHandler.InvokeAsync[T](IExecutionContext executionContext)
   --- End of inner exception stack trace ---
   at HotelBooking.SecretManager.Services.SecretManagerService.GetSecret() in /Users/presidio/Projects/HotelBooking/HotelBooking.SecretManager/Services/SecretManagerService.cs:line 28
   at HotelBooking.SecretManager.Settings.ConfigSettings.Init() in /Users/presidio/Projects/HotelBooking/HotelBooking.SecretManager/Settings/ConfigSettings.cs:line 19
   at HotelBooking.SecretManager.Settings.ConfigSettings..ctor() in /Users/presidio/Projects/HotelBooking/HotelBooking.SecretManager/Settings/ConfigSettings.cs:line 15
   at InvokeStub_ConfigSettings..ctor(Object, Object, IntPtr*)
   at System.Reflection.RuntimeConstructorInfo.Invoke(BindingFlags invokeAttr, Binder binder, Object[] parameters, CultureInfo culture)
   at Microsoft.Extensions.DependencyInjection.ServiceLookup.CallSiteRuntimeResolver.VisitCache(ServiceCallSite callSite, RuntimeResolverContext context, ServiceProviderEngineScope serviceProviderEngine, RuntimeResolverLock lockType)
   at Microsoft.Extensions.DependencyInjection.ServiceLookup.CallSiteRuntimeResolver.VisitScopeCache(ServiceCallSite callSite, RuntimeResolverContext context)
   at Microsoft.Extensions.DependencyInjection.ServiceLookup.CallSiteVisitor`2.VisitCallSite(ServiceCallSite callSite, TArgument argument)
   at Microsoft.Extensions.DependencyInjection.ServiceLookup.CallSiteRuntimeResolver.VisitConstructor(ConstructorCallSite constructorCallSite, RuntimeResolverContext context)
   at Microsoft.Extensions.DependencyInjection.ServiceLookup.CallSiteRuntimeResolver.VisitCache(ServiceCallSite callSite, RuntimeResolverContext context, ServiceProviderEngineScope serviceProviderEngine, RuntimeResolverLock lockType)
   at Microsoft.Extensions.DependencyInjection.ServiceLookup.CallSiteRuntimeResolver.VisitScopeCache(ServiceCallSite callSite, RuntimeResolverContext context)
   at Microsoft.Extensions.DependencyInjection.ServiceLookup.CallSiteVisitor`2.VisitCallSite(ServiceCallSite callSite, TArgument argument)
   at Microsoft.Extensions.DependencyInjection.ServiceLookup.CallSiteRuntimeResolver.VisitConstructor(ConstructorCallSite constructorCallSite, RuntimeResolverContext context)
   at Microsoft.Extensions.DependencyInjection.ServiceLookup.CallSiteRuntimeResolver.VisitCache(ServiceCallSite callSite, RuntimeResolverContext context, ServiceProviderEngineScope serviceProviderEngine, RuntimeResolverLock lockType)
   at Microsoft.Extensions.DependencyInjection.ServiceLookup.CallSiteRuntimeResolver.VisitScopeCache(ServiceCallSite callSite, RuntimeResolverContext context)
   at Microsoft.Extensions.DependencyInjection.ServiceLookup.CallSiteVisitor`2.VisitCallSite(ServiceCallSite callSite, TArgument argument)
   at Microsoft.Extensions.DependencyInjection.ServiceLookup.CallSiteRuntimeResolver.Resolve(ServiceCallSite callSite, ServiceProviderEngineScope scope)
   at Microsoft.Extensions.DependencyInjection.ServiceLookup.DynamicServiceProviderEngine.<>c__DisplayClass2_0.<RealizeService>b__0(ServiceProviderEngineScope scope)
   at Microsoft.Extensions.DependencyInjection.ServiceProvider.GetService(Type serviceType, ServiceProviderEngineScope serviceProviderEngineScope)
   at Microsoft.Extensions.DependencyInjection.ActivatorUtilities.GetService(IServiceProvider sp, Type type, Type requiredBy, Boolean isDefaultParameterRequired)
   at lambda_method3(Closure, IServiceProvider, Object[])
   at Microsoft.AspNetCore.Mvc.Controllers.ControllerFactoryProvider.<>c__DisplayClass6_0.<CreateControllerFactory>g__CreateController|0(ControllerContext controllerContext)
   at Microsoft.AspNetCore.Mvc.Infrastructure.ControllerActionInvoker.Next(State& next, Scope& scope, Object& state, Boolean& isCompleted)
   at Microsoft.AspNetCore.Mvc.Infrastructure.ControllerActionInvoker.InvokeInnerFilterAsync()
--- End of stack trace from previous location ---
   at Microsoft.AspNetCore.Mvc.Infrastructure.ResourceInvoker.<InvokeFilterPipelineAsync>g__Awaited|20_0(ResourceInvoker invoker, Task lastTask, State next, Scope scope, Object state, Boolean isCompleted)
   at Microsoft.AspNetCore.Mvc.Infrastructure.ResourceInvoker.<InvokeAsync>g__Logged|17_1(ResourceInvoker invoker)
   at Microsoft.AspNetCore.Mvc.Infrastructure.ResourceInvoker.<InvokeAsync>g__Logged|17_1(ResourceInvoker invoker)
   at Microsoft.AspNetCore.Routing.EndpointMiddleware.<Invoke>g__AwaitRequestTask|6_0(Endpoint endpoint, Task requestTask, ILogger logger)
   at Microsoft.AspNetCore.Authorization.AuthorizationMiddleware.Invoke(HttpContext context)
   at Swashbuckle.AspNetCore.SwaggerUI.SwaggerUIMiddleware.Invoke(HttpContext httpContext)
   at Swashbuckle.AspNetCore.Swagger.SwaggerMiddleware.Invoke(HttpContext httpContext, ISwaggerProvider swaggerProvider)
   at Microsoft.AspNetCore.Authentication.AuthenticationMiddleware.Invoke(HttpContext context)
   at Microsoft.AspNetCore.Diagnostics.DeveloperExceptionPageMiddlewareImpl.Invoke(HttpContext context)

2023-02-13 16:37:05.549 +05:30  INF  Request finished HTTP/1.1 GET http://localhost:5250/Location/GetLocations - - - 500 - text/plain;+charset=utf-8 968.4745ms
2023-02-13 16:37:13.135 +05:30  INF  Application is shutting down...
2023-02-13 16:37:16.372 +05:30  INF  User profile is available. Using '/Users/presidio/.aspnet/DataProtection-Keys' as key repository; keys will not be encrypted at rest.
2023-02-13 16:37:16.577 +05:30  INF  Now listening on: http://localhost:5250
2023-02-13 16:37:16.580 +05:30  INF  Application started. Press Ctrl+C to shut down.
2023-02-13 16:37:16.580 +05:30  INF  Hosting environment: Development
2023-02-13 16:37:16.580 +05:30  INF  Content root path: /Users/presidio/Projects/HotelBooking/HotelBooking
2023-02-13 16:37:17.131 +05:30  INF  Request starting HTTP/1.1 GET http://localhost:5250/swagger/index.html - -
2023-02-13 16:37:17.427 +05:30  INF  Request finished HTTP/1.1 GET http://localhost:5250/swagger/index.html - - - 200 - text/html;charset=utf-8 299.7501ms
2023-02-13 16:37:17.700 +05:30  INF  Request starting HTTP/1.1 GET http://localhost:5250/swagger/v1/swagger.json - -
2023-02-13 16:37:17.928 +05:30  INF  Request finished HTTP/1.1 GET http://localhost:5250/swagger/v1/swagger.json - - - 200 - application/json;charset=utf-8 228.7588ms
2023-02-13 16:37:21.889 +05:30  INF  Request starting HTTP/1.1 GET http://localhost:5250/Location/GetLocations - -
2023-02-13 16:37:21.906 +05:30  WRN  Failed to determine the https port for redirect.
2023-02-13 16:37:21.913 +05:30  INF  Executing endpoint 'HotelBooking.Controllers.LocationController.GetLocations (HotelBooking)'
2023-02-13 16:37:21.927 +05:30  INF  Route matched with {action = "GetLocations", controller = "Location"}. Executing controller action with signature Microsoft.AspNetCore.Mvc.IActionResult GetLocations() on controller HotelBooking.Controllers.LocationController (HotelBooking).
2023-02-13 16:37:23.814 +05:30  INF  Executed action HotelBooking.Controllers.LocationController.GetLocations (HotelBooking) in 1878.0548ms
2023-02-13 16:37:23.815 +05:30  INF  Executed endpoint 'HotelBooking.Controllers.LocationController.GetLocations (HotelBooking)'
2023-02-13 16:37:23.816 +05:30  ERR  An unhandled exception has occurred while executing the request.System.AggregateException: One or more errors occurred. (The security token included in the request is expired)
 ---> Amazon.SecretsManager.AmazonSecretsManagerException: The security token included in the request is expired
 ---> Amazon.Runtime.Internal.HttpErrorResponseException: Exception of type 'Amazon.Runtime.Internal.HttpErrorResponseException' was thrown.
   at Amazon.Runtime.HttpWebRequestMessage.GetResponseAsync(CancellationToken cancellationToken)
   at Amazon.Runtime.Internal.HttpHandler`1.InvokeAsync[T](IExecutionContext executionContext)
   at Amazon.Runtime.Internal.Unmarshaller.InvokeAsync[T](IExecutionContext executionContext)
   at Amazon.Runtime.Internal.ErrorHandler.InvokeAsync[T](IExecutionContext executionContext)
   --- End of inner exception stack trace ---
   at Amazon.Runtime.Internal.HttpErrorResponseExceptionHandler.HandleExceptionStream(IRequestContext requestContext, IWebResponseData httpErrorResponse, HttpErrorResponseException exception, Stream responseStream)
   at Amazon.Runtime.Internal.HttpErrorResponseExceptionHandler.HandleExceptionAsync(IExecutionContext executionContext, HttpErrorResponseException exception)
   at Amazon.Runtime.Internal.ExceptionHandler`1.HandleAsync(IExecutionContext executionContext, Exception exception)
   at Amazon.Runtime.Internal.ErrorHandler.ProcessExceptionAsync(IExecutionContext executionContext, Exception exception)
   at Amazon.Runtime.Internal.ErrorHandler.InvokeAsync[T](IExecutionContext executionContext)
   at Amazon.Runtime.Internal.CallbackHandler.InvokeAsync[T](IExecutionContext executionContext)
   at Amazon.Runtime.Internal.Signer.InvokeAsync[T](IExecutionContext executionContext)
   at Amazon.Runtime.Internal.EndpointDiscoveryHandler.InvokeAsync[T](IExecutionContext executionContext)
   at Amazon.Runtime.Internal.EndpointDiscoveryHandler.InvokeAsync[T](IExecutionContext executionContext)
   at Amazon.Runtime.Internal.CredentialsRetriever.InvokeAsync[T](IExecutionContext executionContext)
   at Amazon.Runtime.Internal.RetryHandler.InvokeAsync[T](IExecutionContext executionContext)
   at Amazon.Runtime.Internal.RetryHandler.InvokeAsync[T](IExecutionContext executionContext)
   at Amazon.Runtime.Internal.CallbackHandler.InvokeAsync[T](IExecutionContext executionContext)
   at Amazon.Runtime.Internal.CallbackHandler.InvokeAsync[T](IExecutionContext executionContext)
   at Amazon.Runtime.Internal.ErrorCallbackHandler.InvokeAsync[T](IExecutionContext executionContext)
   at Amazon.Runtime.Internal.MetricsHandler.InvokeAsync[T](IExecutionContext executionContext)
   --- End of inner exception stack trace ---
   at HotelBooking.SecretManager.Services.SecretManagerService.GetSecret() in /Users/presidio/Projects/HotelBooking/HotelBooking.SecretManager/Services/SecretManagerService.cs:line 28
   at HotelBooking.SecretManager.Settings.ConfigSettings.Init() in /Users/presidio/Projects/HotelBooking/HotelBooking.SecretManager/Settings/ConfigSettings.cs:line 19
   at HotelBooking.SecretManager.Settings.ConfigSettings..ctor() in /Users/presidio/Projects/HotelBooking/HotelBooking.SecretManager/Settings/ConfigSettings.cs:line 15
   at System.RuntimeMethodHandle.InvokeMethod(Object target, Void** arguments, Signature sig, Boolean isConstructor)
   at System.Reflection.ConstructorInvoker.Invoke(Object obj, IntPtr* args, BindingFlags invokeAttr)
   at System.Reflection.RuntimeConstructorInfo.Invoke(BindingFlags invokeAttr, Binder binder, Object[] parameters, CultureInfo culture)
   at Microsoft.Extensions.DependencyInjection.ServiceLookup.CallSiteRuntimeResolver.VisitCache(ServiceCallSite callSite, RuntimeResolverContext context, ServiceProviderEngineScope serviceProviderEngine, RuntimeResolverLock lockType)
   at Microsoft.Extensions.DependencyInjection.ServiceLookup.CallSiteRuntimeResolver.VisitScopeCache(ServiceCallSite callSite, RuntimeResolverContext context)
   at Microsoft.Extensions.DependencyInjection.ServiceLookup.CallSiteVisitor`2.VisitCallSite(ServiceCallSite callSite, TArgument argument)
   at Microsoft.Extensions.DependencyInjection.ServiceLookup.CallSiteRuntimeResolver.VisitConstructor(ConstructorCallSite constructorCallSite, RuntimeResolverContext context)
   at Microsoft.Extensions.DependencyInjection.ServiceLookup.CallSiteRuntimeResolver.VisitCache(ServiceCallSite callSite, RuntimeResolverContext context, ServiceProviderEngineScope serviceProviderEngine, RuntimeResolverLock lockType)
   at Microsoft.Extensions.DependencyInjection.ServiceLookup.CallSiteRuntimeResolver.VisitScopeCache(ServiceCallSite callSite, RuntimeResolverContext context)
   at Microsoft.Extensions.DependencyInjection.ServiceLookup.CallSiteVisitor`2.VisitCallSite(ServiceCallSite callSite, TArgument argument)
   at Microsoft.Extensions.DependencyInjection.ServiceLookup.CallSiteRuntimeResolver.VisitConstructor(ConstructorCallSite constructorCallSite, RuntimeResolverContext context)
   at Microsoft.Extensions.DependencyInjection.ServiceLookup.CallSiteRuntimeResolver.VisitCache(ServiceCallSite callSite, RuntimeResolverContext context, ServiceProviderEngineScope serviceProviderEngine, RuntimeResolverLock lockType)
   at Microsoft.Extensions.DependencyInjection.ServiceLookup.CallSiteRuntimeResolver.VisitScopeCache(ServiceCallSite callSite, RuntimeResolverContext context)
   at Microsoft.Extensions.DependencyInjection.ServiceLookup.CallSiteVisitor`2.VisitCallSite(ServiceCallSite callSite, TArgument argument)
   at Microsoft.Extensions.DependencyInjection.ServiceLookup.CallSiteRuntimeResolver.Resolve(ServiceCallSite callSite, ServiceProviderEngineScope scope)
   at Microsoft.Extensions.DependencyInjection.ServiceLookup.DynamicServiceProviderEngine.<>c__DisplayClass2_0.<RealizeService>b__0(ServiceProviderEngineScope scope)
   at Microsoft.Extensions.DependencyInjection.ServiceProvider.GetService(Type serviceType, ServiceProviderEngineScope serviceProviderEngineScope)
   at Microsoft.Extensions.DependencyInjection.ActivatorUtilities.GetService(IServiceProvider sp, Type type, Type requiredBy, Boolean isDefaultParameterRequired)
   at lambda_method3(Closure, IServiceProvider, Object[])
   at Microsoft.AspNetCore.Mvc.Controllers.ControllerFactoryProvider.<>c__DisplayClass6_0.<CreateControllerFactory>g__CreateController|0(ControllerContext controllerContext)
   at Microsoft.AspNetCore.Mvc.Infrastructure.ControllerActionInvoker.Next(State& next, Scope& scope, Object& state, Boolean& isCompleted)
   at Microsoft.AspNetCore.Mvc.Infrastructure.ControllerActionInvoker.InvokeInnerFilterAsync()
--- End of stack trace from previous location ---
   at Microsoft.AspNetCore.Mvc.Infrastructure.ResourceInvoker.<InvokeFilterPipelineAsync>g__Awaited|20_0(ResourceInvoker invoker, Task lastTask, State next, Scope scope, Object state, Boolean isCompleted)
   at Microsoft.AspNetCore.Mvc.Infrastructure.ResourceInvoker.<InvokeAsync>g__Logged|17_1(ResourceInvoker invoker)
   at Microsoft.AspNetCore.Mvc.Infrastructure.ResourceInvoker.<InvokeAsync>g__Logged|17_1(ResourceInvoker invoker)
   at Microsoft.AspNetCore.Routing.EndpointMiddleware.<Invoke>g__AwaitRequestTask|6_0(Endpoint endpoint, Task requestTask, ILogger logger)
   at Microsoft.AspNetCore.Authorization.AuthorizationMiddleware.Invoke(HttpContext context)
   at Swashbuckle.AspNetCore.SwaggerUI.SwaggerUIMiddleware.Invoke(HttpContext httpContext)
   at Swashbuckle.AspNetCore.Swagger.SwaggerMiddleware.Invoke(HttpContext httpContext, ISwaggerProvider swaggerProvider)
   at Microsoft.AspNetCore.Authentication.AuthenticationMiddleware.Invoke(HttpContext context)
   at Microsoft.AspNetCore.Diagnostics.DeveloperExceptionPageMiddlewareImpl.Invoke(HttpContext context)

2023-02-13 16:37:23.858 +05:30  INF  Request finished HTTP/1.1 GET http://localhost:5250/Location/GetLocations - - - 500 - text/plain;+charset=utf-8 1969.1913ms
2023-02-13 16:40:19.378 +05:30  INF  Request starting HTTP/1.1 GET http://localhost:5250/Location/GetLocations - -
2023-02-13 16:40:19.380 +05:30  INF  Executing endpoint 'HotelBooking.Controllers.LocationController.GetLocations (HotelBooking)'
2023-02-13 16:40:19.380 +05:30  INF  Route matched with {action = "GetLocations", controller = "Location"}. Executing controller action with signature Microsoft.AspNetCore.Mvc.IActionResult GetLocations() on controller HotelBooking.Controllers.LocationController (HotelBooking).
2023-02-13 16:40:20.970 +05:30  INF  Executed action HotelBooking.Controllers.LocationController.GetLocations (HotelBooking) in 1588.8792ms
2023-02-13 16:40:20.970 +05:30  INF  Executed endpoint 'HotelBooking.Controllers.LocationController.GetLocations (HotelBooking)'
2023-02-13 16:40:20.970 +05:30  ERR  An unhandled exception has occurred while executing the request.System.AggregateException: One or more errors occurred. (The security token included in the request is expired)
 ---> Amazon.SecretsManager.AmazonSecretsManagerException: The security token included in the request is expired
 ---> Amazon.Runtime.Internal.HttpErrorResponseException: Exception of type 'Amazon.Runtime.Internal.HttpErrorResponseException' was thrown.
   at Amazon.Runtime.HttpWebRequestMessage.GetResponseAsync(CancellationToken cancellationToken)
   at Amazon.Runtime.Internal.HttpHandler`1.InvokeAsync[T](IExecutionContext executionContext)
   at Amazon.Runtime.Internal.Unmarshaller.InvokeAsync[T](IExecutionContext executionContext)
   at Amazon.Runtime.Internal.ErrorHandler.InvokeAsync[T](IExecutionContext executionContext)
   --- End of inner exception stack trace ---
   at Amazon.Runtime.Internal.HttpErrorResponseExceptionHandler.HandleExceptionStream(IRequestContext requestContext, IWebResponseData httpErrorResponse, HttpErrorResponseException exception, Stream responseStream)
   at Amazon.Runtime.Internal.HttpErrorResponseExceptionHandler.HandleExceptionAsync(IExecutionContext executionContext, HttpErrorResponseException exception)
   at Amazon.Runtime.Internal.ExceptionHandler`1.HandleAsync(IExecutionContext executionContext, Exception exception)
   at Amazon.Runtime.Internal.ErrorHandler.ProcessExceptionAsync(IExecutionContext executionContext, Exception exception)
   at Amazon.Runtime.Internal.ErrorHandler.InvokeAsync[T](IExecutionContext executionContext)
   at Amazon.Runtime.Internal.CallbackHandler.InvokeAsync[T](IExecutionContext executionContext)
   at Amazon.Runtime.Internal.Signer.InvokeAsync[T](IExecutionContext executionContext)
   at Amazon.Runtime.Internal.EndpointDiscoveryHandler.InvokeAsync[T](IExecutionContext executionContext)
   at Amazon.Runtime.Internal.EndpointDiscoveryHandler.InvokeAsync[T](IExecutionContext executionContext)
   at Amazon.Runtime.Internal.CredentialsRetriever.InvokeAsync[T](IExecutionContext executionContext)
   at Amazon.Runtime.Internal.RetryHandler.InvokeAsync[T](IExecutionContext executionContext)
   at Amazon.Runtime.Internal.RetryHandler.InvokeAsync[T](IExecutionContext executionContext)
   at Amazon.Runtime.Internal.CallbackHandler.InvokeAsync[T](IExecutionContext executionContext)
   at Amazon.Runtime.Internal.CallbackHandler.InvokeAsync[T](IExecutionContext executionContext)
   at Amazon.Runtime.Internal.ErrorCallbackHandler.InvokeAsync[T](IExecutionContext executionContext)
   at Amazon.Runtime.Internal.MetricsHandler.InvokeAsync[T](IExecutionContext executionContext)
   --- End of inner exception stack trace ---
   at HotelBooking.SecretManager.Services.SecretManagerService.GetSecret() in /Users/presidio/Projects/HotelBooking/HotelBooking.SecretManager/Services/SecretManagerService.cs:line 28
   at HotelBooking.SecretManager.Settings.ConfigSettings.Init() in /Users/presidio/Projects/HotelBooking/HotelBooking.SecretManager/Settings/ConfigSettings.cs:line 19
   at HotelBooking.SecretManager.Settings.ConfigSettings..ctor() in /Users/presidio/Projects/HotelBooking/HotelBooking.SecretManager/Settings/ConfigSettings.cs:line 15
   at InvokeStub_ConfigSettings..ctor(Object, Object, IntPtr*)
   at System.Reflection.ConstructorInvoker.Invoke(Object obj, IntPtr* args, BindingFlags invokeAttr)
   at System.Reflection.RuntimeConstructorInfo.Invoke(BindingFlags invokeAttr, Binder binder, Object[] parameters, CultureInfo culture)
   at Microsoft.Extensions.DependencyInjection.ServiceLookup.CallSiteRuntimeResolver.VisitCache(ServiceCallSite callSite, RuntimeResolverContext context, ServiceProviderEngineScope serviceProviderEngine, RuntimeResolverLock lockType)
   at Microsoft.Extensions.DependencyInjection.ServiceLookup.CallSiteRuntimeResolver.VisitScopeCache(ServiceCallSite callSite, RuntimeResolverContext context)
   at Microsoft.Extensions.DependencyInjection.ServiceLookup.CallSiteVisitor`2.VisitCallSite(ServiceCallSite callSite, TArgument argument)
   at Microsoft.Extensions.DependencyInjection.ServiceLookup.CallSiteRuntimeResolver.VisitConstructor(ConstructorCallSite constructorCallSite, RuntimeResolverContext context)
   at Microsoft.Extensions.DependencyInjection.ServiceLookup.CallSiteRuntimeResolver.VisitCache(ServiceCallSite callSite, RuntimeResolverContext context, ServiceProviderEngineScope serviceProviderEngine, RuntimeResolverLock lockType)
   at Microsoft.Extensions.DependencyInjection.ServiceLookup.CallSiteRuntimeResolver.VisitScopeCache(ServiceCallSite callSite, RuntimeResolverContext context)
   at Microsoft.Extensions.DependencyInjection.ServiceLookup.CallSiteVisitor`2.VisitCallSite(ServiceCallSite callSite, TArgument argument)
   at Microsoft.Extensions.DependencyInjection.ServiceLookup.CallSiteRuntimeResolver.VisitConstructor(ConstructorCallSite constructorCallSite, RuntimeResolverContext context)
   at Microsoft.Extensions.DependencyInjection.ServiceLookup.CallSiteRuntimeResolver.VisitCache(ServiceCallSite callSite, RuntimeResolverContext context, ServiceProviderEngineScope serviceProviderEngine, RuntimeResolverLock lockType)
   at Microsoft.Extensions.DependencyInjection.ServiceLookup.CallSiteRuntimeResolver.VisitScopeCache(ServiceCallSite callSite, RuntimeResolverContext context)
   at Microsoft.Extensions.DependencyInjection.ServiceLookup.CallSiteVisitor`2.VisitCallSite(ServiceCallSite callSite, TArgument argument)
   at Microsoft.Extensions.DependencyInjection.ServiceLookup.CallSiteRuntimeResolver.Resolve(ServiceCallSite callSite, ServiceProviderEngineScope scope)
   at Microsoft.Extensions.DependencyInjection.ServiceLookup.DynamicServiceProviderEngine.<>c__DisplayClass2_0.<RealizeService>b__0(ServiceProviderEngineScope scope)
   at Microsoft.Extensions.DependencyInjection.ServiceProvider.GetService(Type serviceType, ServiceProviderEngineScope serviceProviderEngineScope)
   at Microsoft.Extensions.DependencyInjection.ActivatorUtilities.GetService(IServiceProvider sp, Type type, Type requiredBy, Boolean isDefaultParameterRequired)
   at lambda_method3(Closure, IServiceProvider, Object[])
   at Microsoft.AspNetCore.Mvc.Controllers.ControllerFactoryProvider.<>c__DisplayClass6_0.<CreateControllerFactory>g__CreateController|0(ControllerContext controllerContext)
   at Microsoft.AspNetCore.Mvc.Infrastructure.ControllerActionInvoker.Next(State& next, Scope& scope, Object& state, Boolean& isCompleted)
   at Microsoft.AspNetCore.Mvc.Infrastructure.ControllerActionInvoker.InvokeInnerFilterAsync()
--- End of stack trace from previous location ---
   at Microsoft.AspNetCore.Mvc.Infrastructure.ResourceInvoker.<InvokeFilterPipelineAsync>g__Awaited|20_0(ResourceInvoker invoker, Task lastTask, State next, Scope scope, Object state, Boolean isCompleted)
   at Microsoft.AspNetCore.Mvc.Infrastructure.ResourceInvoker.<InvokeAsync>g__Logged|17_1(ResourceInvoker invoker)
   at Microsoft.AspNetCore.Mvc.Infrastructure.ResourceInvoker.<InvokeAsync>g__Logged|17_1(ResourceInvoker invoker)
   at Microsoft.AspNetCore.Routing.EndpointMiddleware.<Invoke>g__AwaitRequestTask|6_0(Endpoint endpoint, Task requestTask, ILogger logger)
   at Microsoft.AspNetCore.Authorization.AuthorizationMiddleware.Invoke(HttpContext context)
   at Swashbuckle.AspNetCore.SwaggerUI.SwaggerUIMiddleware.Invoke(HttpContext httpContext)
   at Swashbuckle.AspNetCore.Swagger.SwaggerMiddleware.Invoke(HttpContext httpContext, ISwaggerProvider swaggerProvider)
   at Microsoft.AspNetCore.Authentication.AuthenticationMiddleware.Invoke(HttpContext context)
   at Microsoft.AspNetCore.Diagnostics.DeveloperExceptionPageMiddlewareImpl.Invoke(HttpContext context)

2023-02-13 16:40:20.974 +05:30  INF  Request finished HTTP/1.1 GET http://localhost:5250/Location/GetLocations - - - 500 - text/plain;+charset=utf-8 1596.5518ms
2023-02-13 17:23:04.773 +05:30  INF  Application is shutting down...
2023-02-13 17:23:08.031 +05:30  INF  User profile is available. Using '/Users/presidio/.aspnet/DataProtection-Keys' as key repository; keys will not be encrypted at rest.
2023-02-13 17:23:08.207 +05:30  INF  Now listening on: http://localhost:5250
2023-02-13 17:23:08.209 +05:30  INF  Application started. Press Ctrl+C to shut down.
2023-02-13 17:23:08.210 +05:30  INF  Hosting environment: Development
2023-02-13 17:23:08.210 +05:30  INF  Content root path: /Users/presidio/Projects/HotelBooking/HotelBooking
2023-02-13 17:23:08.742 +05:30  INF  Request starting HTTP/1.1 GET http://localhost:5250/swagger/index.html - -
2023-02-13 17:23:09.092 +05:30  INF  Request finished HTTP/1.1 GET http://localhost:5250/swagger/index.html - - - 200 - text/html;charset=utf-8 355.6305ms
2023-02-13 17:23:09.248 +05:30  INF  Request starting HTTP/1.1 GET http://localhost:5250/swagger/v1/swagger.json - -
2023-02-13 17:23:09.446 +05:30  INF  Request finished HTTP/1.1 GET http://localhost:5250/swagger/v1/swagger.json - - - 200 - application/json;charset=utf-8 197.9061ms
2023-02-13 17:23:14.864 +05:30  INF  Request starting HTTP/1.1 GET http://localhost:5250/Location/GetLocations - -
2023-02-13 17:23:14.878 +05:30  WRN  Failed to determine the https port for redirect.
2023-02-13 17:23:14.886 +05:30  INF  Executing endpoint 'HotelBooking.Controllers.LocationController.GetLocations (HotelBooking)'
2023-02-13 17:23:14.898 +05:30  INF  Route matched with {action = "GetLocations", controller = "Location"}. Executing controller action with signature Microsoft.AspNetCore.Mvc.IActionResult GetLocations() on controller HotelBooking.Controllers.LocationController (HotelBooking).
2023-02-13 17:24:01.045 +05:30  INF  Request starting HTTP/1.1 GET http://localhost:5250/swagger/index.html - -
2023-02-13 17:24:01.046 +05:30  INF  Request finished HTTP/1.1 GET http://localhost:5250/swagger/index.html - - - 200 - text/html;charset=utf-8 1.8108ms
2023-02-13 17:24:01.192 +05:30  INF  Request starting HTTP/1.1 GET http://localhost:5250/swagger/v1/swagger.json - -
2023-02-13 17:24:01.199 +05:30  INF  Request finished HTTP/1.1 GET http://localhost:5250/swagger/v1/swagger.json - - - 200 - application/json;charset=utf-8 7.0727ms
2023-02-13 17:24:01.208 +05:30  INF  Request starting HTTP/1.1 GET http://localhost:5250/swagger/favicon-32x32.png - -
2023-02-13 17:24:01.216 +05:30  INF  The file /favicon-32x32.png was not modified
2023-02-13 17:24:01.216 +05:30  INF  Request finished HTTP/1.1 GET http://localhost:5250/swagger/favicon-32x32.png - - - 304 - image/png 7.8726ms
2023-02-13 17:24:06.616 +05:30  INF  Request starting HTTP/1.1 GET http://localhost:5250/Location/GetLocations - -
2023-02-13 17:24:06.617 +05:30  INF  Executing endpoint 'HotelBooking.Controllers.LocationController.GetLocations (HotelBooking)'
2023-02-13 17:24:06.618 +05:30  INF  Route matched with {action = "GetLocations", controller = "Location"}. Executing controller action with signature Microsoft.AspNetCore.Mvc.IActionResult GetLocations() on controller HotelBooking.Controllers.LocationController (HotelBooking).
2023-02-13 17:24:42.486 +05:30  INF  Request starting HTTP/1.1 POST http://localhost:5250/User/UserLogin application/json 71
2023-02-13 17:24:42.488 +05:30  INF  Executing endpoint 'HotelBooking.Controllers.UserController.UserLogin (HotelBooking)'
2023-02-13 17:24:42.503 +05:30  INF  Route matched with {action = "UserLogin", controller = "User"}. Executing controller action with signature Microsoft.AspNetCore.Mvc.IActionResult UserLogin(HotelBooking.Data.ViewModels.UserLoginVM) on controller HotelBooking.Controllers.UserController (HotelBooking).
2023-02-13 17:25:23.336 +05:30  INF  Request starting HTTP/1.1 GET http://localhost:5250/Hotel/ListOfAllHotels - -
2023-02-13 17:25:23.338 +05:30  INF  Executing endpoint 'HotelBooking.Controllers.HotelController.ListOfAllHotels (HotelBooking)'
2023-02-13 17:25:23.342 +05:30  INF  Route matched with {action = "ListOfAllHotels", controller = "Hotel"}. Executing controller action with signature Microsoft.AspNetCore.Mvc.IActionResult ListOfAllHotels() on controller HotelBooking.Controllers.HotelController (HotelBooking).
2023-02-13 17:25:28.041 +05:30  INF  Request starting HTTP/1.1 GET http://localhost:5250/swagger/index.html - -
2023-02-13 17:25:28.042 +05:30  INF  Request finished HTTP/1.1 GET http://localhost:5250/swagger/index.html - - - 200 - text/html;charset=utf-8 1.5501ms
2023-02-13 17:25:28.244 +05:30  INF  Request starting HTTP/1.1 GET http://localhost:5250/swagger/v1/swagger.json - -
2023-02-13 17:25:28.251 +05:30  INF  Request finished HTTP/1.1 GET http://localhost:5250/swagger/v1/swagger.json - - - 200 - application/json;charset=utf-8 6.7956ms
2023-02-13 17:25:28.962 +05:30  INF  Request starting HTTP/1.1 GET http://localhost:5250/swagger/index.html - -
2023-02-13 17:25:28.962 +05:30  INF  Request finished HTTP/1.1 GET http://localhost:5250/swagger/index.html - - - 200 - text/html;charset=utf-8 0.8779ms
2023-02-13 17:25:29.082 +05:30  INF  Request starting HTTP/1.1 GET http://localhost:5250/swagger/v1/swagger.json - -
2023-02-13 17:25:29.089 +05:30  INF  Request finished HTTP/1.1 GET http://localhost:5250/swagger/v1/swagger.json - - - 200 - application/json;charset=utf-8 6.2253ms
2023-02-13 17:25:29.858 +05:30  INF  Request starting HTTP/1.1 GET http://localhost:5250/swagger/index.html - -
2023-02-13 17:25:29.859 +05:30  INF  Request finished HTTP/1.1 GET http://localhost:5250/swagger/index.html - - - 200 - text/html;charset=utf-8 0.7981ms
2023-02-13 17:25:29.960 +05:30  INF  Request starting HTTP/1.1 GET http://localhost:5250/swagger/v1/swagger.json - -
2023-02-13 17:25:29.963 +05:30  INF  Request finished HTTP/1.1 GET http://localhost:5250/swagger/v1/swagger.json - - - 200 - application/json;charset=utf-8 3.1906ms
2023-02-13 17:25:34.899 +05:30  INF  Request starting HTTP/1.1 GET http://localhost:5250/Hotel/ListOfAllHotels - -
2023-02-13 17:25:34.901 +05:30  INF  Executing endpoint 'HotelBooking.Controllers.HotelController.ListOfAllHotels (HotelBooking)'
2023-02-13 17:25:34.901 +05:30  INF  Route matched with {action = "ListOfAllHotels", controller = "Hotel"}. Executing controller action with signature Microsoft.AspNetCore.Mvc.IActionResult ListOfAllHotels() on controller HotelBooking.Controllers.HotelController (HotelBooking).
2023-02-13 17:25:46.093 +05:30  INF  Request starting HTTP/1.1 GET http://localhost:5250/swagger/index.html - -
2023-02-13 17:25:46.094 +05:30  INF  Request finished HTTP/1.1 GET http://localhost:5250/swagger/index.html - - - 200 - text/html;charset=utf-8 1.8725ms
2023-02-13 17:25:46.462 +05:30  INF  Request starting HTTP/1.1 GET http://localhost:5250/swagger/v1/swagger.json - -
2023-02-13 17:25:46.465 +05:30  INF  Request finished HTTP/1.1 GET http://localhost:5250/swagger/v1/swagger.json - - - 200 - application/json;charset=utf-8 3.5786ms
2023-02-13 17:25:54.055 +05:30  INF  Request starting HTTP/1.1 GET http://localhost:5250/Hotel/ListOfAllHotels - -
2023-02-13 17:25:54.060 +05:30  INF  Executing endpoint 'HotelBooking.Controllers.HotelController.ListOfAllHotels (HotelBooking)'
2023-02-13 17:25:54.060 +05:30  INF  Route matched with {action = "ListOfAllHotels", controller = "Hotel"}. Executing controller action with signature Microsoft.AspNetCore.Mvc.IActionResult ListOfAllHotels() on controller HotelBooking.Controllers.HotelController (HotelBooking).
2023-02-13 17:27:12.880 +05:30  INF  Application is shutting down...
2023-02-13 17:27:35.732 +05:30  INF  User profile is available. Using '/Users/presidio/.aspnet/DataProtection-Keys' as key repository; keys will not be encrypted at rest.
2023-02-13 17:27:35.900 +05:30  INF  Now listening on: http://localhost:5250
2023-02-13 17:27:35.902 +05:30  INF  Application started. Press Ctrl+C to shut down.
2023-02-13 17:27:35.903 +05:30  INF  Hosting environment: Development
2023-02-13 17:27:35.903 +05:30  INF  Content root path: /Users/presidio/Projects/HotelBooking/HotelBooking
2023-02-13 17:27:36.569 +05:30  INF  Request starting HTTP/1.1 GET http://localhost:5250/swagger/index.html - -
2023-02-13 17:27:36.899 +05:30  INF  Request finished HTTP/1.1 GET http://localhost:5250/swagger/index.html - - - 200 - text/html;charset=utf-8 336.4927ms
2023-02-13 17:27:37.048 +05:30  INF  Request starting HTTP/1.1 GET http://localhost:5250/swagger/v1/swagger.json - -
2023-02-13 17:27:37.243 +05:30  INF  Request finished HTTP/1.1 GET http://localhost:5250/swagger/v1/swagger.json - - - 200 - application/json;charset=utf-8 194.8762ms
2023-02-13 17:27:43.854 +05:30  INF  Request starting HTTP/1.1 GET http://localhost:5250/Location/GetLocations - -
2023-02-13 17:27:43.870 +05:30  WRN  Failed to determine the https port for redirect.
2023-02-13 17:27:43.875 +05:30  INF  Executing endpoint 'HotelBooking.Controllers.LocationController.GetLocations (HotelBooking)'
2023-02-13 17:27:43.889 +05:30  INF  Route matched with {action = "GetLocations", controller = "Location"}. Executing controller action with signature Microsoft.AspNetCore.Mvc.IActionResult GetLocations() on controller HotelBooking.Controllers.LocationController (HotelBooking).
2023-02-13 17:27:50.752 +05:30  INF  Executed action HotelBooking.Controllers.LocationController.GetLocations (HotelBooking) in 6856.2979ms
2023-02-13 17:27:50.753 +05:30  INF  Executed endpoint 'HotelBooking.Controllers.LocationController.GetLocations (HotelBooking)'
2023-02-13 17:27:50.754 +05:30  ERR  An unhandled exception has occurred while executing the request.System.AggregateException: One or more errors occurred. (Unable to get IAM security credentials from EC2 Instance Metadata Service.)
 ---> Amazon.Runtime.AmazonServiceException: Unable to get IAM security credentials from EC2 Instance Metadata Service.
   at Amazon.Runtime.DefaultInstanceProfileAWSCredentials.FetchCredentials()
   at Amazon.Runtime.DefaultInstanceProfileAWSCredentials.GetCredentials()
   at Amazon.Runtime.DefaultInstanceProfileAWSCredentials.GetCredentialsAsync()
   at Amazon.Runtime.Internal.CredentialsRetriever.InvokeAsync[T](IExecutionContext executionContext)
   at Amazon.Runtime.Internal.RetryHandler.InvokeAsync[T](IExecutionContext executionContext)
   at Amazon.Runtime.Internal.RetryHandler.InvokeAsync[T](IExecutionContext executionContext)
   at Amazon.Runtime.Internal.CallbackHandler.InvokeAsync[T](IExecutionContext executionContext)
   at Amazon.Runtime.Internal.CallbackHandler.InvokeAsync[T](IExecutionContext executionContext)
   at Amazon.Runtime.Internal.ErrorCallbackHandler.InvokeAsync[T](IExecutionContext executionContext)
   at Amazon.Runtime.Internal.MetricsHandler.InvokeAsync[T](IExecutionContext executionContext)
   --- End of inner exception stack trace ---
   at HotelBooking.SecretManager.Services.SecretManagerService.GetSecret() in /Users/presidio/Projects/HotelBooking/HotelBooking.SecretManager/Services/SecretManagerService.cs:line 28
   at HotelBooking.SecretManager.Settings.ConfigSettings.Init() in /Users/presidio/Projects/HotelBooking/HotelBooking.SecretManager/Settings/ConfigSettings.cs:line 19
   at HotelBooking.SecretManager.Settings.ConfigSettings..ctor() in /Users/presidio/Projects/HotelBooking/HotelBooking.SecretManager/Settings/ConfigSettings.cs:line 15
   at System.RuntimeMethodHandle.InvokeMethod(Object target, Void** arguments, Signature sig, Boolean isConstructor)
   at System.Reflection.ConstructorInvoker.Invoke(Object obj, IntPtr* args, BindingFlags invokeAttr)
   at System.Reflection.RuntimeConstructorInfo.Invoke(BindingFlags invokeAttr, Binder binder, Object[] parameters, CultureInfo culture)
   at Microsoft.Extensions.DependencyInjection.ServiceLookup.CallSiteRuntimeResolver.VisitCache(ServiceCallSite callSite, RuntimeResolverContext context, ServiceProviderEngineScope serviceProviderEngine, RuntimeResolverLock lockType)
   at Microsoft.Extensions.DependencyInjection.ServiceLookup.CallSiteRuntimeResolver.VisitScopeCache(ServiceCallSite callSite, RuntimeResolverContext context)
   at Microsoft.Extensions.DependencyInjection.ServiceLookup.CallSiteVisitor`2.VisitCallSite(ServiceCallSite callSite, TArgument argument)
   at Microsoft.Extensions.DependencyInjection.ServiceLookup.CallSiteRuntimeResolver.VisitConstructor(ConstructorCallSite constructorCallSite, RuntimeResolverContext context)
   at Microsoft.Extensions.DependencyInjection.ServiceLookup.CallSiteRuntimeResolver.VisitCache(ServiceCallSite callSite, RuntimeResolverContext context, ServiceProviderEngineScope serviceProviderEngine, RuntimeResolverLock lockType)
   at Microsoft.Extensions.DependencyInjection.ServiceLookup.CallSiteRuntimeResolver.VisitScopeCache(ServiceCallSite callSite, RuntimeResolverContext context)
   at Microsoft.Extensions.DependencyInjection.ServiceLookup.CallSiteVisitor`2.VisitCallSite(ServiceCallSite callSite, TArgument argument)
   at Microsoft.Extensions.DependencyInjection.ServiceLookup.CallSiteRuntimeResolver.VisitConstructor(ConstructorCallSite constructorCallSite, RuntimeResolverContext context)
   at Microsoft.Extensions.DependencyInjection.ServiceLookup.CallSiteRuntimeResolver.VisitCache(ServiceCallSite callSite, RuntimeResolverContext context, ServiceProviderEngineScope serviceProviderEngine, RuntimeResolverLock lockType)
   at Microsoft.Extensions.DependencyInjection.ServiceLookup.CallSiteRuntimeResolver.VisitScopeCache(ServiceCallSite callSite, RuntimeResolverContext context)
   at Microsoft.Extensions.DependencyInjection.ServiceLookup.CallSiteVisitor`2.VisitCallSite(ServiceCallSite callSite, TArgument argument)
   at Microsoft.Extensions.DependencyInjection.ServiceLookup.CallSiteRuntimeResolver.Resolve(ServiceCallSite callSite, ServiceProviderEngineScope scope)
   at Microsoft.Extensions.DependencyInjection.ServiceLookup.DynamicServiceProviderEngine.<>c__DisplayClass2_0.<RealizeService>b__0(ServiceProviderEngineScope scope)
   at Microsoft.Extensions.DependencyInjection.ServiceProvider.GetService(Type serviceType, ServiceProviderEngineScope serviceProviderEngineScope)
   at Microsoft.Extensions.DependencyInjection.ActivatorUtilities.GetService(IServiceProvider sp, Type type, Type requiredBy, Boolean isDefaultParameterRequired)
   at lambda_method3(Closure, IServiceProvider, Object[])
   at Microsoft.AspNetCore.Mvc.Controllers.ControllerFactoryProvider.<>c__DisplayClass6_0.<CreateControllerFactory>g__CreateController|0(ControllerContext controllerContext)
   at Microsoft.AspNetCore.Mvc.Infrastructure.ControllerActionInvoker.Next(State& next, Scope& scope, Object& state, Boolean& isCompleted)
   at Microsoft.AspNetCore.Mvc.Infrastructure.ControllerActionInvoker.InvokeInnerFilterAsync()
--- End of stack trace from previous location ---
   at Microsoft.AspNetCore.Mvc.Infrastructure.ResourceInvoker.<InvokeFilterPipelineAsync>g__Awaited|20_0(ResourceInvoker invoker, Task lastTask, State next, Scope scope, Object state, Boolean isCompleted)
   at Microsoft.AspNetCore.Mvc.Infrastructure.ResourceInvoker.<InvokeAsync>g__Logged|17_1(ResourceInvoker invoker)
   at Microsoft.AspNetCore.Mvc.Infrastructure.ResourceInvoker.<InvokeAsync>g__Logged|17_1(ResourceInvoker invoker)
   at Microsoft.AspNetCore.Routing.EndpointMiddleware.<Invoke>g__AwaitRequestTask|6_0(Endpoint endpoint, Task requestTask, ILogger logger)
   at Microsoft.AspNetCore.Authorization.AuthorizationMiddleware.Invoke(HttpContext context)
   at Swashbuckle.AspNetCore.SwaggerUI.SwaggerUIMiddleware.Invoke(HttpContext httpContext)
   at Swashbuckle.AspNetCore.Swagger.SwaggerMiddleware.Invoke(HttpContext httpContext, ISwaggerProvider swaggerProvider)
   at Microsoft.AspNetCore.Authentication.AuthenticationMiddleware.Invoke(HttpContext context)
   at Microsoft.AspNetCore.Diagnostics.DeveloperExceptionPageMiddlewareImpl.Invoke(HttpContext context)

2023-02-13 17:27:50.777 +05:30  INF  Request finished HTTP/1.1 GET http://localhost:5250/Location/GetLocations - - - 500 - text/plain;+charset=utf-8 6923.8392ms
2023-02-13 17:28:54.123 +05:30  INF  Application is shutting down...
2023-02-13 17:28:56.648 +05:30  INF  User profile is available. Using '/Users/presidio/.aspnet/DataProtection-Keys' as key repository; keys will not be encrypted at rest.
2023-02-13 17:28:56.820 +05:30  INF  Now listening on: http://localhost:5250
2023-02-13 17:28:56.822 +05:30  INF  Application started. Press Ctrl+C to shut down.
2023-02-13 17:28:56.822 +05:30  INF  Hosting environment: Development
2023-02-13 17:28:56.823 +05:30  INF  Content root path: /Users/presidio/Projects/HotelBooking/HotelBooking
2023-02-13 17:28:57.034 +05:30  INF  Request starting HTTP/1.1 GET http://localhost:5250/swagger/index.html - -
2023-02-13 17:28:57.425 +05:30  INF  Request finished HTTP/1.1 GET http://localhost:5250/swagger/index.html - - - 200 - text/html;charset=utf-8 398.7624ms
2023-02-13 17:28:57.569 +05:30  INF  Request starting HTTP/1.1 GET http://localhost:5250/swagger/v1/swagger.json - -
2023-02-13 17:28:57.772 +05:30  INF  Request finished HTTP/1.1 GET http://localhost:5250/swagger/v1/swagger.json - - - 200 - application/json;charset=utf-8 202.5104ms
2023-02-13 17:29:02.116 +05:30  INF  Request starting HTTP/1.1 GET http://localhost:5250/Location/GetLocations - -
2023-02-13 17:29:02.130 +05:30  WRN  Failed to determine the https port for redirect.
2023-02-13 17:29:02.151 +05:30  INF  Executing endpoint 'HotelBooking.Controllers.LocationController.GetLocations (HotelBooking)'
2023-02-13 17:29:02.177 +05:30  INF  Route matched with {action = "GetLocations", controller = "Location"}. Executing controller action with signature Microsoft.AspNetCore.Mvc.IActionResult GetLocations() on controller HotelBooking.Controllers.LocationController (HotelBooking).
2023-02-13 17:29:12.771 +05:30  INF  Executed DbCommand (444ms) [Parameters=[], CommandType='"Text"', CommandTimeout='30']
SELECT [l].[locationId], [l].[location]
FROM [Location] AS [l]
2023-02-13 17:29:12.900 +05:30  INF  Executing OkObjectResult, writing value of type 'System.Collections.Generic.List`1[[HotelBooking.Models.Location, HotelBooking, Version=1.0.0.0, Culture=neutral, PublicKeyToken=null]]'.
2023-02-13 17:29:12.913 +05:30  INF  Executed action HotelBooking.Controllers.LocationController.GetLocations (HotelBooking) in 10727.1363ms
2023-02-13 17:29:12.913 +05:30  INF  Executed endpoint 'HotelBooking.Controllers.LocationController.GetLocations (HotelBooking)'
2023-02-13 17:29:12.928 +05:30  INF  Request finished HTTP/1.1 GET http://localhost:5250/Location/GetLocations - - - 200 - application/json;+charset=utf-8 10812.2773ms
2023-02-13 22:28:48.914 +05:30  INF  Application is shutting down...
2023-02-13 22:28:53.763 +05:30  INF  User profile is available. Using '/Users/presidio/.aspnet/DataProtection-Keys' as key repository; keys will not be encrypted at rest.
2023-02-13 22:28:53.976 +05:30  INF  Now listening on: http://localhost:5250
2023-02-13 22:28:53.980 +05:30  INF  Application started. Press Ctrl+C to shut down.
2023-02-13 22:28:53.980 +05:30  INF  Hosting environment: Development
2023-02-13 22:28:53.980 +05:30  INF  Content root path: /Users/presidio/Projects/HotelBooking/HotelBooking
2023-02-13 22:28:54.834 +05:30  INF  Request starting HTTP/1.1 GET http://localhost:5250/swagger/index.html - -
2023-02-13 22:28:55.619 +05:30  INF  Request finished HTTP/1.1 GET http://localhost:5250/swagger/index.html - - - 200 - text/html;charset=utf-8 787.2438ms
2023-02-13 22:28:55.683 +05:30  INF  Request starting HTTP/1.1 GET http://localhost:5250/swagger/swagger-ui-bundle.js - -
2023-02-13 22:28:55.718 +05:30  INF  Sending file. Request path: '/swagger-ui-bundle.js'. Physical path: 'N/A'
2023-02-13 22:28:55.721 +05:30  INF  Request finished HTTP/1.1 GET http://localhost:5250/swagger/swagger-ui-bundle.js - - - 200 1061536 text/javascript 38.1281ms
2023-02-13 22:28:56.373 +05:30  INF  Request starting HTTP/1.1 GET http://localhost:5250/swagger/v1/swagger.json - -
2023-02-13 22:28:56.573 +05:30  INF  Request finished HTTP/1.1 GET http://localhost:5250/swagger/v1/swagger.json - - - 200 - application/json;charset=utf-8 200.1384ms
2023-02-13 22:33:37.243 +05:30  INF  Application is shutting down...
2023-02-13 22:33:40.574 +05:30  INF  User profile is available. Using '/Users/presidio/.aspnet/DataProtection-Keys' as key repository; keys will not be encrypted at rest.
2023-02-13 22:33:40.982 +05:30  INF  Now listening on: http://localhost:5250
2023-02-13 22:33:40.985 +05:30  INF  Application started. Press Ctrl+C to shut down.
2023-02-13 22:33:40.985 +05:30  INF  Hosting environment: Development
2023-02-13 22:33:40.985 +05:30  INF  Content root path: /Users/presidio/Projects/HotelBooking/HotelBooking
2023-02-13 22:33:41.444 +05:30  INF  Request starting HTTP/1.1 GET http://localhost:5250/swagger/index.html - -
2023-02-13 22:33:42.009 +05:30  INF  Request finished HTTP/1.1 GET http://localhost:5250/swagger/index.html - - - 200 - text/html;charset=utf-8 571.3161ms
2023-02-13 22:33:42.351 +05:30  INF  Request starting HTTP/1.1 GET http://localhost:5250/swagger/v1/swagger.json - -
2023-02-13 22:33:42.563 +05:30  INF  Request finished HTTP/1.1 GET http://localhost:5250/swagger/v1/swagger.json - - - 200 - application/json;charset=utf-8 212.5830ms
